2026-02-10T04:44:41.965561Z  INFO tailwindcss_oxide::scanner: Provided sources:
2026-02-10T04:44:41.965690Z  INFO tailwindcss_oxide::scanner: Source: PublicSourceEntry { base: "D:\\Gawean Rebinmas\\Schedule Tracker\\schedule-tracker", pattern: "**/*", negated: false }
2026-02-10T04:44:41.965989Z  INFO tailwindcss_oxide::scanner: Optimized sources:
2026-02-10T04:44:41.966021Z  INFO tailwindcss_oxide::scanner: Source: Auto { base: "D:\\Gawean Rebinmas\\Schedule Tracker\\schedule-tracker" }
2026-02-10T04:44:41.967834Z  INFO scan_sources: tailwindcss_oxide::scanner: enter
2026-02-10T04:44:41.969110Z  INFO scan_sources: tailwindcss_oxide::scanner: Discovering "D:\\Gawean Rebinmas\\Schedule Tracker\\schedule-tracker\\app"
2026-02-10T04:44:41.969408Z  INFO scan_sources: tailwindcss_oxide::scanner: Discovering "D:\\Gawean Rebinmas\\Schedule Tracker\\schedule-tracker\\app\\actions"
2026-02-10T04:44:41.969532Z  INFO scan_sources: tailwindcss_oxide::scanner: Discovering "D:\\Gawean Rebinmas\\Schedule Tracker\\schedule-tracker\\app\\actions\\auth.ts"
2026-02-10T04:44:41.969588Z  INFO scan_sources: tailwindcss_oxide::scanner: Discovering "D:\\Gawean Rebinmas\\Schedule Tracker\\schedule-tracker\\app\\actions\\dashboard.ts"
2026-02-10T04:44:41.969637Z  INFO scan_sources: tailwindcss_oxide::scanner: Discovering "D:\\Gawean Rebinmas\\Schedule Tracker\\schedule-tracker\\app\\actions\\project.ts"
2026-02-10T04:44:41.969683Z  INFO scan_sources: tailwindcss_oxide::scanner: Discovering "D:\\Gawean Rebinmas\\Schedule Tracker\\schedule-tracker\\app\\actions\\task.ts"
2026-02-10T04:44:41.969728Z  INFO scan_sources: tailwindcss_oxide::scanner: Discovering "D:\\Gawean Rebinmas\\Schedule Tracker\\schedule-tracker\\app\\actions\\user.ts"
2026-02-10T04:44:41.969819Z  INFO scan_sources: tailwindcss_oxide::scanner: Discovering "D:\\Gawean Rebinmas\\Schedule Tracker\\schedule-tracker\\app\\api"
2026-02-10T04:44:41.969945Z  INFO scan_sources: tailwindcss_oxide::scanner: Discovering "D:\\Gawean Rebinmas\\Schedule Tracker\\schedule-tracker\\app\\api\\logout"
2026-02-10T04:44:41.970050Z  INFO scan_sources: tailwindcss_oxide::scanner: Discovering "D:\\Gawean Rebinmas\\Schedule Tracker\\schedule-tracker\\app\\api\\logout\\route.ts"
2026-02-10T04:44:41.970135Z  INFO scan_sources: tailwindcss_oxide::scanner: Discovering "D:\\Gawean Rebinmas\\Schedule Tracker\\schedule-tracker\\app\\api\\projects"
2026-02-10T04:44:41.970230Z  INFO scan_sources: tailwindcss_oxide::scanner: Discovering "D:\\Gawean Rebinmas\\Schedule Tracker\\schedule-tracker\\app\\api\\projects\\route.ts"
2026-02-10T04:44:41.970304Z  INFO scan_sources: tailwindcss_oxide::scanner: Discovering "D:\\Gawean Rebinmas\\Schedule Tracker\\schedule-tracker\\app\\api\\projects\\[id]"
2026-02-10T04:44:41.970427Z  INFO scan_sources: tailwindcss_oxide::scanner: Discovering "D:\\Gawean Rebinmas\\Schedule Tracker\\schedule-tracker\\app\\api\\projects\\[id]\\canvas"
2026-02-10T04:44:41.970530Z  INFO scan_sources: tailwindcss_oxide::scanner: Discovering "D:\\Gawean Rebinmas\\Schedule Tracker\\schedule-tracker\\app\\api\\projects\\[id]\\canvas\\route.ts"
2026-02-10T04:44:41.970623Z  INFO scan_sources: tailwindcss_oxide::scanner: Discovering "D:\\Gawean Rebinmas\\Schedule Tracker\\schedule-tracker\\app\\api\\projects\\[id]\\dashboard"
2026-02-10T04:44:41.970733Z  INFO scan_sources: tailwindcss_oxide::scanner: Discovering "D:\\Gawean Rebinmas\\Schedule Tracker\\schedule-tracker\\app\\api\\projects\\[id]\\dashboard\\route.ts"
2026-02-10T04:44:41.970808Z  INFO scan_sources: tailwindcss_oxide::scanner: Discovering "D:\\Gawean Rebinmas\\Schedule Tracker\\schedule-tracker\\app\\api\\projects\\[id]\\route.ts"
2026-02-10T04:44:41.970961Z  INFO scan_sources: tailwindcss_oxide::scanner: Discovering "D:\\Gawean Rebinmas\\Schedule Tracker\\schedule-tracker\\app\\api\\seed"
2026-02-10T04:44:41.971054Z  INFO scan_sources: tailwindcss_oxide::scanner: Discovering "D:\\Gawean Rebinmas\\Schedule Tracker\\schedule-tracker\\app\\api\\seed\\route.ts"
2026-02-10T04:44:41.971129Z  INFO scan_sources: tailwindcss_oxide::scanner: Discovering "D:\\Gawean Rebinmas\\Schedule Tracker\\schedule-tracker\\app\\api\\statuses"
2026-02-10T04:44:41.971278Z  INFO scan_sources: tailwindcss_oxide::scanner: Discovering "D:\\Gawean Rebinmas\\Schedule Tracker\\schedule-tracker\\app\\api\\statuses\\route.ts"
2026-02-10T04:44:41.971359Z  INFO scan_sources: tailwindcss_oxide::scanner: Discovering "D:\\Gawean Rebinmas\\Schedule Tracker\\schedule-tracker\\app\\api\\tasks"
2026-02-10T04:44:41.971445Z  INFO scan_sources: tailwindcss_oxide::scanner: Discovering "D:\\Gawean Rebinmas\\Schedule Tracker\\schedule-tracker\\app\\api\\tasks\\route.ts"
2026-02-10T04:44:41.971508Z  INFO scan_sources: tailwindcss_oxide::scanner: Discovering "D:\\Gawean Rebinmas\\Schedule Tracker\\schedule-tracker\\app\\api\\tasks\\[id]"
2026-02-10T04:44:41.971597Z  INFO scan_sources: tailwindcss_oxide::scanner: Discovering "D:\\Gawean Rebinmas\\Schedule Tracker\\schedule-tracker\\app\\api\\tasks\\[id]\\route.ts"
2026-02-10T04:44:41.971683Z  INFO scan_sources: tailwindcss_oxide::scanner: Discovering "D:\\Gawean Rebinmas\\Schedule Tracker\\schedule-tracker\\app\\api\\user"
2026-02-10T04:44:41.971773Z  INFO scan_sources: tailwindcss_oxide::scanner: Discovering "D:\\Gawean Rebinmas\\Schedule Tracker\\schedule-tracker\\app\\api\\user\\route.ts"
2026-02-10T04:44:41.971866Z  INFO scan_sources: tailwindcss_oxide::scanner: Discovering "D:\\Gawean Rebinmas\\Schedule Tracker\\schedule-tracker\\app\\auth"
2026-02-10T04:44:41.971991Z  INFO scan_sources: tailwindcss_oxide::scanner: Discovering "D:\\Gawean Rebinmas\\Schedule Tracker\\schedule-tracker\\app\\auth\\login"
2026-02-10T04:44:41.972079Z  INFO scan_sources: tailwindcss_oxide::scanner: Discovering "D:\\Gawean Rebinmas\\Schedule Tracker\\schedule-tracker\\app\\auth\\login\\page.tsx"
2026-02-10T04:44:41.972159Z  INFO scan_sources: tailwindcss_oxide::scanner: Discovering "D:\\Gawean Rebinmas\\Schedule Tracker\\schedule-tracker\\app\\auth\\register"
2026-02-10T04:44:41.972246Z  INFO scan_sources: tailwindcss_oxide::scanner: Discovering "D:\\Gawean Rebinmas\\Schedule Tracker\\schedule-tracker\\app\\auth\\register\\page.tsx"
2026-02-10T04:44:41.972338Z  INFO scan_sources: tailwindcss_oxide::scanner: Discovering "D:\\Gawean Rebinmas\\Schedule Tracker\\schedule-tracker\\app\\dashboard"
2026-02-10T04:44:41.972424Z  INFO scan_sources: tailwindcss_oxide::scanner: Discovering "D:\\Gawean Rebinmas\\Schedule Tracker\\schedule-tracker\\app\\dashboard\\page.tsx"
2026-02-10T04:44:41.972489Z  INFO scan_sources: tailwindcss_oxide::scanner: Discovering "D:\\Gawean Rebinmas\\Schedule Tracker\\schedule-tracker\\app\\globals.css"
2026-02-10T04:44:41.972534Z  INFO scan_sources: tailwindcss_oxide::scanner: Discovering "D:\\Gawean Rebinmas\\Schedule Tracker\\schedule-tracker\\app\\layout.tsx"
2026-02-10T04:44:41.972577Z  INFO scan_sources: tailwindcss_oxide::scanner: Discovering "D:\\Gawean Rebinmas\\Schedule Tracker\\schedule-tracker\\app\\page.tsx"
2026-02-10T04:44:41.972641Z  INFO scan_sources: tailwindcss_oxide::scanner: Discovering "D:\\Gawean Rebinmas\\Schedule Tracker\\schedule-tracker\\app\\projects"
2026-02-10T04:44:41.972726Z  INFO scan_sources: tailwindcss_oxide::scanner: Discovering "D:\\Gawean Rebinmas\\Schedule Tracker\\schedule-tracker\\app\\projects\\page.tsx"
2026-02-10T04:44:41.972791Z  INFO scan_sources: tailwindcss_oxide::scanner: Discovering "D:\\Gawean Rebinmas\\Schedule Tracker\\schedule-tracker\\app\\projects\\[id]"
2026-02-10T04:44:41.972899Z  INFO scan_sources: tailwindcss_oxide::scanner: Discovering "D:\\Gawean Rebinmas\\Schedule Tracker\\schedule-tracker\\app\\projects\\[id]\\board"
2026-02-10T04:44:41.973001Z  INFO scan_sources: tailwindcss_oxide::scanner: Discovering "D:\\Gawean Rebinmas\\Schedule Tracker\\schedule-tracker\\app\\projects\\[id]\\board\\BoardPageClient.tsx"
2026-02-10T04:44:41.973045Z  INFO scan_sources: tailwindcss_oxide::scanner: Discovering "D:\\Gawean Rebinmas\\Schedule Tracker\\schedule-tracker\\app\\projects\\[id]\\board\\page.tsx"
2026-02-10T04:44:41.973109Z  INFO scan_sources: tailwindcss_oxide::scanner: Discovering "D:\\Gawean Rebinmas\\Schedule Tracker\\schedule-tracker\\app\\projects\\[id]\\board\\[taskId]"
2026-02-10T04:44:41.973227Z  INFO scan_sources: tailwindcss_oxide::scanner: Discovering "D:\\Gawean Rebinmas\\Schedule Tracker\\schedule-tracker\\app\\projects\\[id]\\board\\[taskId]\\page.tsx"
2026-02-10T04:44:41.973316Z  INFO scan_sources: tailwindcss_oxide::scanner: Discovering "D:\\Gawean Rebinmas\\Schedule Tracker\\schedule-tracker\\app\\projects\\[id]\\dashboard"
2026-02-10T04:44:41.973410Z  INFO scan_sources: tailwindcss_oxide::scanner: Discovering "D:\\Gawean Rebinmas\\Schedule Tracker\\schedule-tracker\\app\\projects\\[id]\\page.tsx"
2026-02-10T04:44:41.973464Z  INFO scan_sources: tailwindcss_oxide::scanner: Discovering "D:\\Gawean Rebinmas\\Schedule Tracker\\schedule-tracker\\app\\projects\\[id]\\ProjectBoardClient.tsx"
2026-02-10T04:44:41.973557Z  INFO scan_sources: tailwindcss_oxide::scanner: Discovering "D:\\Gawean Rebinmas\\Schedule Tracker\\schedule-tracker\\app\\settings"
2026-02-10T04:44:41.973644Z  INFO scan_sources: tailwindcss_oxide::scanner: Discovering "D:\\Gawean Rebinmas\\Schedule Tracker\\schedule-tracker\\app\\settings\\page.tsx"
2026-02-10T04:44:41.973717Z  INFO scan_sources: tailwindcss_oxide::scanner: Discovering "D:\\Gawean Rebinmas\\Schedule Tracker\\schedule-tracker\\app\\users"
2026-02-10T04:44:41.973804Z  INFO scan_sources: tailwindcss_oxide::scanner: Discovering "D:\\Gawean Rebinmas\\Schedule Tracker\\schedule-tracker\\app\\users\\page.tsx"
2026-02-10T04:44:41.973878Z  INFO scan_sources: tailwindcss_oxide::scanner: Discovering "D:\\Gawean Rebinmas\\Schedule Tracker\\schedule-tracker\\AUTOMATED_COMMIT_README.md"
2026-02-10T04:44:41.973935Z  INFO scan_sources: tailwindcss_oxide::scanner: Discovering "D:\\Gawean Rebinmas\\Schedule Tracker\\schedule-tracker\\commit-and-push.bat"
2026-02-10T04:44:41.973979Z  INFO scan_sources: tailwindcss_oxide::scanner: Discovering "D:\\Gawean Rebinmas\\Schedule Tracker\\schedule-tracker\\commit-and-push.js"
2026-02-10T04:44:41.974024Z  INFO scan_sources: tailwindcss_oxide::scanner: Discovering "D:\\Gawean Rebinmas\\Schedule Tracker\\schedule-tracker\\commit-and-push.ps1"
2026-02-10T04:44:41.974067Z  INFO scan_sources: tailwindcss_oxide::scanner: Discovering "D:\\Gawean Rebinmas\\Schedule Tracker\\schedule-tracker\\commit-and-push.sh"
2026-02-10T04:44:41.974154Z  INFO scan_sources: tailwindcss_oxide::scanner: Discovering "D:\\Gawean Rebinmas\\Schedule Tracker\\schedule-tracker\\components"
2026-02-10T04:44:41.974245Z  INFO scan_sources: tailwindcss_oxide::scanner: Discovering "D:\\Gawean Rebinmas\\Schedule Tracker\\schedule-tracker\\components\\AppShell.tsx"
2026-02-10T04:44:41.974308Z  INFO scan_sources: tailwindcss_oxide::scanner: Discovering "D:\\Gawean Rebinmas\\Schedule Tracker\\schedule-tracker\\components\\auth"
2026-02-10T04:44:41.974395Z  INFO scan_sources: tailwindcss_oxide::scanner: Discovering "D:\\Gawean Rebinmas\\Schedule Tracker\\schedule-tracker\\components\\auth\\login-form.tsx"
2026-02-10T04:44:41.974454Z  INFO scan_sources: tailwindcss_oxide::scanner: Discovering "D:\\Gawean Rebinmas\\Schedule Tracker\\schedule-tracker\\components\\auth\\register-form.tsx"
2026-02-10T04:44:41.974497Z  INFO scan_sources: tailwindcss_oxide::scanner: Discovering "D:\\Gawean Rebinmas\\Schedule Tracker\\schedule-tracker\\components\\auth\\user-menu.tsx"
2026-02-10T04:44:41.974551Z  INFO scan_sources: tailwindcss_oxide::scanner: Discovering "D:\\Gawean Rebinmas\\Schedule Tracker\\schedule-tracker\\components\\Breadcrumbs.tsx"
2026-02-10T04:44:41.974593Z  INFO scan_sources: tailwindcss_oxide::scanner: Discovering "D:\\Gawean Rebinmas\\Schedule Tracker\\schedule-tracker\\components\\CanvasBoard.tsx"
2026-02-10T04:44:41.974637Z  INFO scan_sources: tailwindcss_oxide::scanner: Discovering "D:\\Gawean Rebinmas\\Schedule Tracker\\schedule-tracker\\components\\CreateTaskDialog.tsx"
2026-02-10T04:44:41.974704Z  INFO scan_sources: tailwindcss_oxide::scanner: Discovering "D:\\Gawean Rebinmas\\Schedule Tracker\\schedule-tracker\\components\\dashboard"
2026-02-10T04:44:41.974789Z  INFO scan_sources: tailwindcss_oxide::scanner: Discovering "D:\\Gawean Rebinmas\\Schedule Tracker\\schedule-tracker\\components\\dashboard\\Dashboard.tsx"
2026-02-10T04:44:41.974833Z  INFO scan_sources: tailwindcss_oxide::scanner: Discovering "D:\\Gawean Rebinmas\\Schedule Tracker\\schedule-tracker\\components\\dashboard\\ProgressBar.tsx"
2026-02-10T04:44:41.974875Z  INFO scan_sources: tailwindcss_oxide::scanner: Discovering "D:\\Gawean Rebinmas\\Schedule Tracker\\schedule-tracker\\components\\dashboard\\StatCards.tsx"
2026-02-10T04:44:41.974959Z  INFO scan_sources: tailwindcss_oxide::scanner: Discovering "D:\\Gawean Rebinmas\\Schedule Tracker\\schedule-tracker\\components\\editor"
2026-02-10T04:44:41.975049Z  INFO scan_sources: tailwindcss_oxide::scanner: Discovering "D:\\Gawean Rebinmas\\Schedule Tracker\\schedule-tracker\\components\\editor\\.gitkeep"
2026-02-10T04:44:41.975092Z  INFO scan_sources: tailwindcss_oxide::scanner: Discovering "D:\\Gawean Rebinmas\\Schedule Tracker\\schedule-tracker\\components\\editor\\BlockEditor.tsx"
2026-02-10T04:44:41.975153Z  INFO scan_sources: tailwindcss_oxide::scanner: Discovering "D:\\Gawean Rebinmas\\Schedule Tracker\\schedule-tracker\\components\\editor\\components"
2026-02-10T04:44:41.975246Z  INFO scan_sources: tailwindcss_oxide::scanner: Discovering "D:\\Gawean Rebinmas\\Schedule Tracker\\schedule-tracker\\components\\editor\\EditorMenuBar.tsx"
2026-02-10T04:44:41.975287Z  INFO scan_sources: tailwindcss_oxide::scanner: Discovering "D:\\Gawean Rebinmas\\Schedule Tracker\\schedule-tracker\\components\\editor\\NovelEditor.tsx"
2026-02-10T04:44:41.975340Z  INFO scan_sources: tailwindcss_oxide::scanner: Discovering "D:\\Gawean Rebinmas\\Schedule Tracker\\schedule-tracker\\components\\ExcalidrawWrapper.tsx"
2026-02-10T04:44:41.975403Z  INFO scan_sources: tailwindcss_oxide::scanner: Discovering "D:\\Gawean Rebinmas\\Schedule Tracker\\schedule-tracker\\components\\kanban"
2026-02-10T04:44:41.975486Z  INFO scan_sources: tailwindcss_oxide::scanner: Discovering "D:\\Gawean Rebinmas\\Schedule Tracker\\schedule-tracker\\components\\kanban\\.gitkeep"
2026-02-10T04:44:41.975528Z  INFO scan_sources: tailwindcss_oxide::scanner: Discovering "D:\\Gawean Rebinmas\\Schedule Tracker\\schedule-tracker\\components\\kanban\\KanbanColumn.tsx"
2026-02-10T04:44:41.975570Z  INFO scan_sources: tailwindcss_oxide::scanner: Discovering "D:\\Gawean Rebinmas\\Schedule Tracker\\schedule-tracker\\components\\kanban\\KanbanHeader.tsx"
2026-02-10T04:44:41.975623Z  INFO scan_sources: tailwindcss_oxide::scanner: Discovering "D:\\Gawean Rebinmas\\Schedule Tracker\\schedule-tracker\\components\\KanbanBoard.tsx"
2026-02-10T04:44:41.975672Z  INFO scan_sources: tailwindcss_oxide::scanner: Discovering "D:\\Gawean Rebinmas\\Schedule Tracker\\schedule-tracker\\components\\KanbanTask.tsx"
2026-02-10T04:44:41.975713Z  INFO scan_sources: tailwindcss_oxide::scanner: Discovering "D:\\Gawean Rebinmas\\Schedule Tracker\\schedule-tracker\\components\\layout-provider.tsx"
2026-02-10T04:44:41.975754Z  INFO scan_sources: tailwindcss_oxide::scanner: Discovering "D:\\Gawean Rebinmas\\Schedule Tracker\\schedule-tracker\\components\\LayoutSwitcher.tsx"
2026-02-10T04:44:41.975818Z  INFO scan_sources: tailwindcss_oxide::scanner: Discovering "D:\\Gawean Rebinmas\\Schedule Tracker\\schedule-tracker\\components\\notifications"
2026-02-10T04:44:41.975915Z  INFO scan_sources: tailwindcss_oxide::scanner: Discovering "D:\\Gawean Rebinmas\\Schedule Tracker\\schedule-tracker\\components\\notifications\\.gitkeep"
2026-02-10T04:44:41.975959Z  INFO scan_sources: tailwindcss_oxide::scanner: Discovering "D:\\Gawean Rebinmas\\Schedule Tracker\\schedule-tracker\\components\\notifications\\DeadlineAlertBar.tsx"
2026-02-10T04:44:41.976012Z  INFO scan_sources: tailwindcss_oxide::scanner: Discovering "D:\\Gawean Rebinmas\\Schedule Tracker\\schedule-tracker\\components\\QuickActions.tsx"
2026-02-10T04:44:41.976053Z  INFO scan_sources: tailwindcss_oxide::scanner: Discovering "D:\\Gawean Rebinmas\\Schedule Tracker\\schedule-tracker\\components\\RichTextEditor.tsx"
2026-02-10T04:44:41.976113Z  INFO scan_sources: tailwindcss_oxide::scanner: Discovering "D:\\Gawean Rebinmas\\Schedule Tracker\\schedule-tracker\\components\\shared"
2026-02-10T04:44:41.976230Z  INFO scan_sources: tailwindcss_oxide::scanner: Discovering "D:\\Gawean Rebinmas\\Schedule Tracker\\schedule-tracker\\components\\Sidebar.tsx"
2026-02-10T04:44:41.976274Z  INFO scan_sources: tailwindcss_oxide::scanner: Discovering "D:\\Gawean Rebinmas\\Schedule Tracker\\schedule-tracker\\components\\SkipLink.tsx"
2026-02-10T04:44:41.976348Z  INFO scan_sources: tailwindcss_oxide::scanner: Discovering "D:\\Gawean Rebinmas\\Schedule Tracker\\schedule-tracker\\components\\task"
2026-02-10T04:44:41.976431Z  INFO scan_sources: tailwindcss_oxide::scanner: Discovering "D:\\Gawean Rebinmas\\Schedule Tracker\\schedule-tracker\\components\\task\\.gitkeep"
2026-02-10T04:44:41.976473Z  INFO scan_sources: tailwindcss_oxide::scanner: Discovering "D:\\Gawean Rebinmas\\Schedule Tracker\\schedule-tracker\\components\\task\\index.ts"
2026-02-10T04:44:41.976515Z  INFO scan_sources: tailwindcss_oxide::scanner: Discovering "D:\\Gawean Rebinmas\\Schedule Tracker\\schedule-tracker\\components\\task\\TaskDescriptionEditor.tsx"
2026-02-10T04:44:41.976569Z  INFO scan_sources: tailwindcss_oxide::scanner: Discovering "D:\\Gawean Rebinmas\\Schedule Tracker\\schedule-tracker\\components\\task\\TaskDetailHeader.tsx"
2026-02-10T04:44:41.976612Z  INFO scan_sources: tailwindcss_oxide::scanner: Discovering "D:\\Gawean Rebinmas\\Schedule Tracker\\schedule-tracker\\components\\task\\TaskMetadata.tsx"
2026-02-10T04:44:41.976664Z  INFO scan_sources: tailwindcss_oxide::scanner: Discovering "D:\\Gawean Rebinmas\\Schedule Tracker\\schedule-tracker\\components\\theme-provider.tsx"
2026-02-10T04:44:41.976705Z  INFO scan_sources: tailwindcss_oxide::scanner: Discovering "D:\\Gawean Rebinmas\\Schedule Tracker\\schedule-tracker\\components\\theme-toggle.tsx"
2026-02-10T04:44:41.976773Z  INFO scan_sources: tailwindcss_oxide::scanner: Discovering "D:\\Gawean Rebinmas\\Schedule Tracker\\schedule-tracker\\components\\ui"
2026-02-10T04:44:41.976860Z  INFO scan_sources: tailwindcss_oxide::scanner: Discovering "D:\\Gawean Rebinmas\\Schedule Tracker\\schedule-tracker\\components\\ui\\avatar.tsx"
2026-02-10T04:44:41.976901Z  INFO scan_sources: tailwindcss_oxide::scanner: Discovering "D:\\Gawean Rebinmas\\Schedule Tracker\\schedule-tracker\\components\\ui\\badge.tsx"
2026-02-10T04:44:41.976943Z  INFO scan_sources: tailwindcss_oxide::scanner: Discovering "D:\\Gawean Rebinmas\\Schedule Tracker\\schedule-tracker\\components\\ui\\button.tsx"
2026-02-10T04:44:41.976993Z  INFO scan_sources: tailwindcss_oxide::scanner: Discovering "D:\\Gawean Rebinmas\\Schedule Tracker\\schedule-tracker\\components\\ui\\card.tsx"
2026-02-10T04:44:41.977033Z  INFO scan_sources: tailwindcss_oxide::scanner: Discovering "D:\\Gawean Rebinmas\\Schedule Tracker\\schedule-tracker\\components\\ui\\dialog.tsx"
2026-02-10T04:44:41.977074Z  INFO scan_sources: tailwindcss_oxide::scanner: Discovering "D:\\Gawean Rebinmas\\Schedule Tracker\\schedule-tracker\\components\\ui\\input.tsx"
2026-02-10T04:44:41.977114Z  INFO scan_sources: tailwindcss_oxide::scanner: Discovering "D:\\Gawean Rebinmas\\Schedule Tracker\\schedule-tracker\\components\\ui\\label.tsx"
2026-02-10T04:44:41.977155Z  INFO scan_sources: tailwindcss_oxide::scanner: Discovering "D:\\Gawean Rebinmas\\Schedule Tracker\\schedule-tracker\\components\\ui\\progress.tsx"
2026-02-10T04:44:41.977195Z  INFO scan_sources: tailwindcss_oxide::scanner: Discovering "D:\\Gawean Rebinmas\\Schedule Tracker\\schedule-tracker\\components\\ui\\separator.tsx"
2026-02-10T04:44:41.977236Z  INFO scan_sources: tailwindcss_oxide::scanner: Discovering "D:\\Gawean Rebinmas\\Schedule Tracker\\schedule-tracker\\components\\ui\\skeleton.tsx"
2026-02-10T04:44:41.977275Z  INFO scan_sources: tailwindcss_oxide::scanner: Discovering "D:\\Gawean Rebinmas\\Schedule Tracker\\schedule-tracker\\components\\ui\\textarea.tsx"
2026-02-10T04:44:41.977316Z  INFO scan_sources: tailwindcss_oxide::scanner: Discovering "D:\\Gawean Rebinmas\\Schedule Tracker\\schedule-tracker\\components\\ui\\toast.tsx"
2026-02-10T04:44:41.977359Z  INFO scan_sources: tailwindcss_oxide::scanner: Discovering "D:\\Gawean Rebinmas\\Schedule Tracker\\schedule-tracker\\components\\ui\\toaster.tsx"
2026-02-10T04:44:41.977400Z  INFO scan_sources: tailwindcss_oxide::scanner: Discovering "D:\\Gawean Rebinmas\\Schedule Tracker\\schedule-tracker\\components\\ui\\tooltip.tsx"
2026-02-10T04:44:41.977440Z  INFO scan_sources: tailwindcss_oxide::scanner: Discovering "D:\\Gawean Rebinmas\\Schedule Tracker\\schedule-tracker\\components\\ui\\use-toast.ts"
2026-02-10T04:44:41.977516Z  INFO scan_sources: tailwindcss_oxide::scanner: Discovering "D:\\Gawean Rebinmas\\Schedule Tracker\\schedule-tracker\\components\\users"
2026-02-10T04:44:41.977599Z  INFO scan_sources: tailwindcss_oxide::scanner: Discovering "D:\\Gawean Rebinmas\\Schedule Tracker\\schedule-tracker\\components\\users\\add-user-dialog.tsx"
2026-02-10T04:44:41.977640Z  INFO scan_sources: tailwindcss_oxide::scanner: Discovering "D:\\Gawean Rebinmas\\Schedule Tracker\\schedule-tracker\\components\\users\\user-list.tsx"
2026-02-10T04:44:41.977732Z  INFO scan_sources: tailwindcss_oxide::scanner: Discovering "D:\\Gawean Rebinmas\\Schedule Tracker\\schedule-tracker\\docs"
2026-02-10T04:44:41.977833Z  INFO scan_sources: tailwindcss_oxide::scanner: Discovering "D:\\Gawean Rebinmas\\Schedule Tracker\\schedule-tracker\\docs\\plans"
2026-02-10T04:44:41.977917Z  INFO scan_sources: tailwindcss_oxide::scanner: Discovering "D:\\Gawean Rebinmas\\Schedule Tracker\\schedule-tracker\\docs\\plans\\2026-02-09-schedule-tracker-2.0-design.md"
2026-02-10T04:44:41.977961Z  INFO scan_sources: tailwindcss_oxide::scanner: Discovering "D:\\Gawean Rebinmas\\Schedule Tracker\\schedule-tracker\\docs\\plans\\2026-02-09-schedule-tracker-implementation.md"
2026-02-10T04:44:41.978028Z  INFO scan_sources: tailwindcss_oxide::scanner: Discovering "D:\\Gawean Rebinmas\\Schedule Tracker\\schedule-tracker\\eslint.config.mjs"
2026-02-10T04:44:41.978092Z  INFO scan_sources: tailwindcss_oxide::scanner: Discovering "D:\\Gawean Rebinmas\\Schedule Tracker\\schedule-tracker\\lib"
2026-02-10T04:44:41.978197Z  INFO scan_sources: tailwindcss_oxide::scanner: Discovering "D:\\Gawean Rebinmas\\Schedule Tracker\\schedule-tracker\\lib\\api"
2026-02-10T04:44:41.978280Z  INFO scan_sources: tailwindcss_oxide::scanner: Discovering "D:\\Gawean Rebinmas\\Schedule Tracker\\schedule-tracker\\lib\\api\\projects.ts"
2026-02-10T04:44:41.978320Z  INFO scan_sources: tailwindcss_oxide::scanner: Discovering "D:\\Gawean Rebinmas\\Schedule Tracker\\schedule-tracker\\lib\\api\\statuses.ts"
2026-02-10T04:44:41.978360Z  INFO scan_sources: tailwindcss_oxide::scanner: Discovering "D:\\Gawean Rebinmas\\Schedule Tracker\\schedule-tracker\\lib\\api\\tasks.ts"
2026-02-10T04:44:41.978401Z  INFO scan_sources: tailwindcss_oxide::scanner: Discovering "D:\\Gawean Rebinmas\\Schedule Tracker\\schedule-tracker\\lib\\api\\users.ts"
2026-02-10T04:44:41.978453Z  INFO scan_sources: tailwindcss_oxide::scanner: Discovering "D:\\Gawean Rebinmas\\Schedule Tracker\\schedule-tracker\\lib\\auth.ts"
2026-02-10T04:44:41.978494Z  INFO scan_sources: tailwindcss_oxide::scanner: Discovering "D:\\Gawean Rebinmas\\Schedule Tracker\\schedule-tracker\\lib\\deadline-utils.ts"
2026-02-10T04:44:41.978536Z  INFO scan_sources: tailwindcss_oxide::scanner: Discovering "D:\\Gawean Rebinmas\\Schedule Tracker\\schedule-tracker\\lib\\editor-utils.ts"
2026-02-10T04:44:41.978576Z  INFO scan_sources: tailwindcss_oxide::scanner: Discovering "D:\\Gawean Rebinmas\\Schedule Tracker\\schedule-tracker\\lib\\prisma.ts"
2026-02-10T04:44:41.978616Z  INFO scan_sources: tailwindcss_oxide::scanner: Discovering "D:\\Gawean Rebinmas\\Schedule Tracker\\schedule-tracker\\lib\\theme-utils.ts"
2026-02-10T04:44:41.978656Z  INFO scan_sources: tailwindcss_oxide::scanner: Discovering "D:\\Gawean Rebinmas\\Schedule Tracker\\schedule-tracker\\lib\\utils.ts"
2026-02-10T04:44:41.978710Z  INFO scan_sources: tailwindcss_oxide::scanner: Discovering "D:\\Gawean Rebinmas\\Schedule Tracker\\schedule-tracker\\middleware.ts"
2026-02-10T04:44:41.978759Z  INFO scan_sources: tailwindcss_oxide::scanner: Discovering "D:\\Gawean Rebinmas\\Schedule Tracker\\schedule-tracker\\next.config.ts"
2026-02-10T04:44:41.978907Z  INFO scan_sources: tailwindcss_oxide::scanner: Discovering "D:\\Gawean Rebinmas\\Schedule Tracker\\schedule-tracker\\package.json"
2026-02-10T04:44:41.978948Z  INFO scan_sources: tailwindcss_oxide::scanner: Discovering "D:\\Gawean Rebinmas\\Schedule Tracker\\schedule-tracker\\postcss.config.mjs"
2026-02-10T04:44:41.979019Z  INFO scan_sources: tailwindcss_oxide::scanner: Discovering "D:\\Gawean Rebinmas\\Schedule Tracker\\schedule-tracker\\prisma"
2026-02-10T04:44:41.979124Z  INFO scan_sources: tailwindcss_oxide::scanner: Discovering "D:\\Gawean Rebinmas\\Schedule Tracker\\schedule-tracker\\prisma\\migrations"
2026-02-10T04:44:41.979240Z  INFO scan_sources: tailwindcss_oxide::scanner: Discovering "D:\\Gawean Rebinmas\\Schedule Tracker\\schedule-tracker\\prisma\\migrations\\20260209082144_init"
2026-02-10T04:44:41.979330Z  INFO scan_sources: tailwindcss_oxide::scanner: Discovering "D:\\Gawean Rebinmas\\Schedule Tracker\\schedule-tracker\\prisma\\migrations\\20260209082144_init\\migration.sql"
2026-02-10T04:44:41.979410Z  INFO scan_sources: tailwindcss_oxide::scanner: Discovering "D:\\Gawean Rebinmas\\Schedule Tracker\\schedule-tracker\\prisma\\migrations\\20260209154500_add_documentation_attachments_comments"
2026-02-10T04:44:41.979508Z  INFO scan_sources: tailwindcss_oxide::scanner: Discovering "D:\\Gawean Rebinmas\\Schedule Tracker\\schedule-tracker\\prisma\\migrations\\20260209154500_add_documentation_attachments_comments\\migration.sql"
2026-02-10T04:44:41.979588Z  INFO scan_sources: tailwindcss_oxide::scanner: Discovering "D:\\Gawean Rebinmas\\Schedule Tracker\\schedule-tracker\\prisma\\migrations\\20260209155443_fix_comment_updated_at_default"
2026-02-10T04:44:41.979767Z  INFO scan_sources: tailwindcss_oxide::scanner: Discovering "D:\\Gawean Rebinmas\\Schedule Tracker\\schedule-tracker\\prisma\\migrations\\20260209155443_fix_comment_updated_at_default\\migration.sql"
2026-02-10T04:44:41.979900Z  INFO scan_sources: tailwindcss_oxide::scanner: Discovering "D:\\Gawean Rebinmas\\Schedule Tracker\\schedule-tracker\\prisma\\migrations\\20260210011223_add_auth_fields"
2026-02-10T04:44:41.980016Z  INFO scan_sources: tailwindcss_oxide::scanner: Discovering "D:\\Gawean Rebinmas\\Schedule Tracker\\schedule-tracker\\prisma\\migrations\\20260210011223_add_auth_fields\\migration.sql"
2026-02-10T04:44:41.980100Z  INFO scan_sources: tailwindcss_oxide::scanner: Discovering "D:\\Gawean Rebinmas\\Schedule Tracker\\schedule-tracker\\prisma\\migrations\\20260210032854_add_project_priority"
2026-02-10T04:44:41.980193Z  INFO scan_sources: tailwindcss_oxide::scanner: Discovering "D:\\Gawean Rebinmas\\Schedule Tracker\\schedule-tracker\\prisma\\migrations\\20260210032854_add_project_priority\\migration.sql"
2026-02-10T04:44:41.980270Z  INFO scan_sources: tailwindcss_oxide::scanner: Discovering "D:\\Gawean Rebinmas\\Schedule Tracker\\schedule-tracker\\prisma\\migrations\\20260210034845_add_project_banner"
2026-02-10T04:44:41.980359Z  INFO scan_sources: tailwindcss_oxide::scanner: Discovering "D:\\Gawean Rebinmas\\Schedule Tracker\\schedule-tracker\\prisma\\migrations\\20260210034845_add_project_banner\\migration.sql"
2026-02-10T04:44:41.980417Z  INFO scan_sources: tailwindcss_oxide::scanner: Discovering "D:\\Gawean Rebinmas\\Schedule Tracker\\schedule-tracker\\prisma\\migrations\\migration_lock.toml"
2026-02-10T04:44:41.980475Z  INFO scan_sources: tailwindcss_oxide::scanner: Discovering "D:\\Gawean Rebinmas\\Schedule Tracker\\schedule-tracker\\prisma\\schema.prisma"
2026-02-10T04:44:41.980517Z  INFO scan_sources: tailwindcss_oxide::scanner: Discovering "D:\\Gawean Rebinmas\\Schedule Tracker\\schedule-tracker\\prisma\\seed.js"
2026-02-10T04:44:41.980584Z  INFO scan_sources: tailwindcss_oxide::scanner: Discovering "D:\\Gawean Rebinmas\\Schedule Tracker\\schedule-tracker\\prisma\\seed.ts"
2026-02-10T04:44:41.980667Z  INFO scan_sources: tailwindcss_oxide::scanner: Discovering "D:\\Gawean Rebinmas\\Schedule Tracker\\schedule-tracker\\public"
2026-02-10T04:44:41.980764Z  INFO scan_sources: tailwindcss_oxide::scanner: Discovering "D:\\Gawean Rebinmas\\Schedule Tracker\\schedule-tracker\\public\\file.svg"
2026-02-10T04:44:41.980809Z  INFO scan_sources: tailwindcss_oxide::scanner: Discovering "D:\\Gawean Rebinmas\\Schedule Tracker\\schedule-tracker\\public\\globe.svg"
2026-02-10T04:44:41.980852Z  INFO scan_sources: tailwindcss_oxide::scanner: Discovering "D:\\Gawean Rebinmas\\Schedule Tracker\\schedule-tracker\\public\\next.svg"
2026-02-10T04:44:41.980915Z  INFO scan_sources: tailwindcss_oxide::scanner: Discovering "D:\\Gawean Rebinmas\\Schedule Tracker\\schedule-tracker\\public\\uploads"
2026-02-10T04:44:41.981011Z  INFO scan_sources: tailwindcss_oxide::scanner: Discovering "D:\\Gawean Rebinmas\\Schedule Tracker\\schedule-tracker\\public\\uploads\\.gitkeep"
2026-02-10T04:44:41.981067Z  INFO scan_sources: tailwindcss_oxide::scanner: Discovering "D:\\Gawean Rebinmas\\Schedule Tracker\\schedule-tracker\\public\\vercel.svg"
2026-02-10T04:44:41.981108Z  INFO scan_sources: tailwindcss_oxide::scanner: Discovering "D:\\Gawean Rebinmas\\Schedule Tracker\\schedule-tracker\\public\\window.svg"
2026-02-10T04:44:41.981160Z  INFO scan_sources: tailwindcss_oxide::scanner: Discovering "D:\\Gawean Rebinmas\\Schedule Tracker\\schedule-tracker\\README.md"
2026-02-10T04:44:41.981253Z  INFO scan_sources: tailwindcss_oxide::scanner: Discovering "D:\\Gawean Rebinmas\\Schedule Tracker\\schedule-tracker\\tsconfig.json"
2026-02-10T04:44:41.981404Z  INFO scan_sources: tailwindcss_oxide::scanner: exit
2026-02-10T04:44:41.981415Z  INFO extract_candidates: tailwindcss_oxide::scanner: enter
2026-02-10T04:44:41.981427Z  INFO extract_candidates:read_all_files: tailwindcss_oxide::scanner: enter
2026-02-10T04:44:41.981432Z  INFO extract_candidates:read_all_files: tailwindcss_oxide::scanner: Reading 120 file(s)
2026-02-10T04:44:41.981952Z  INFO tailwindcss_oxide::scanner: Reading "D:\\Gawean Rebinmas\\Schedule Tracker\\schedule-tracker\\app\\actions\\auth.ts"
2026-02-10T04:44:41.981968Z  INFO tailwindcss_oxide::scanner: Reading "D:\\Gawean Rebinmas\\Schedule Tracker\\schedule-tracker\\components\\SkipLink.tsx"
2026-02-10T04:44:41.981997Z  INFO tailwindcss_oxide::scanner: Reading "D:\\Gawean Rebinmas\\Schedule Tracker\\schedule-tracker\\commit-and-push.js"
2026-02-10T04:44:41.982032Z  INFO tailwindcss_oxide::scanner: Reading "D:\\Gawean Rebinmas\\Schedule Tracker\\schedule-tracker\\app\\actions\\dashboard.ts"
2026-02-10T04:44:41.982048Z  INFO tailwindcss_oxide::scanner: Reading "D:\\Gawean Rebinmas\\Schedule Tracker\\schedule-tracker\\components\\task\\.gitkeep"
2026-02-10T04:44:41.982071Z  INFO tailwindcss_oxide::scanner: Reading "D:\\Gawean Rebinmas\\Schedule Tracker\\schedule-tracker\\commit-and-push.ps1"
2026-02-10T04:44:41.982080Z  INFO tailwindcss_oxide::scanner: Reading "D:\\Gawean Rebinmas\\Schedule Tracker\\schedule-tracker\\app\\actions\\project.ts"
2026-02-10T04:44:41.982113Z  INFO tailwindcss_oxide::scanner: Reading "D:\\Gawean Rebinmas\\Schedule Tracker\\schedule-tracker\\commit-and-push.sh"
2026-02-10T04:44:41.982143Z  INFO tailwindcss_oxide::scanner: Reading "D:\\Gawean Rebinmas\\Schedule Tracker\\schedule-tracker\\app\\actions\\task.ts"
2026-02-10T04:44:41.982177Z  INFO tailwindcss_oxide::scanner: Reading "D:\\Gawean Rebinmas\\Schedule Tracker\\schedule-tracker\\components\\AppShell.tsx"
2026-02-10T04:44:41.982207Z  INFO tailwindcss_oxide::scanner: Reading "D:\\Gawean Rebinmas\\Schedule Tracker\\schedule-tracker\\app\\actions\\user.ts"
2026-02-10T04:44:41.982215Z  INFO tailwindcss_oxide::scanner: Reading "D:\\Gawean Rebinmas\\Schedule Tracker\\schedule-tracker\\components\\task\\index.ts"
2026-02-10T04:44:41.982224Z  INFO tailwindcss_oxide::scanner: Reading "D:\\Gawean Rebinmas\\Schedule Tracker\\schedule-tracker\\components\\auth\\login-form.tsx"
2026-02-10T04:44:41.982251Z  INFO tailwindcss_oxide::scanner: Reading "D:\\Gawean Rebinmas\\Schedule Tracker\\schedule-tracker\\app\\api\\logout\\route.ts"
2026-02-10T04:44:41.982304Z  INFO tailwindcss_oxide::scanner: Reading "D:\\Gawean Rebinmas\\Schedule Tracker\\schedule-tracker\\components\\auth\\register-form.tsx"
2026-02-10T04:44:41.982259Z  INFO tailwindcss_oxide::scanner: Reading "D:\\Gawean Rebinmas\\Schedule Tracker\\schedule-tracker\\components\\editor\\EditorMenuBar.tsx"
2026-02-10T04:44:41.982348Z  INFO tailwindcss_oxide::scanner: Reading "D:\\Gawean Rebinmas\\Schedule Tracker\\schedule-tracker\\app\\api\\projects\\route.ts"
2026-02-10T04:44:41.982339Z  INFO tailwindcss_oxide::scanner: Reading "D:\\Gawean Rebinmas\\Schedule Tracker\\schedule-tracker\\components\\Breadcrumbs.tsx"
2026-02-10T04:44:41.982356Z  INFO tailwindcss_oxide::scanner: Reading "D:\\Gawean Rebinmas\\Schedule Tracker\\schedule-tracker\\components\\auth\\user-menu.tsx"
2026-02-10T04:44:41.982440Z  INFO tailwindcss_oxide::scanner: Reading "D:\\Gawean Rebinmas\\Schedule Tracker\\schedule-tracker\\app\\auth\\login\\page.tsx"
2026-02-10T04:44:41.982471Z  INFO tailwindcss_oxide::scanner: Reading "D:\\Gawean Rebinmas\\Schedule Tracker\\schedule-tracker\\components\\editor\\NovelEditor.tsx"
2026-02-10T04:44:41.982401Z  INFO tailwindcss_oxide::scanner: Reading "D:\\Gawean Rebinmas\\Schedule Tracker\\schedule-tracker\\app\\api\\projects\\[id]\\canvas\\route.ts"
2026-02-10T04:44:41.982520Z  INFO tailwindcss_oxide::scanner: Reading "D:\\Gawean Rebinmas\\Schedule Tracker\\schedule-tracker\\components\\CanvasBoard.tsx"
2026-02-10T04:44:41.982529Z  INFO tailwindcss_oxide::scanner: Reading "D:\\Gawean Rebinmas\\Schedule Tracker\\schedule-tracker\\app\\auth\\register\\page.tsx"
2026-02-10T04:44:41.982389Z  INFO tailwindcss_oxide::scanner: Reading "D:\\Gawean Rebinmas\\Schedule Tracker\\schedule-tracker\\components\\task\\TaskDescriptionEditor.tsx"
2026-02-10T04:44:41.982564Z  INFO tailwindcss_oxide::scanner: Reading "D:\\Gawean Rebinmas\\Schedule Tracker\\schedule-tracker\\components\\ExcalidrawWrapper.tsx"
2026-02-10T04:44:41.982562Z  INFO tailwindcss_oxide::scanner: Reading "D:\\Gawean Rebinmas\\Schedule Tracker\\schedule-tracker\\app\\projects\\[id]\\board\\page.tsx"
2026-02-10T04:44:41.982607Z  INFO tailwindcss_oxide::scanner: Reading "D:\\Gawean Rebinmas\\Schedule Tracker\\schedule-tracker\\components\\kanban\\.gitkeep"
2026-02-10T04:44:41.982621Z  INFO tailwindcss_oxide::scanner: Reading "D:\\Gawean Rebinmas\\Schedule Tracker\\schedule-tracker\\app\\dashboard\\page.tsx"
2026-02-10T04:44:41.982645Z  INFO tailwindcss_oxide::scanner: Reading "D:\\Gawean Rebinmas\\Schedule Tracker\\schedule-tracker\\app\\api\\projects\\[id]\\dashboard\\route.ts"
2026-02-10T04:44:41.982649Z  INFO tailwindcss_oxide::scanner: Reading "D:\\Gawean Rebinmas\\Schedule Tracker\\schedule-tracker\\components\\kanban\\KanbanColumn.tsx"
2026-02-10T04:44:41.982677Z  INFO tailwindcss_oxide::scanner: Reading "D:\\Gawean Rebinmas\\Schedule Tracker\\schedule-tracker\\app\\layout.tsx"
2026-02-10T04:44:41.982675Z  INFO tailwindcss_oxide::scanner: Reading "D:\\Gawean Rebinmas\\Schedule Tracker\\schedule-tracker\\components\\CreateTaskDialog.tsx"
2026-02-10T04:44:41.982697Z  INFO tailwindcss_oxide::scanner: Reading "D:\\Gawean Rebinmas\\Schedule Tracker\\schedule-tracker\\app\\projects\\[id]\\board\\[taskId]\\page.tsx"
2026-02-10T04:44:41.982701Z  INFO tailwindcss_oxide::scanner: Reading "D:\\Gawean Rebinmas\\Schedule Tracker\\schedule-tracker\\components\\kanban\\KanbanHeader.tsx"
2026-02-10T04:44:41.982721Z  INFO tailwindcss_oxide::scanner: Reading "D:\\Gawean Rebinmas\\Schedule Tracker\\schedule-tracker\\app\\page.tsx"
2026-02-10T04:44:41.982727Z  INFO tailwindcss_oxide::scanner: Reading "D:\\Gawean Rebinmas\\Schedule Tracker\\schedule-tracker\\components\\task\\TaskDetailHeader.tsx"
2026-02-10T04:44:41.982754Z  INFO tailwindcss_oxide::scanner: Reading "D:\\Gawean Rebinmas\\Schedule Tracker\\schedule-tracker\\components\\KanbanBoard.tsx"
2026-02-10T04:44:41.982786Z  INFO tailwindcss_oxide::scanner: Reading "D:\\Gawean Rebinmas\\Schedule Tracker\\schedule-tracker\\components\\dashboard\\Dashboard.tsx"
2026-02-10T04:44:41.982800Z  INFO tailwindcss_oxide::scanner: Reading "D:\\Gawean Rebinmas\\Schedule Tracker\\schedule-tracker\\components\\KanbanTask.tsx"
2026-02-10T04:44:41.982803Z  INFO tailwindcss_oxide::scanner: Reading "D:\\Gawean Rebinmas\\Schedule Tracker\\schedule-tracker\\app\\projects\\page.tsx"
2026-02-10T04:44:41.982809Z  INFO tailwindcss_oxide::scanner: Reading "D:\\Gawean Rebinmas\\Schedule Tracker\\schedule-tracker\\app\\projects\\[id]\\page.tsx"
2026-02-10T04:44:41.982787Z  INFO tailwindcss_oxide::scanner: Reading "D:\\Gawean Rebinmas\\Schedule Tracker\\schedule-tracker\\app\\api\\projects\\[id]\\route.ts"
2026-02-10T04:44:41.982854Z  INFO tailwindcss_oxide::scanner: Reading "D:\\Gawean Rebinmas\\Schedule Tracker\\schedule-tracker\\components\\task\\TaskMetadata.tsx"
2026-02-10T04:44:41.982861Z  INFO tailwindcss_oxide::scanner: Reading "D:\\Gawean Rebinmas\\Schedule Tracker\\schedule-tracker\\components\\layout-provider.tsx"
2026-02-10T04:44:41.982887Z  INFO tailwindcss_oxide::scanner: Reading "D:\\Gawean Rebinmas\\Schedule Tracker\\schedule-tracker\\app\\projects\\[id]\\board\\BoardPageClient.tsx"
2026-02-10T04:44:41.982921Z  INFO tailwindcss_oxide::scanner: Reading "D:\\Gawean Rebinmas\\Schedule Tracker\\schedule-tracker\\components\\LayoutSwitcher.tsx"
2026-02-10T04:44:41.982924Z  INFO tailwindcss_oxide::scanner: Reading "D:\\Gawean Rebinmas\\Schedule Tracker\\schedule-tracker\\app\\projects\\[id]\\ProjectBoardClient.tsx"
2026-02-10T04:44:41.982941Z  INFO tailwindcss_oxide::scanner: Reading "D:\\Gawean Rebinmas\\Schedule Tracker\\schedule-tracker\\components\\notifications\\DeadlineAlertBar.tsx"
2026-02-10T04:44:41.982946Z  INFO tailwindcss_oxide::scanner: Reading "D:\\Gawean Rebinmas\\Schedule Tracker\\schedule-tracker\\components\\dashboard\\ProgressBar.tsx"
2026-02-10T04:44:41.982957Z  INFO tailwindcss_oxide::scanner: Reading "D:\\Gawean Rebinmas\\Schedule Tracker\\schedule-tracker\\components\\notifications\\.gitkeep"
2026-02-10T04:44:41.982963Z  INFO tailwindcss_oxide::scanner: Reading "D:\\Gawean Rebinmas\\Schedule Tracker\\schedule-tracker\\app\\api\\seed\\route.ts"
2026-02-10T04:44:41.982990Z  INFO tailwindcss_oxide::scanner: Reading "D:\\Gawean Rebinmas\\Schedule Tracker\\schedule-tracker\\components\\editor\\.gitkeep"
2026-02-10T04:44:41.982996Z  INFO tailwindcss_oxide::scanner: Reading "D:\\Gawean Rebinmas\\Schedule Tracker\\schedule-tracker\\components\\theme-provider.tsx"
2026-02-10T04:44:41.983027Z  INFO tailwindcss_oxide::scanner: Reading "D:\\Gawean Rebinmas\\Schedule Tracker\\schedule-tracker\\components\\QuickActions.tsx"
2026-02-10T04:44:41.983040Z  INFO tailwindcss_oxide::scanner: Reading "D:\\Gawean Rebinmas\\Schedule Tracker\\schedule-tracker\\components\\editor\\BlockEditor.tsx"
2026-02-10T04:44:41.983053Z  INFO tailwindcss_oxide::scanner: Reading "D:\\Gawean Rebinmas\\Schedule Tracker\\schedule-tracker\\components\\dashboard\\StatCards.tsx"
2026-02-10T04:44:41.983059Z  INFO tailwindcss_oxide::scanner: Reading "D:\\Gawean Rebinmas\\Schedule Tracker\\schedule-tracker\\app\\api\\statuses\\route.ts"
2026-02-10T04:44:41.983069Z  INFO tailwindcss_oxide::scanner: Reading "D:\\Gawean Rebinmas\\Schedule Tracker\\schedule-tracker\\app\\settings\\page.tsx"
2026-02-10T04:44:41.983073Z  INFO tailwindcss_oxide::scanner: Reading "D:\\Gawean Rebinmas\\Schedule Tracker\\schedule-tracker\\components\\RichTextEditor.tsx"
2026-02-10T04:44:41.983084Z  INFO tailwindcss_oxide::scanner: Reading "D:\\Gawean Rebinmas\\Schedule Tracker\\schedule-tracker\\components\\Sidebar.tsx"
2026-02-10T04:44:41.983093Z  INFO tailwindcss_oxide::scanner: Reading "D:\\Gawean Rebinmas\\Schedule Tracker\\schedule-tracker\\components\\theme-toggle.tsx"
2026-02-10T04:44:41.983139Z  INFO tailwindcss_oxide::scanner: Reading "D:\\Gawean Rebinmas\\Schedule Tracker\\schedule-tracker\\app\\api\\tasks\\[id]\\route.ts"
2026-02-10T04:44:41.983144Z  INFO tailwindcss_oxide::scanner: Reading "D:\\Gawean Rebinmas\\Schedule Tracker\\schedule-tracker\\app\\api\\user\\route.ts"
2026-02-10T04:44:41.983177Z  INFO tailwindcss_oxide::scanner: Reading "D:\\Gawean Rebinmas\\Schedule Tracker\\schedule-tracker\\AUTOMATED_COMMIT_README.md"
2026-02-10T04:44:41.983186Z  INFO tailwindcss_oxide::scanner: Reading "D:\\Gawean Rebinmas\\Schedule Tracker\\schedule-tracker\\components\\ui\\avatar.tsx"
2026-02-10T04:44:41.983166Z  INFO tailwindcss_oxide::scanner: Reading "D:\\Gawean Rebinmas\\Schedule Tracker\\schedule-tracker\\app\\api\\tasks\\route.ts"
2026-02-10T04:44:41.983188Z  INFO tailwindcss_oxide::scanner: Reading "D:\\Gawean Rebinmas\\Schedule Tracker\\schedule-tracker\\lib\\api\\tasks.ts"
2026-02-10T04:44:41.983185Z  INFO tailwindcss_oxide::scanner: Reading "D:\\Gawean Rebinmas\\Schedule Tracker\\schedule-tracker\\commit-and-push.bat"
2026-02-10T04:44:41.983210Z  INFO tailwindcss_oxide::scanner: Reading "D:\\Gawean Rebinmas\\Schedule Tracker\\schedule-tracker\\app\\users\\page.tsx"
2026-02-10T04:44:41.983287Z  INFO tailwindcss_oxide::scanner: Reading "D:\\Gawean Rebinmas\\Schedule Tracker\\schedule-tracker\\components\\ui\\progress.tsx"
2026-02-10T04:44:41.983322Z  INFO tailwindcss_oxide::scanner: Reading "D:\\Gawean Rebinmas\\Schedule Tracker\\schedule-tracker\\components\\ui\\badge.tsx"
2026-02-10T04:44:41.983344Z  INFO tailwindcss_oxide::scanner: Reading "D:\\Gawean Rebinmas\\Schedule Tracker\\schedule-tracker\\components\\users\\user-list.tsx"
2026-02-10T04:44:41.983350Z  INFO tailwindcss_oxide::scanner: Reading "D:\\Gawean Rebinmas\\Schedule Tracker\\schedule-tracker\\lib\\api\\users.ts"
2026-02-10T04:44:41.983356Z  INFO tailwindcss_oxide::scanner: Reading "D:\\Gawean Rebinmas\\Schedule Tracker\\schedule-tracker\\components\\ui\\use-toast.ts"
2026-02-10T04:44:41.983392Z  INFO tailwindcss_oxide::scanner: Reading "D:\\Gawean Rebinmas\\Schedule Tracker\\schedule-tracker\\components\\ui\\separator.tsx"
2026-02-10T04:44:41.983392Z  INFO tailwindcss_oxide::scanner: Reading "D:\\Gawean Rebinmas\\Schedule Tracker\\schedule-tracker\\docs\\plans\\2026-02-09-schedule-tracker-implementation.md"
2026-02-10T04:44:41.983412Z  INFO tailwindcss_oxide::scanner: Reading "D:\\Gawean Rebinmas\\Schedule Tracker\\schedule-tracker\\components\\ui\\button.tsx"
2026-02-10T04:44:41.983420Z  INFO tailwindcss_oxide::scanner: Reading "D:\\Gawean Rebinmas\\Schedule Tracker\\schedule-tracker\\docs\\plans\\2026-02-09-schedule-tracker-2.0-design.md"
2026-02-10T04:44:41.983422Z  INFO tailwindcss_oxide::scanner: Reading "D:\\Gawean Rebinmas\\Schedule Tracker\\schedule-tracker\\prisma\\migrations\\20260210011223_add_auth_fields\\migration.sql"
2026-02-10T04:44:41.983445Z  INFO tailwindcss_oxide::scanner: Reading "D:\\Gawean Rebinmas\\Schedule Tracker\\schedule-tracker\\lib\\auth.ts"
2026-02-10T04:44:41.983483Z  INFO tailwindcss_oxide::scanner: Reading "D:\\Gawean Rebinmas\\Schedule Tracker\\schedule-tracker\\components\\ui\\skeleton.tsx"
2026-02-10T04:44:41.983500Z  INFO tailwindcss_oxide::scanner: Reading "D:\\Gawean Rebinmas\\Schedule Tracker\\schedule-tracker\\public\\file.svg"
2026-02-10T04:44:41.983501Z  INFO tailwindcss_oxide::scanner: Reading "D:\\Gawean Rebinmas\\Schedule Tracker\\schedule-tracker\\components\\ui\\card.tsx"
2026-02-10T04:44:41.983517Z  INFO tailwindcss_oxide::scanner: Reading "D:\\Gawean Rebinmas\\Schedule Tracker\\schedule-tracker\\components\\users\\add-user-dialog.tsx"
2026-02-10T04:44:41.983529Z  INFO tailwindcss_oxide::scanner: Reading "D:\\Gawean Rebinmas\\Schedule Tracker\\schedule-tracker\\prisma\\migrations\\20260210032854_add_project_priority\\migration.sql"
2026-02-10T04:44:41.983542Z  INFO tailwindcss_oxide::scanner: Reading "D:\\Gawean Rebinmas\\Schedule Tracker\\schedule-tracker\\lib\\deadline-utils.ts"
2026-02-10T04:44:41.983541Z  INFO tailwindcss_oxide::scanner: Reading "D:\\Gawean Rebinmas\\Schedule Tracker\\schedule-tracker\\public\\globe.svg"
2026-02-10T04:44:41.983571Z  INFO tailwindcss_oxide::scanner: Reading "D:\\Gawean Rebinmas\\Schedule Tracker\\schedule-tracker\\components\\ui\\textarea.tsx"
2026-02-10T04:44:41.983589Z  INFO tailwindcss_oxide::scanner: Reading "D:\\Gawean Rebinmas\\Schedule Tracker\\schedule-tracker\\components\\ui\\dialog.tsx"
2026-02-10T04:44:41.983622Z  INFO tailwindcss_oxide::scanner: Reading "D:\\Gawean Rebinmas\\Schedule Tracker\\schedule-tracker\\public\\next.svg"
2026-02-10T04:44:41.983640Z  INFO tailwindcss_oxide::scanner: Reading "D:\\Gawean Rebinmas\\Schedule Tracker\\schedule-tracker\\eslint.config.mjs"
2026-02-10T04:44:41.983635Z  INFO tailwindcss_oxide::scanner: Reading "D:\\Gawean Rebinmas\\Schedule Tracker\\schedule-tracker\\lib\\api\\projects.ts"
2026-02-10T04:44:41.983665Z  INFO tailwindcss_oxide::scanner: Reading "D:\\Gawean Rebinmas\\Schedule Tracker\\schedule-tracker\\public\\uploads\\.gitkeep"
2026-02-10T04:44:41.983645Z  INFO tailwindcss_oxide::scanner: Reading "D:\\Gawean Rebinmas\\Schedule Tracker\\schedule-tracker\\lib\\editor-utils.ts"
2026-02-10T04:44:41.983687Z  INFO tailwindcss_oxide::scanner: Reading "D:\\Gawean Rebinmas\\Schedule Tracker\\schedule-tracker\\components\\ui\\input.tsx"
2026-02-10T04:44:41.983718Z  INFO tailwindcss_oxide::scanner: Reading "D:\\Gawean Rebinmas\\Schedule Tracker\\schedule-tracker\\prisma\\migrations\\migration_lock.toml"
2026-02-10T04:44:41.983722Z  INFO tailwindcss_oxide::scanner: Reading "D:\\Gawean Rebinmas\\Schedule Tracker\\schedule-tracker\\lib\\utils.ts"
2026-02-10T04:44:41.983767Z  INFO tailwindcss_oxide::scanner: Reading "D:\\Gawean Rebinmas\\Schedule Tracker\\schedule-tracker\\lib\\api\\statuses.ts"
2026-02-10T04:44:41.983775Z  INFO tailwindcss_oxide::scanner: Reading "D:\\Gawean Rebinmas\\Schedule Tracker\\schedule-tracker\\middleware.ts"
2026-02-10T04:44:41.983667Z  INFO tailwindcss_oxide::scanner: Reading "D:\\Gawean Rebinmas\\Schedule Tracker\\schedule-tracker\\public\\vercel.svg"
2026-02-10T04:44:41.983773Z  INFO tailwindcss_oxide::scanner: Reading "D:\\Gawean Rebinmas\\Schedule Tracker\\schedule-tracker\\prisma\\schema.prisma"
2026-02-10T04:44:41.983810Z  INFO tailwindcss_oxide::scanner: Reading "D:\\Gawean Rebinmas\\Schedule Tracker\\schedule-tracker\\lib\\prisma.ts"
2026-02-10T04:44:41.983824Z  INFO tailwindcss_oxide::scanner: Reading "D:\\Gawean Rebinmas\\Schedule Tracker\\schedule-tracker\\next.config.ts"
2026-02-10T04:44:41.983779Z  INFO tailwindcss_oxide::scanner: Reading "D:\\Gawean Rebinmas\\Schedule Tracker\\schedule-tracker\\components\\ui\\toast.tsx"
2026-02-10T04:44:41.983881Z  INFO tailwindcss_oxide::scanner: Reading "D:\\Gawean Rebinmas\\Schedule Tracker\\schedule-tracker\\package.json"
2026-02-10T04:44:41.983880Z  INFO tailwindcss_oxide::scanner: Reading "D:\\Gawean Rebinmas\\Schedule Tracker\\schedule-tracker\\prisma\\seed.js"
2026-02-10T04:44:41.983896Z  INFO tailwindcss_oxide::scanner: Reading "D:\\Gawean Rebinmas\\Schedule Tracker\\schedule-tracker\\public\\window.svg"
2026-02-10T04:44:41.983911Z  INFO tailwindcss_oxide::scanner: Reading "D:\\Gawean Rebinmas\\Schedule Tracker\\schedule-tracker\\lib\\theme-utils.ts"
2026-02-10T04:44:41.983933Z  INFO tailwindcss_oxide::scanner: Reading "D:\\Gawean Rebinmas\\Schedule Tracker\\schedule-tracker\\prisma\\migrations\\20260209154500_add_documentation_attachments_comments\\migration.sql"
2026-02-10T04:44:41.983938Z  INFO tailwindcss_oxide::scanner: Reading "D:\\Gawean Rebinmas\\Schedule Tracker\\schedule-tracker\\components\\ui\\toaster.tsx"
2026-02-10T04:44:41.983957Z  INFO tailwindcss_oxide::scanner: Reading "D:\\Gawean Rebinmas\\Schedule Tracker\\schedule-tracker\\README.md"
2026-02-10T04:44:41.983972Z  INFO tailwindcss_oxide::scanner: Reading "D:\\Gawean Rebinmas\\Schedule Tracker\\schedule-tracker\\postcss.config.mjs"
2026-02-10T04:44:41.983986Z  INFO tailwindcss_oxide::scanner: Reading "D:\\Gawean Rebinmas\\Schedule Tracker\\schedule-tracker\\prisma\\migrations\\20260209155443_fix_comment_updated_at_default\\migration.sql"
2026-02-10T04:44:41.983998Z  INFO tailwindcss_oxide::scanner: Reading "D:\\Gawean Rebinmas\\Schedule Tracker\\schedule-tracker\\prisma\\seed.ts"
2026-02-10T04:44:41.984034Z  INFO tailwindcss_oxide::scanner: Reading "D:\\Gawean Rebinmas\\Schedule Tracker\\schedule-tracker\\components\\ui\\tooltip.tsx"
2026-02-10T04:44:41.983672Z  INFO tailwindcss_oxide::scanner: Reading "D:\\Gawean Rebinmas\\Schedule Tracker\\schedule-tracker\\prisma\\migrations\\20260210034845_add_project_banner\\migration.sql"
2026-02-10T04:44:41.984044Z  INFO tailwindcss_oxide::scanner: Reading "D:\\Gawean Rebinmas\\Schedule Tracker\\schedule-tracker\\tsconfig.json"
2026-02-10T04:44:41.984068Z  INFO tailwindcss_oxide::scanner: Reading "D:\\Gawean Rebinmas\\Schedule Tracker\\schedule-tracker\\prisma\\migrations\\20260209082144_init\\migration.sql"
2026-02-10T04:44:41.983786Z  INFO tailwindcss_oxide::scanner: Reading "D:\\Gawean Rebinmas\\Schedule Tracker\\schedule-tracker\\components\\ui\\label.tsx"
2026-02-10T04:44:41.984181Z  INFO extract_candidates:read_all_files: tailwindcss_oxide::scanner: exit
2026-02-10T04:44:41.984203Z  INFO extract_candidates:parse_all_blobs: tailwindcss_oxide::scanner: enter
2026-02-10T04:44:41.984209Z  INFO extract_candidates:parse_all_blobs:extract: tailwindcss_oxide::scanner: enter
2026-02-10T04:44:41.987320Z  INFO extract_candidates:parse_all_blobs:extract: tailwindcss_oxide::scanner: exit
2026-02-10T04:44:41.987373Z  INFO extract_candidates:parse_all_blobs: tailwindcss_oxide::scanner: exit
2026-02-10T04:44:41.987379Z  INFO extract_candidates:read_all_files: tailwindcss_oxide::scanner: enter
2026-02-10T04:44:41.987382Z  INFO extract_candidates:read_all_files: tailwindcss_oxide::scanner: Reading 1 file(s)
2026-02-10T04:44:41.987524Z  INFO extract_candidates:read_all_files: tailwindcss_oxide::scanner: Reading "D:\\Gawean Rebinmas\\Schedule Tracker\\schedule-tracker\\app\\globals.css"
2026-02-10T04:44:41.987534Z  INFO extract_candidates:read_all_files: tailwindcss_oxide::scanner: exit
2026-02-10T04:44:41.987543Z  INFO extract_candidates:extract_css_variables: tailwindcss_oxide::scanner: enter
2026-02-10T04:44:41.987547Z  INFO extract_candidates:extract_css_variables:extract: tailwindcss_oxide::scanner: enter
2026-02-10T04:44:41.987796Z  INFO extract_candidates:extract_css_variables:extract: tailwindcss_oxide::scanner: exit
2026-02-10T04:44:41.987821Z  INFO extract_candidates:extract_css_variables: tailwindcss_oxide::scanner: exit
2026-02-10T04:44:41.988804Z  INFO extract_candidates: tailwindcss_oxide::scanner: exit
2026-02-10T04:44:41.989830Z  INFO get_files: tailwindcss_oxide::scanner: enter
2026-02-10T04:44:41.989844Z  INFO get_files:scan_sources: tailwindcss_oxide::scanner: enter
2026-02-10T04:44:41.991040Z  INFO get_files:scan_sources: tailwindcss_oxide::scanner: Discovering "D:\\Gawean Rebinmas\\Schedule Tracker\\schedule-tracker\\app"
2026-02-10T04:44:41.991170Z  INFO get_files:scan_sources: tailwindcss_oxide::scanner: Discovering "D:\\Gawean Rebinmas\\Schedule Tracker\\schedule-tracker\\app\\actions"
2026-02-10T04:44:41.991434Z  INFO get_files:scan_sources: tailwindcss_oxide::scanner: Discovering "D:\\Gawean Rebinmas\\Schedule Tracker\\schedule-tracker\\app\\api"
2026-02-10T04:44:41.991565Z  INFO get_files:scan_sources: tailwindcss_oxide::scanner: Discovering "D:\\Gawean Rebinmas\\Schedule Tracker\\schedule-tracker\\app\\api\\logout"
2026-02-10T04:44:41.991714Z  INFO get_files:scan_sources: tailwindcss_oxide::scanner: Discovering "D:\\Gawean Rebinmas\\Schedule Tracker\\schedule-tracker\\app\\api\\projects"
2026-02-10T04:44:41.991851Z  INFO get_files:scan_sources: tailwindcss_oxide::scanner: Discovering "D:\\Gawean Rebinmas\\Schedule Tracker\\schedule-tracker\\app\\api\\projects\\[id]"
2026-02-10T04:44:41.991962Z  INFO get_files:scan_sources: tailwindcss_oxide::scanner: Discovering "D:\\Gawean Rebinmas\\Schedule Tracker\\schedule-tracker\\app\\api\\projects\\[id]\\canvas"
2026-02-10T04:44:41.992104Z  INFO get_files:scan_sources: tailwindcss_oxide::scanner: Discovering "D:\\Gawean Rebinmas\\Schedule Tracker\\schedule-tracker\\app\\api\\projects\\[id]\\dashboard"
2026-02-10T04:44:41.992288Z  INFO get_files:scan_sources: tailwindcss_oxide::scanner: Discovering "D:\\Gawean Rebinmas\\Schedule Tracker\\schedule-tracker\\app\\api\\seed"
2026-02-10T04:44:41.992438Z  INFO get_files:scan_sources: tailwindcss_oxide::scanner: Discovering "D:\\Gawean Rebinmas\\Schedule Tracker\\schedule-tracker\\app\\api\\statuses"
2026-02-10T04:44:41.992584Z  INFO get_files:scan_sources: tailwindcss_oxide::scanner: Discovering "D:\\Gawean Rebinmas\\Schedule Tracker\\schedule-tracker\\app\\api\\tasks"
2026-02-10T04:44:41.992718Z  INFO get_files:scan_sources: tailwindcss_oxide::scanner: Discovering "D:\\Gawean Rebinmas\\Schedule Tracker\\schedule-tracker\\app\\api\\tasks\\[id]"
2026-02-10T04:44:41.992872Z  INFO get_files:scan_sources: tailwindcss_oxide::scanner: Discovering "D:\\Gawean Rebinmas\\Schedule Tracker\\schedule-tracker\\app\\api\\user"
2026-02-10T04:44:41.993024Z  INFO get_files:scan_sources: tailwindcss_oxide::scanner: Discovering "D:\\Gawean Rebinmas\\Schedule Tracker\\schedule-tracker\\app\\auth"
2026-02-10T04:44:41.993132Z  INFO get_files:scan_sources: tailwindcss_oxide::scanner: Discovering "D:\\Gawean Rebinmas\\Schedule Tracker\\schedule-tracker\\app\\auth\\login"
2026-02-10T04:44:41.993272Z  INFO get_files:scan_sources: tailwindcss_oxide::scanner: Discovering "D:\\Gawean Rebinmas\\Schedule Tracker\\schedule-tracker\\app\\auth\\register"
2026-02-10T04:44:41.993439Z  INFO get_files:scan_sources: tailwindcss_oxide::scanner: Discovering "D:\\Gawean Rebinmas\\Schedule Tracker\\schedule-tracker\\app\\dashboard"
2026-02-10T04:44:41.993662Z  INFO get_files:scan_sources: tailwindcss_oxide::scanner: Discovering "D:\\Gawean Rebinmas\\Schedule Tracker\\schedule-tracker\\app\\projects"
2026-02-10T04:44:41.993804Z  INFO get_files:scan_sources: tailwindcss_oxide::scanner: Discovering "D:\\Gawean Rebinmas\\Schedule Tracker\\schedule-tracker\\app\\projects\\[id]"
2026-02-10T04:44:41.993910Z  INFO get_files:scan_sources: tailwindcss_oxide::scanner: Discovering "D:\\Gawean Rebinmas\\Schedule Tracker\\schedule-tracker\\app\\projects\\[id]\\board"
2026-02-10T04:44:41.994063Z  INFO get_files:scan_sources: tailwindcss_oxide::scanner: Discovering "D:\\Gawean Rebinmas\\Schedule Tracker\\schedule-tracker\\app\\projects\\[id]\\board\\[taskId]"
2026-02-10T04:44:41.994217Z  INFO get_files:scan_sources: tailwindcss_oxide::scanner: Discovering "D:\\Gawean Rebinmas\\Schedule Tracker\\schedule-tracker\\app\\projects\\[id]\\dashboard"
2026-02-10T04:44:41.994435Z  INFO get_files:scan_sources: tailwindcss_oxide::scanner: Discovering "D:\\Gawean Rebinmas\\Schedule Tracker\\schedule-tracker\\app\\settings"
2026-02-10T04:44:41.994573Z  INFO get_files:scan_sources: tailwindcss_oxide::scanner: Discovering "D:\\Gawean Rebinmas\\Schedule Tracker\\schedule-tracker\\app\\users"
2026-02-10T04:44:41.994872Z  INFO get_files:scan_sources: tailwindcss_oxide::scanner: Discovering "D:\\Gawean Rebinmas\\Schedule Tracker\\schedule-tracker\\components"
2026-02-10T04:44:41.995011Z  INFO get_files:scan_sources: tailwindcss_oxide::scanner: Discovering "D:\\Gawean Rebinmas\\Schedule Tracker\\schedule-tracker\\components\\auth"
2026-02-10T04:44:41.995270Z  INFO get_files:scan_sources: tailwindcss_oxide::scanner: Discovering "D:\\Gawean Rebinmas\\Schedule Tracker\\schedule-tracker\\components\\dashboard"
2026-02-10T04:44:41.995459Z  INFO get_files:scan_sources: tailwindcss_oxide::scanner: Discovering "D:\\Gawean Rebinmas\\Schedule Tracker\\schedule-tracker\\components\\editor"
2026-02-10T04:44:41.995616Z  INFO get_files:scan_sources: tailwindcss_oxide::scanner: Discovering "D:\\Gawean Rebinmas\\Schedule Tracker\\schedule-tracker\\components\\editor\\components"
2026-02-10T04:44:41.995829Z  INFO get_files:scan_sources: tailwindcss_oxide::scanner: Discovering "D:\\Gawean Rebinmas\\Schedule Tracker\\schedule-tracker\\components\\kanban"
2026-02-10T04:44:41.996118Z  INFO get_files:scan_sources: tailwindcss_oxide::scanner: Discovering "D:\\Gawean Rebinmas\\Schedule Tracker\\schedule-tracker\\components\\notifications"
2026-02-10T04:44:41.996347Z  INFO get_files:scan_sources: tailwindcss_oxide::scanner: Discovering "D:\\Gawean Rebinmas\\Schedule Tracker\\schedule-tracker\\components\\shared"
2026-02-10T04:44:41.996619Z  INFO get_files:scan_sources: tailwindcss_oxide::scanner: Discovering "D:\\Gawean Rebinmas\\Schedule Tracker\\schedule-tracker\\components\\task"
2026-02-10T04:44:41.997199Z  INFO get_files:scan_sources: tailwindcss_oxide::scanner: Discovering "D:\\Gawean Rebinmas\\Schedule Tracker\\schedule-tracker\\components\\ui"
2026-02-10T04:44:41.998118Z  INFO get_files:scan_sources: tailwindcss_oxide::scanner: Discovering "D:\\Gawean Rebinmas\\Schedule Tracker\\schedule-tracker\\components\\users"
2026-02-10T04:44:41.998503Z  INFO get_files:scan_sources: tailwindcss_oxide::scanner: Discovering "D:\\Gawean Rebinmas\\Schedule Tracker\\schedule-tracker\\docs"
2026-02-10T04:44:41.998706Z  INFO get_files:scan_sources: tailwindcss_oxide::scanner: Discovering "D:\\Gawean Rebinmas\\Schedule Tracker\\schedule-tracker\\docs\\plans"
2026-02-10T04:44:41.999120Z  INFO get_files:scan_sources: tailwindcss_oxide::scanner: Discovering "D:\\Gawean Rebinmas\\Schedule Tracker\\schedule-tracker\\lib"
2026-02-10T04:44:41.999319Z  INFO get_files:scan_sources: tailwindcss_oxide::scanner: Discovering "D:\\Gawean Rebinmas\\Schedule Tracker\\schedule-tracker\\lib\\api"
2026-02-10T04:44:41.999948Z  INFO get_files:scan_sources: tailwindcss_oxide::scanner: Discovering "D:\\Gawean Rebinmas\\Schedule Tracker\\schedule-tracker\\prisma"
2026-02-10T04:44:42.000093Z  INFO get_files:scan_sources: tailwindcss_oxide::scanner: Discovering "D:\\Gawean Rebinmas\\Schedule Tracker\\schedule-tracker\\prisma\\migrations"
2026-02-10T04:44:42.000215Z  INFO get_files:scan_sources: tailwindcss_oxide::scanner: Discovering "D:\\Gawean Rebinmas\\Schedule Tracker\\schedule-tracker\\prisma\\migrations\\20260209082144_init"
2026-02-10T04:44:42.000434Z  INFO get_files:scan_sources: tailwindcss_oxide::scanner: Discovering "D:\\Gawean Rebinmas\\Schedule Tracker\\schedule-tracker\\prisma\\migrations\\20260209154500_add_documentation_attachments_comments"
2026-02-10T04:44:42.000612Z  INFO get_files:scan_sources: tailwindcss_oxide::scanner: Discovering "D:\\Gawean Rebinmas\\Schedule Tracker\\schedule-tracker\\prisma\\migrations\\20260209155443_fix_comment_updated_at_default"
2026-02-10T04:44:42.000773Z  INFO get_files:scan_sources: tailwindcss_oxide::scanner: Discovering "D:\\Gawean Rebinmas\\Schedule Tracker\\schedule-tracker\\prisma\\migrations\\20260210011223_add_auth_fields"
2026-02-10T04:44:42.001256Z  INFO get_files:scan_sources: tailwindcss_oxide::scanner: Discovering "D:\\Gawean Rebinmas\\Schedule Tracker\\schedule-tracker\\prisma\\migrations\\20260210032854_add_project_priority"
2026-02-10T04:44:42.001562Z  INFO get_files:scan_sources: tailwindcss_oxide::scanner: Discovering "D:\\Gawean Rebinmas\\Schedule Tracker\\schedule-tracker\\prisma\\migrations\\20260210034845_add_project_banner"
2026-02-10T04:44:42.001863Z  INFO get_files:scan_sources: tailwindcss_oxide::scanner: Discovering "D:\\Gawean Rebinmas\\Schedule Tracker\\schedule-tracker\\public"
2026-02-10T04:44:42.002061Z  INFO get_files:scan_sources: tailwindcss_oxide::scanner: Discovering "D:\\Gawean Rebinmas\\Schedule Tracker\\schedule-tracker\\public\\uploads"
2026-02-10T04:44:42.002384Z  INFO get_files:scan_sources: tailwindcss_oxide::scanner: exit
2026-02-10T04:44:42.002607Z  INFO get_files: tailwindcss_oxide::scanner: exit
2026-02-10T04:44:42.002924Z  INFO get_globs: tailwindcss_oxide::scanner: enter
2026-02-10T04:44:42.002932Z  INFO get_globs:scan_sources: tailwindcss_oxide::scanner: enter
2026-02-10T04:44:42.004432Z  INFO get_globs:scan_sources: tailwindcss_oxide::scanner: Discovering "D:\\Gawean Rebinmas\\Schedule Tracker\\schedule-tracker\\app"
2026-02-10T04:44:42.004578Z  INFO get_globs:scan_sources: tailwindcss_oxide::scanner: Discovering "D:\\Gawean Rebinmas\\Schedule Tracker\\schedule-tracker\\app\\actions"
2026-02-10T04:44:42.004857Z  INFO get_globs:scan_sources: tailwindcss_oxide::scanner: Discovering "D:\\Gawean Rebinmas\\Schedule Tracker\\schedule-tracker\\app\\api"
2026-02-10T04:44:42.004978Z  INFO get_globs:scan_sources: tailwindcss_oxide::scanner: Discovering "D:\\Gawean Rebinmas\\Schedule Tracker\\schedule-tracker\\app\\api\\logout"
2026-02-10T04:44:42.005150Z  INFO get_globs:scan_sources: tailwindcss_oxide::scanner: Discovering "D:\\Gawean Rebinmas\\Schedule Tracker\\schedule-tracker\\app\\api\\projects"
2026-02-10T04:44:42.005298Z  INFO get_globs:scan_sources: tailwindcss_oxide::scanner: Discovering "D:\\Gawean Rebinmas\\Schedule Tracker\\schedule-tracker\\app\\api\\projects\\[id]"
2026-02-10T04:44:42.005421Z  INFO get_globs:scan_sources: tailwindcss_oxide::scanner: Discovering "D:\\Gawean Rebinmas\\Schedule Tracker\\schedule-tracker\\app\\api\\projects\\[id]\\canvas"
2026-02-10T04:44:42.005575Z  INFO get_globs:scan_sources: tailwindcss_oxide::scanner: Discovering "D:\\Gawean Rebinmas\\Schedule Tracker\\schedule-tracker\\app\\api\\projects\\[id]\\dashboard"
2026-02-10T04:44:42.005767Z  INFO get_globs:scan_sources: tailwindcss_oxide::scanner: Discovering "D:\\Gawean Rebinmas\\Schedule Tracker\\schedule-tracker\\app\\api\\seed"
2026-02-10T04:44:42.005909Z  INFO get_globs:scan_sources: tailwindcss_oxide::scanner: Discovering "D:\\Gawean Rebinmas\\Schedule Tracker\\schedule-tracker\\app\\api\\statuses"
2026-02-10T04:44:42.006051Z  INFO get_globs:scan_sources: tailwindcss_oxide::scanner: Discovering "D:\\Gawean Rebinmas\\Schedule Tracker\\schedule-tracker\\app\\api\\tasks"
2026-02-10T04:44:42.006195Z  INFO get_globs:scan_sources: tailwindcss_oxide::scanner: Discovering "D:\\Gawean Rebinmas\\Schedule Tracker\\schedule-tracker\\app\\api\\tasks\\[id]"
2026-02-10T04:44:42.006351Z  INFO get_globs:scan_sources: tailwindcss_oxide::scanner: Discovering "D:\\Gawean Rebinmas\\Schedule Tracker\\schedule-tracker\\app\\api\\user"
2026-02-10T04:44:42.006502Z  INFO get_globs:scan_sources: tailwindcss_oxide::scanner: Discovering "D:\\Gawean Rebinmas\\Schedule Tracker\\schedule-tracker\\app\\auth"
2026-02-10T04:44:42.006605Z  INFO get_globs:scan_sources: tailwindcss_oxide::scanner: Discovering "D:\\Gawean Rebinmas\\Schedule Tracker\\schedule-tracker\\app\\auth\\login"
2026-02-10T04:44:42.006744Z  INFO get_globs:scan_sources: tailwindcss_oxide::scanner: Discovering "D:\\Gawean Rebinmas\\Schedule Tracker\\schedule-tracker\\app\\auth\\register"
2026-02-10T04:44:42.006891Z  INFO get_globs:scan_sources: tailwindcss_oxide::scanner: Discovering "D:\\Gawean Rebinmas\\Schedule Tracker\\schedule-tracker\\app\\dashboard"
2026-02-10T04:44:42.007105Z  INFO get_globs:scan_sources: tailwindcss_oxide::scanner: Discovering "D:\\Gawean Rebinmas\\Schedule Tracker\\schedule-tracker\\app\\projects"
2026-02-10T04:44:42.007234Z  INFO get_globs:scan_sources: tailwindcss_oxide::scanner: Discovering "D:\\Gawean Rebinmas\\Schedule Tracker\\schedule-tracker\\app\\projects\\[id]"
2026-02-10T04:44:42.007343Z  INFO get_globs:scan_sources: tailwindcss_oxide::scanner: Discovering "D:\\Gawean Rebinmas\\Schedule Tracker\\schedule-tracker\\app\\projects\\[id]\\board"
2026-02-10T04:44:42.007499Z  INFO get_globs:scan_sources: tailwindcss_oxide::scanner: Discovering "D:\\Gawean Rebinmas\\Schedule Tracker\\schedule-tracker\\app\\projects\\[id]\\board\\[taskId]"
2026-02-10T04:44:42.007667Z  INFO get_globs:scan_sources: tailwindcss_oxide::scanner: Discovering "D:\\Gawean Rebinmas\\Schedule Tracker\\schedule-tracker\\app\\projects\\[id]\\dashboard"
2026-02-10T04:44:42.007858Z  INFO get_globs:scan_sources: tailwindcss_oxide::scanner: Discovering "D:\\Gawean Rebinmas\\Schedule Tracker\\schedule-tracker\\app\\settings"
2026-02-10T04:44:42.008002Z  INFO get_globs:scan_sources: tailwindcss_oxide::scanner: Discovering "D:\\Gawean Rebinmas\\Schedule Tracker\\schedule-tracker\\app\\users"
2026-02-10T04:44:42.008367Z  INFO get_globs:scan_sources: tailwindcss_oxide::scanner: Discovering "D:\\Gawean Rebinmas\\Schedule Tracker\\schedule-tracker\\components"
2026-02-10T04:44:42.008516Z  INFO get_globs:scan_sources: tailwindcss_oxide::scanner: Discovering "D:\\Gawean Rebinmas\\Schedule Tracker\\schedule-tracker\\components\\auth"
2026-02-10T04:44:42.008793Z  INFO get_globs:scan_sources: tailwindcss_oxide::scanner: Discovering "D:\\Gawean Rebinmas\\Schedule Tracker\\schedule-tracker\\components\\dashboard"
2026-02-10T04:44:42.009089Z  INFO get_globs:scan_sources: tailwindcss_oxide::scanner: Discovering "D:\\Gawean Rebinmas\\Schedule Tracker\\schedule-tracker\\components\\editor"
2026-02-10T04:44:42.009313Z  INFO get_globs:scan_sources: tailwindcss_oxide::scanner: Discovering "D:\\Gawean Rebinmas\\Schedule Tracker\\schedule-tracker\\components\\editor\\components"
2026-02-10T04:44:42.009519Z  INFO get_globs:scan_sources: tailwindcss_oxide::scanner: Discovering "D:\\Gawean Rebinmas\\Schedule Tracker\\schedule-tracker\\components\\kanban"
2026-02-10T04:44:42.009795Z  INFO get_globs:scan_sources: tailwindcss_oxide::scanner: Discovering "D:\\Gawean Rebinmas\\Schedule Tracker\\schedule-tracker\\components\\notifications"
2026-02-10T04:44:42.010006Z  INFO get_globs:scan_sources: tailwindcss_oxide::scanner: Discovering "D:\\Gawean Rebinmas\\Schedule Tracker\\schedule-tracker\\components\\shared"
2026-02-10T04:44:42.010325Z  INFO get_globs:scan_sources: tailwindcss_oxide::scanner: Discovering "D:\\Gawean Rebinmas\\Schedule Tracker\\schedule-tracker\\components\\task"
2026-02-10T04:44:42.010731Z  INFO get_globs:scan_sources: tailwindcss_oxide::scanner: Discovering "D:\\Gawean Rebinmas\\Schedule Tracker\\schedule-tracker\\components\\ui"
2026-02-10T04:44:42.011271Z  INFO get_globs:scan_sources: tailwindcss_oxide::scanner: Discovering "D:\\Gawean Rebinmas\\Schedule Tracker\\schedule-tracker\\components\\users"
2026-02-10T04:44:42.011482Z  INFO get_globs:scan_sources: tailwindcss_oxide::scanner: Discovering "D:\\Gawean Rebinmas\\Schedule Tracker\\schedule-tracker\\docs"
2026-02-10T04:44:42.011598Z  INFO get_globs:scan_sources: tailwindcss_oxide::scanner: Discovering "D:\\Gawean Rebinmas\\Schedule Tracker\\schedule-tracker\\docs\\plans"
2026-02-10T04:44:42.011843Z  INFO get_globs:scan_sources: tailwindcss_oxide::scanner: Discovering "D:\\Gawean Rebinmas\\Schedule Tracker\\schedule-tracker\\lib"
2026-02-10T04:44:42.011977Z  INFO get_globs:scan_sources: tailwindcss_oxide::scanner: Discovering "D:\\Gawean Rebinmas\\Schedule Tracker\\schedule-tracker\\lib\\api"
2026-02-10T04:44:42.012652Z  INFO get_globs:scan_sources: tailwindcss_oxide::scanner: Discovering "D:\\Gawean Rebinmas\\Schedule Tracker\\schedule-tracker\\prisma"
2026-02-10T04:44:42.012782Z  INFO get_globs:scan_sources: tailwindcss_oxide::scanner: Discovering "D:\\Gawean Rebinmas\\Schedule Tracker\\schedule-tracker\\prisma\\migrations"
2026-02-10T04:44:42.012899Z  INFO get_globs:scan_sources: tailwindcss_oxide::scanner: Discovering "D:\\Gawean Rebinmas\\Schedule Tracker\\schedule-tracker\\prisma\\migrations\\20260209082144_init"
2026-02-10T04:44:42.013071Z  INFO get_globs:scan_sources: tailwindcss_oxide::scanner: Discovering "D:\\Gawean Rebinmas\\Schedule Tracker\\schedule-tracker\\prisma\\migrations\\20260209154500_add_documentation_attachments_comments"
2026-02-10T04:44:42.013230Z  INFO get_globs:scan_sources: tailwindcss_oxide::scanner: Discovering "D:\\Gawean Rebinmas\\Schedule Tracker\\schedule-tracker\\prisma\\migrations\\20260209155443_fix_comment_updated_at_default"
2026-02-10T04:44:42.013391Z  INFO get_globs:scan_sources: tailwindcss_oxide::scanner: Discovering "D:\\Gawean Rebinmas\\Schedule Tracker\\schedule-tracker\\prisma\\migrations\\20260210011223_add_auth_fields"
2026-02-10T04:44:42.013540Z  INFO get_globs:scan_sources: tailwindcss_oxide::scanner: Discovering "D:\\Gawean Rebinmas\\Schedule Tracker\\schedule-tracker\\prisma\\migrations\\20260210032854_add_project_priority"
2026-02-10T04:44:42.013691Z  INFO get_globs:scan_sources: tailwindcss_oxide::scanner: Discovering "D:\\Gawean Rebinmas\\Schedule Tracker\\schedule-tracker\\prisma\\migrations\\20260210034845_add_project_banner"
2026-02-10T04:44:42.013972Z  INFO get_globs:scan_sources: tailwindcss_oxide::scanner: Discovering "D:\\Gawean Rebinmas\\Schedule Tracker\\schedule-tracker\\public"
2026-02-10T04:44:42.014172Z  INFO get_globs:scan_sources: tailwindcss_oxide::scanner: Discovering "D:\\Gawean Rebinmas\\Schedule Tracker\\schedule-tracker\\public\\uploads"
2026-02-10T04:44:42.014542Z  INFO get_globs:scan_sources: tailwindcss_oxide::scanner: exit
2026-02-10T04:44:42.021905Z  INFO get_globs: tailwindcss_oxide::scanner: exit
