2026-02-10T04:44:03.928692Z  INFO tailwindcss_oxide::scanner: Provided sources:
2026-02-10T04:44:03.929915Z  INFO tailwindcss_oxide::scanner: Source: PublicSourceEntry { base: "D:\\Gawean Rebinmas\\Schedule Tracker\\schedule-tracker", pattern: "**/*", negated: false }
2026-02-10T04:44:03.930773Z  INFO tailwindcss_oxide::scanner: Optimized sources:
2026-02-10T04:44:03.930804Z  INFO tailwindcss_oxide::scanner: Source: Auto { base: "D:\\Gawean Rebinmas\\Schedule Tracker\\schedule-tracker" }
2026-02-10T04:44:03.934369Z  INFO scan_sources: tailwindcss_oxide::scanner: enter
2026-02-10T04:44:03.936937Z  INFO scan_sources: tailwindcss_oxide::scanner: Discovering "D:\\Gawean Rebinmas\\Schedule Tracker\\schedule-tracker\\app"
2026-02-10T04:44:03.937491Z  INFO scan_sources: tailwindcss_oxide::scanner: Discovering "D:\\Gawean Rebinmas\\Schedule Tracker\\schedule-tracker\\app\\actions"
2026-02-10T04:44:03.937689Z  INFO scan_sources: tailwindcss_oxide::scanner: Discovering "D:\\Gawean Rebinmas\\Schedule Tracker\\schedule-tracker\\app\\actions\\auth.ts"
2026-02-10T04:44:03.937785Z  INFO scan_sources: tailwindcss_oxide::scanner: Discovering "D:\\Gawean Rebinmas\\Schedule Tracker\\schedule-tracker\\app\\actions\\dashboard.ts"
2026-02-10T04:44:03.937859Z  INFO scan_sources: tailwindcss_oxide::scanner: Discovering "D:\\Gawean Rebinmas\\Schedule Tracker\\schedule-tracker\\app\\actions\\project.ts"
2026-02-10T04:44:03.937930Z  INFO scan_sources: tailwindcss_oxide::scanner: Discovering "D:\\Gawean Rebinmas\\Schedule Tracker\\schedule-tracker\\app\\actions\\task.ts"
2026-02-10T04:44:03.937998Z  INFO scan_sources: tailwindcss_oxide::scanner: Discovering "D:\\Gawean Rebinmas\\Schedule Tracker\\schedule-tracker\\app\\actions\\user.ts"
2026-02-10T04:44:03.938137Z  INFO scan_sources: tailwindcss_oxide::scanner: Discovering "D:\\Gawean Rebinmas\\Schedule Tracker\\schedule-tracker\\app\\api"
2026-02-10T04:44:03.938328Z  INFO scan_sources: tailwindcss_oxide::scanner: Discovering "D:\\Gawean Rebinmas\\Schedule Tracker\\schedule-tracker\\app\\api\\logout"
2026-02-10T04:44:03.938515Z  INFO scan_sources: tailwindcss_oxide::scanner: Discovering "D:\\Gawean Rebinmas\\Schedule Tracker\\schedule-tracker\\app\\api\\logout\\route.ts"
2026-02-10T04:44:03.938635Z  INFO scan_sources: tailwindcss_oxide::scanner: Discovering "D:\\Gawean Rebinmas\\Schedule Tracker\\schedule-tracker\\app\\api\\projects"
2026-02-10T04:44:03.938772Z  INFO scan_sources: tailwindcss_oxide::scanner: Discovering "D:\\Gawean Rebinmas\\Schedule Tracker\\schedule-tracker\\app\\api\\projects\\route.ts"
2026-02-10T04:44:03.938878Z  INFO scan_sources: tailwindcss_oxide::scanner: Discovering "D:\\Gawean Rebinmas\\Schedule Tracker\\schedule-tracker\\app\\api\\projects\\[id]"
2026-02-10T04:44:03.939219Z  INFO scan_sources: tailwindcss_oxide::scanner: Discovering "D:\\Gawean Rebinmas\\Schedule Tracker\\schedule-tracker\\app\\api\\projects\\[id]\\canvas"
2026-02-10T04:44:03.939388Z  INFO scan_sources: tailwindcss_oxide::scanner: Discovering "D:\\Gawean Rebinmas\\Schedule Tracker\\schedule-tracker\\app\\api\\projects\\[id]\\canvas\\route.ts"
2026-02-10T04:44:03.939514Z  INFO scan_sources: tailwindcss_oxide::scanner: Discovering "D:\\Gawean Rebinmas\\Schedule Tracker\\schedule-tracker\\app\\api\\projects\\[id]\\dashboard"
2026-02-10T04:44:03.939751Z  INFO scan_sources: tailwindcss_oxide::scanner: Discovering "D:\\Gawean Rebinmas\\Schedule Tracker\\schedule-tracker\\app\\api\\projects\\[id]\\dashboard\\route.ts"
2026-02-10T04:44:03.939853Z  INFO scan_sources: tailwindcss_oxide::scanner: Discovering "D:\\Gawean Rebinmas\\Schedule Tracker\\schedule-tracker\\app\\api\\projects\\[id]\\route.ts"
2026-02-10T04:44:03.940021Z  INFO scan_sources: tailwindcss_oxide::scanner: Discovering "D:\\Gawean Rebinmas\\Schedule Tracker\\schedule-tracker\\app\\api\\seed"
2026-02-10T04:44:03.940257Z  INFO scan_sources: tailwindcss_oxide::scanner: Discovering "D:\\Gawean Rebinmas\\Schedule Tracker\\schedule-tracker\\app\\api\\seed\\route.ts"
2026-02-10T04:44:03.940437Z  INFO scan_sources: tailwindcss_oxide::scanner: Discovering "D:\\Gawean Rebinmas\\Schedule Tracker\\schedule-tracker\\app\\api\\statuses"
2026-02-10T04:44:03.940896Z  INFO scan_sources: tailwindcss_oxide::scanner: Discovering "D:\\Gawean Rebinmas\\Schedule Tracker\\schedule-tracker\\app\\api\\statuses\\route.ts"
2026-02-10T04:44:03.941046Z  INFO scan_sources: tailwindcss_oxide::scanner: Discovering "D:\\Gawean Rebinmas\\Schedule Tracker\\schedule-tracker\\app\\api\\tasks"
2026-02-10T04:44:03.941232Z  INFO scan_sources: tailwindcss_oxide::scanner: Discovering "D:\\Gawean Rebinmas\\Schedule Tracker\\schedule-tracker\\app\\api\\tasks\\route.ts"
2026-02-10T04:44:03.941361Z  INFO scan_sources: tailwindcss_oxide::scanner: Discovering "D:\\Gawean Rebinmas\\Schedule Tracker\\schedule-tracker\\app\\api\\tasks\\[id]"
2026-02-10T04:44:03.941534Z  INFO scan_sources: tailwindcss_oxide::scanner: Discovering "D:\\Gawean Rebinmas\\Schedule Tracker\\schedule-tracker\\app\\api\\tasks\\[id]\\route.ts"
2026-02-10T04:44:03.941764Z  INFO scan_sources: tailwindcss_oxide::scanner: Discovering "D:\\Gawean Rebinmas\\Schedule Tracker\\schedule-tracker\\app\\api\\user"
2026-02-10T04:44:03.941922Z  INFO scan_sources: tailwindcss_oxide::scanner: Discovering "D:\\Gawean Rebinmas\\Schedule Tracker\\schedule-tracker\\app\\api\\user\\route.ts"
2026-02-10T04:44:03.942071Z  INFO scan_sources: tailwindcss_oxide::scanner: Discovering "D:\\Gawean Rebinmas\\Schedule Tracker\\schedule-tracker\\app\\auth"
2026-02-10T04:44:03.942292Z  INFO scan_sources: tailwindcss_oxide::scanner: Discovering "D:\\Gawean Rebinmas\\Schedule Tracker\\schedule-tracker\\app\\auth\\login"
2026-02-10T04:44:03.942455Z  INFO scan_sources: tailwindcss_oxide::scanner: Discovering "D:\\Gawean Rebinmas\\Schedule Tracker\\schedule-tracker\\app\\auth\\login\\page.tsx"
2026-02-10T04:44:03.942699Z  INFO scan_sources: tailwindcss_oxide::scanner: Discovering "D:\\Gawean Rebinmas\\Schedule Tracker\\schedule-tracker\\app\\auth\\register"
2026-02-10T04:44:03.942888Z  INFO scan_sources: tailwindcss_oxide::scanner: Discovering "D:\\Gawean Rebinmas\\Schedule Tracker\\schedule-tracker\\app\\auth\\register\\page.tsx"
2026-02-10T04:44:03.943018Z  INFO scan_sources: tailwindcss_oxide::scanner: Discovering "D:\\Gawean Rebinmas\\Schedule Tracker\\schedule-tracker\\app\\dashboard"
2026-02-10T04:44:03.943158Z  INFO scan_sources: tailwindcss_oxide::scanner: Discovering "D:\\Gawean Rebinmas\\Schedule Tracker\\schedule-tracker\\app\\dashboard\\page.tsx"
2026-02-10T04:44:03.943391Z  INFO scan_sources: tailwindcss_oxide::scanner: Discovering "D:\\Gawean Rebinmas\\Schedule Tracker\\schedule-tracker\\app\\globals.css"
2026-02-10T04:44:03.943490Z  INFO scan_sources: tailwindcss_oxide::scanner: Discovering "D:\\Gawean Rebinmas\\Schedule Tracker\\schedule-tracker\\app\\layout.tsx"
2026-02-10T04:44:03.943561Z  INFO scan_sources: tailwindcss_oxide::scanner: Discovering "D:\\Gawean Rebinmas\\Schedule Tracker\\schedule-tracker\\app\\page.tsx"
2026-02-10T04:44:03.943687Z  INFO scan_sources: tailwindcss_oxide::scanner: Discovering "D:\\Gawean Rebinmas\\Schedule Tracker\\schedule-tracker\\app\\projects"
2026-02-10T04:44:03.943848Z  INFO scan_sources: tailwindcss_oxide::scanner: Discovering "D:\\Gawean Rebinmas\\Schedule Tracker\\schedule-tracker\\app\\projects\\page.tsx"
2026-02-10T04:44:03.943962Z  INFO scan_sources: tailwindcss_oxide::scanner: Discovering "D:\\Gawean Rebinmas\\Schedule Tracker\\schedule-tracker\\app\\projects\\[id]"
2026-02-10T04:44:03.944144Z  INFO scan_sources: tailwindcss_oxide::scanner: Discovering "D:\\Gawean Rebinmas\\Schedule Tracker\\schedule-tracker\\app\\projects\\[id]\\board"
2026-02-10T04:44:03.944292Z  INFO scan_sources: tailwindcss_oxide::scanner: Discovering "D:\\Gawean Rebinmas\\Schedule Tracker\\schedule-tracker\\app\\projects\\[id]\\board\\BoardPageClient.tsx"
2026-02-10T04:44:03.944361Z  INFO scan_sources: tailwindcss_oxide::scanner: Discovering "D:\\Gawean Rebinmas\\Schedule Tracker\\schedule-tracker\\app\\projects\\[id]\\board\\page.tsx"
2026-02-10T04:44:03.944508Z  INFO scan_sources: tailwindcss_oxide::scanner: Discovering "D:\\Gawean Rebinmas\\Schedule Tracker\\schedule-tracker\\app\\projects\\[id]\\board\\[taskId]"
2026-02-10T04:44:03.944773Z  INFO scan_sources: tailwindcss_oxide::scanner: Discovering "D:\\Gawean Rebinmas\\Schedule Tracker\\schedule-tracker\\app\\projects\\[id]\\board\\[taskId]\\page.tsx"
2026-02-10T04:44:03.944935Z  INFO scan_sources: tailwindcss_oxide::scanner: Discovering "D:\\Gawean Rebinmas\\Schedule Tracker\\schedule-tracker\\app\\projects\\[id]\\dashboard"
2026-02-10T04:44:03.945130Z  INFO scan_sources: tailwindcss_oxide::scanner: Discovering "D:\\Gawean Rebinmas\\Schedule Tracker\\schedule-tracker\\app\\projects\\[id]\\page.tsx"
2026-02-10T04:44:03.945345Z  INFO scan_sources: tailwindcss_oxide::scanner: Discovering "D:\\Gawean Rebinmas\\Schedule Tracker\\schedule-tracker\\app\\projects\\[id]\\ProjectBoardClient.tsx"
2026-02-10T04:44:03.945663Z  INFO scan_sources: tailwindcss_oxide::scanner: Discovering "D:\\Gawean Rebinmas\\Schedule Tracker\\schedule-tracker\\app\\settings"
2026-02-10T04:44:03.946011Z  INFO scan_sources: tailwindcss_oxide::scanner: Discovering "D:\\Gawean Rebinmas\\Schedule Tracker\\schedule-tracker\\app\\settings\\page.tsx"
2026-02-10T04:44:03.946264Z  INFO scan_sources: tailwindcss_oxide::scanner: Discovering "D:\\Gawean Rebinmas\\Schedule Tracker\\schedule-tracker\\app\\users"
2026-02-10T04:44:03.946666Z  INFO scan_sources: tailwindcss_oxide::scanner: Discovering "D:\\Gawean Rebinmas\\Schedule Tracker\\schedule-tracker\\app\\users\\page.tsx"
2026-02-10T04:44:03.946943Z  INFO scan_sources: tailwindcss_oxide::scanner: Discovering "D:\\Gawean Rebinmas\\Schedule Tracker\\schedule-tracker\\AUTOMATED_COMMIT_README.md"
2026-02-10T04:44:03.947113Z  INFO scan_sources: tailwindcss_oxide::scanner: Discovering "D:\\Gawean Rebinmas\\Schedule Tracker\\schedule-tracker\\commit-and-push.bat"
2026-02-10T04:44:03.947264Z  INFO scan_sources: tailwindcss_oxide::scanner: Discovering "D:\\Gawean Rebinmas\\Schedule Tracker\\schedule-tracker\\commit-and-push.js"
2026-02-10T04:44:03.947429Z  INFO scan_sources: tailwindcss_oxide::scanner: Discovering "D:\\Gawean Rebinmas\\Schedule Tracker\\schedule-tracker\\commit-and-push.ps1"
2026-02-10T04:44:03.947607Z  INFO scan_sources: tailwindcss_oxide::scanner: Discovering "D:\\Gawean Rebinmas\\Schedule Tracker\\schedule-tracker\\commit-and-push.sh"
2026-02-10T04:44:03.947922Z  INFO scan_sources: tailwindcss_oxide::scanner: Discovering "D:\\Gawean Rebinmas\\Schedule Tracker\\schedule-tracker\\components"
2026-02-10T04:44:03.948242Z  INFO scan_sources: tailwindcss_oxide::scanner: Discovering "D:\\Gawean Rebinmas\\Schedule Tracker\\schedule-tracker\\components\\AppShell.tsx"
2026-02-10T04:44:03.948549Z  INFO scan_sources: tailwindcss_oxide::scanner: Discovering "D:\\Gawean Rebinmas\\Schedule Tracker\\schedule-tracker\\components\\auth"
2026-02-10T04:44:03.948936Z  INFO scan_sources: tailwindcss_oxide::scanner: Discovering "D:\\Gawean Rebinmas\\Schedule Tracker\\schedule-tracker\\components\\auth\\login-form.tsx"
2026-02-10T04:44:03.949083Z  INFO scan_sources: tailwindcss_oxide::scanner: Discovering "D:\\Gawean Rebinmas\\Schedule Tracker\\schedule-tracker\\components\\auth\\register-form.tsx"
2026-02-10T04:44:03.949219Z  INFO scan_sources: tailwindcss_oxide::scanner: Discovering "D:\\Gawean Rebinmas\\Schedule Tracker\\schedule-tracker\\components\\auth\\user-menu.tsx"
2026-02-10T04:44:03.949380Z  INFO scan_sources: tailwindcss_oxide::scanner: Discovering "D:\\Gawean Rebinmas\\Schedule Tracker\\schedule-tracker\\components\\Breadcrumbs.tsx"
2026-02-10T04:44:03.949508Z  INFO scan_sources: tailwindcss_oxide::scanner: Discovering "D:\\Gawean Rebinmas\\Schedule Tracker\\schedule-tracker\\components\\CanvasBoard.tsx"
2026-02-10T04:44:03.949623Z  INFO scan_sources: tailwindcss_oxide::scanner: Discovering "D:\\Gawean Rebinmas\\Schedule Tracker\\schedule-tracker\\components\\CreateTaskDialog.tsx"
2026-02-10T04:44:03.949816Z  INFO scan_sources: tailwindcss_oxide::scanner: Discovering "D:\\Gawean Rebinmas\\Schedule Tracker\\schedule-tracker\\components\\dashboard"
2026-02-10T04:44:03.950063Z  INFO scan_sources: tailwindcss_oxide::scanner: Discovering "D:\\Gawean Rebinmas\\Schedule Tracker\\schedule-tracker\\components\\dashboard\\Dashboard.tsx"
2026-02-10T04:44:03.950188Z  INFO scan_sources: tailwindcss_oxide::scanner: Discovering "D:\\Gawean Rebinmas\\Schedule Tracker\\schedule-tracker\\components\\dashboard\\ProgressBar.tsx"
2026-02-10T04:44:03.950295Z  INFO scan_sources: tailwindcss_oxide::scanner: Discovering "D:\\Gawean Rebinmas\\Schedule Tracker\\schedule-tracker\\components\\dashboard\\StatCards.tsx"
2026-02-10T04:44:03.950664Z  INFO scan_sources: tailwindcss_oxide::scanner: Discovering "D:\\Gawean Rebinmas\\Schedule Tracker\\schedule-tracker\\components\\editor"
2026-02-10T04:44:03.950972Z  INFO scan_sources: tailwindcss_oxide::scanner: Discovering "D:\\Gawean Rebinmas\\Schedule Tracker\\schedule-tracker\\components\\editor\\.gitkeep"
2026-02-10T04:44:03.951105Z  INFO scan_sources: tailwindcss_oxide::scanner: Discovering "D:\\Gawean Rebinmas\\Schedule Tracker\\schedule-tracker\\components\\editor\\BlockEditor.tsx"
2026-02-10T04:44:03.951299Z  INFO scan_sources: tailwindcss_oxide::scanner: Discovering "D:\\Gawean Rebinmas\\Schedule Tracker\\schedule-tracker\\components\\editor\\components"
2026-02-10T04:44:03.951578Z  INFO scan_sources: tailwindcss_oxide::scanner: Discovering "D:\\Gawean Rebinmas\\Schedule Tracker\\schedule-tracker\\components\\editor\\EditorMenuBar.tsx"
2026-02-10T04:44:03.951707Z  INFO scan_sources: tailwindcss_oxide::scanner: Discovering "D:\\Gawean Rebinmas\\Schedule Tracker\\schedule-tracker\\components\\editor\\NovelEditor.tsx"
2026-02-10T04:44:03.951865Z  INFO scan_sources: tailwindcss_oxide::scanner: Discovering "D:\\Gawean Rebinmas\\Schedule Tracker\\schedule-tracker\\components\\ExcalidrawWrapper.tsx"
2026-02-10T04:44:03.952072Z  INFO scan_sources: tailwindcss_oxide::scanner: Discovering "D:\\Gawean Rebinmas\\Schedule Tracker\\schedule-tracker\\components\\kanban"
2026-02-10T04:44:03.952345Z  INFO scan_sources: tailwindcss_oxide::scanner: Discovering "D:\\Gawean Rebinmas\\Schedule Tracker\\schedule-tracker\\components\\kanban\\.gitkeep"
2026-02-10T04:44:03.952468Z  INFO scan_sources: tailwindcss_oxide::scanner: Discovering "D:\\Gawean Rebinmas\\Schedule Tracker\\schedule-tracker\\components\\kanban\\KanbanColumn.tsx"
2026-02-10T04:44:03.952584Z  INFO scan_sources: tailwindcss_oxide::scanner: Discovering "D:\\Gawean Rebinmas\\Schedule Tracker\\schedule-tracker\\components\\kanban\\KanbanHeader.tsx"
2026-02-10T04:44:03.952739Z  INFO scan_sources: tailwindcss_oxide::scanner: Discovering "D:\\Gawean Rebinmas\\Schedule Tracker\\schedule-tracker\\components\\KanbanBoard.tsx"
2026-02-10T04:44:03.952863Z  INFO scan_sources: tailwindcss_oxide::scanner: Discovering "D:\\Gawean Rebinmas\\Schedule Tracker\\schedule-tracker\\components\\KanbanTask.tsx"
2026-02-10T04:44:03.952983Z  INFO scan_sources: tailwindcss_oxide::scanner: Discovering "D:\\Gawean Rebinmas\\Schedule Tracker\\schedule-tracker\\components\\layout-provider.tsx"
2026-02-10T04:44:03.953132Z  INFO scan_sources: tailwindcss_oxide::scanner: Discovering "D:\\Gawean Rebinmas\\Schedule Tracker\\schedule-tracker\\components\\LayoutSwitcher.tsx"
2026-02-10T04:44:03.953498Z  INFO scan_sources: tailwindcss_oxide::scanner: Discovering "D:\\Gawean Rebinmas\\Schedule Tracker\\schedule-tracker\\components\\notifications"
2026-02-10T04:44:03.953906Z  INFO scan_sources: tailwindcss_oxide::scanner: Discovering "D:\\Gawean Rebinmas\\Schedule Tracker\\schedule-tracker\\components\\notifications\\.gitkeep"
2026-02-10T04:44:03.954077Z  INFO scan_sources: tailwindcss_oxide::scanner: Discovering "D:\\Gawean Rebinmas\\Schedule Tracker\\schedule-tracker\\components\\notifications\\DeadlineAlertBar.tsx"
2026-02-10T04:44:03.954396Z  INFO scan_sources: tailwindcss_oxide::scanner: Discovering "D:\\Gawean Rebinmas\\Schedule Tracker\\schedule-tracker\\components\\QuickActions.tsx"
2026-02-10T04:44:03.954528Z  INFO scan_sources: tailwindcss_oxide::scanner: Discovering "D:\\Gawean Rebinmas\\Schedule Tracker\\schedule-tracker\\components\\RichTextEditor.tsx"
2026-02-10T04:44:03.954758Z  INFO scan_sources: tailwindcss_oxide::scanner: Discovering "D:\\Gawean Rebinmas\\Schedule Tracker\\schedule-tracker\\components\\shared"
2026-02-10T04:44:03.955216Z  INFO scan_sources: tailwindcss_oxide::scanner: Discovering "D:\\Gawean Rebinmas\\Schedule Tracker\\schedule-tracker\\components\\Sidebar.tsx"
2026-02-10T04:44:03.955377Z  INFO scan_sources: tailwindcss_oxide::scanner: Discovering "D:\\Gawean Rebinmas\\Schedule Tracker\\schedule-tracker\\components\\SkipLink.tsx"
2026-02-10T04:44:03.955576Z  INFO scan_sources: tailwindcss_oxide::scanner: Discovering "D:\\Gawean Rebinmas\\Schedule Tracker\\schedule-tracker\\components\\task"
2026-02-10T04:44:03.955808Z  INFO scan_sources: tailwindcss_oxide::scanner: Discovering "D:\\Gawean Rebinmas\\Schedule Tracker\\schedule-tracker\\components\\task\\.gitkeep"
2026-02-10T04:44:03.955925Z  INFO scan_sources: tailwindcss_oxide::scanner: Discovering "D:\\Gawean Rebinmas\\Schedule Tracker\\schedule-tracker\\components\\task\\index.ts"
2026-02-10T04:44:03.956184Z  INFO scan_sources: tailwindcss_oxide::scanner: Discovering "D:\\Gawean Rebinmas\\Schedule Tracker\\schedule-tracker\\components\\task\\TaskDescriptionEditor.tsx"
2026-02-10T04:44:03.956310Z  INFO scan_sources: tailwindcss_oxide::scanner: Discovering "D:\\Gawean Rebinmas\\Schedule Tracker\\schedule-tracker\\components\\task\\TaskDetailHeader.tsx"
2026-02-10T04:44:03.956456Z  INFO scan_sources: tailwindcss_oxide::scanner: Discovering "D:\\Gawean Rebinmas\\Schedule Tracker\\schedule-tracker\\components\\task\\TaskMetadata.tsx"
2026-02-10T04:44:03.956641Z  INFO scan_sources: tailwindcss_oxide::scanner: Discovering "D:\\Gawean Rebinmas\\Schedule Tracker\\schedule-tracker\\components\\theme-provider.tsx"
2026-02-10T04:44:03.956747Z  INFO scan_sources: tailwindcss_oxide::scanner: Discovering "D:\\Gawean Rebinmas\\Schedule Tracker\\schedule-tracker\\components\\theme-toggle.tsx"
2026-02-10T04:44:03.957009Z  INFO scan_sources: tailwindcss_oxide::scanner: Discovering "D:\\Gawean Rebinmas\\Schedule Tracker\\schedule-tracker\\components\\ui"
2026-02-10T04:44:03.957247Z  INFO scan_sources: tailwindcss_oxide::scanner: Discovering "D:\\Gawean Rebinmas\\Schedule Tracker\\schedule-tracker\\components\\ui\\avatar.tsx"
2026-02-10T04:44:03.957326Z  INFO scan_sources: tailwindcss_oxide::scanner: Discovering "D:\\Gawean Rebinmas\\Schedule Tracker\\schedule-tracker\\components\\ui\\badge.tsx"
2026-02-10T04:44:03.957394Z  INFO scan_sources: tailwindcss_oxide::scanner: Discovering "D:\\Gawean Rebinmas\\Schedule Tracker\\schedule-tracker\\components\\ui\\button.tsx"
2026-02-10T04:44:03.957459Z  INFO scan_sources: tailwindcss_oxide::scanner: Discovering "D:\\Gawean Rebinmas\\Schedule Tracker\\schedule-tracker\\components\\ui\\card.tsx"
2026-02-10T04:44:03.957524Z  INFO scan_sources: tailwindcss_oxide::scanner: Discovering "D:\\Gawean Rebinmas\\Schedule Tracker\\schedule-tracker\\components\\ui\\dialog.tsx"
2026-02-10T04:44:03.957589Z  INFO scan_sources: tailwindcss_oxide::scanner: Discovering "D:\\Gawean Rebinmas\\Schedule Tracker\\schedule-tracker\\components\\ui\\input.tsx"
2026-02-10T04:44:03.957652Z  INFO scan_sources: tailwindcss_oxide::scanner: Discovering "D:\\Gawean Rebinmas\\Schedule Tracker\\schedule-tracker\\components\\ui\\label.tsx"
2026-02-10T04:44:03.957717Z  INFO scan_sources: tailwindcss_oxide::scanner: Discovering "D:\\Gawean Rebinmas\\Schedule Tracker\\schedule-tracker\\components\\ui\\progress.tsx"
2026-02-10T04:44:03.957780Z  INFO scan_sources: tailwindcss_oxide::scanner: Discovering "D:\\Gawean Rebinmas\\Schedule Tracker\\schedule-tracker\\components\\ui\\separator.tsx"
2026-02-10T04:44:03.957846Z  INFO scan_sources: tailwindcss_oxide::scanner: Discovering "D:\\Gawean Rebinmas\\Schedule Tracker\\schedule-tracker\\components\\ui\\skeleton.tsx"
2026-02-10T04:44:03.957911Z  INFO scan_sources: tailwindcss_oxide::scanner: Discovering "D:\\Gawean Rebinmas\\Schedule Tracker\\schedule-tracker\\components\\ui\\textarea.tsx"
2026-02-10T04:44:03.957976Z  INFO scan_sources: tailwindcss_oxide::scanner: Discovering "D:\\Gawean Rebinmas\\Schedule Tracker\\schedule-tracker\\components\\ui\\toast.tsx"
2026-02-10T04:44:03.958048Z  INFO scan_sources: tailwindcss_oxide::scanner: Discovering "D:\\Gawean Rebinmas\\Schedule Tracker\\schedule-tracker\\components\\ui\\toaster.tsx"
2026-02-10T04:44:03.958119Z  INFO scan_sources: tailwindcss_oxide::scanner: Discovering "D:\\Gawean Rebinmas\\Schedule Tracker\\schedule-tracker\\components\\ui\\tooltip.tsx"
2026-02-10T04:44:03.958184Z  INFO scan_sources: tailwindcss_oxide::scanner: Discovering "D:\\Gawean Rebinmas\\Schedule Tracker\\schedule-tracker\\components\\ui\\use-toast.ts"
2026-02-10T04:44:03.958325Z  INFO scan_sources: tailwindcss_oxide::scanner: Discovering "D:\\Gawean Rebinmas\\Schedule Tracker\\schedule-tracker\\components\\users"
2026-02-10T04:44:03.958475Z  INFO scan_sources: tailwindcss_oxide::scanner: Discovering "D:\\Gawean Rebinmas\\Schedule Tracker\\schedule-tracker\\components\\users\\add-user-dialog.tsx"
2026-02-10T04:44:03.958546Z  INFO scan_sources: tailwindcss_oxide::scanner: Discovering "D:\\Gawean Rebinmas\\Schedule Tracker\\schedule-tracker\\components\\users\\user-list.tsx"
2026-02-10T04:44:03.958720Z  INFO scan_sources: tailwindcss_oxide::scanner: Discovering "D:\\Gawean Rebinmas\\Schedule Tracker\\schedule-tracker\\docs"
2026-02-10T04:44:03.958894Z  INFO scan_sources: tailwindcss_oxide::scanner: Discovering "D:\\Gawean Rebinmas\\Schedule Tracker\\schedule-tracker\\docs\\plans"
2026-02-10T04:44:03.959039Z  INFO scan_sources: tailwindcss_oxide::scanner: Discovering "D:\\Gawean Rebinmas\\Schedule Tracker\\schedule-tracker\\docs\\plans\\2026-02-09-schedule-tracker-2.0-design.md"
2026-02-10T04:44:03.959110Z  INFO scan_sources: tailwindcss_oxide::scanner: Discovering "D:\\Gawean Rebinmas\\Schedule Tracker\\schedule-tracker\\docs\\plans\\2026-02-09-schedule-tracker-implementation.md"
2026-02-10T04:44:03.959228Z  INFO scan_sources: tailwindcss_oxide::scanner: Discovering "D:\\Gawean Rebinmas\\Schedule Tracker\\schedule-tracker\\eslint.config.mjs"
2026-02-10T04:44:03.959337Z  INFO scan_sources: tailwindcss_oxide::scanner: Discovering "D:\\Gawean Rebinmas\\Schedule Tracker\\schedule-tracker\\lib"
2026-02-10T04:44:03.959514Z  INFO scan_sources: tailwindcss_oxide::scanner: Discovering "D:\\Gawean Rebinmas\\Schedule Tracker\\schedule-tracker\\lib\\api"
2026-02-10T04:44:03.959650Z  INFO scan_sources: tailwindcss_oxide::scanner: Discovering "D:\\Gawean Rebinmas\\Schedule Tracker\\schedule-tracker\\lib\\api\\projects.ts"
2026-02-10T04:44:03.959714Z  INFO scan_sources: tailwindcss_oxide::scanner: Discovering "D:\\Gawean Rebinmas\\Schedule Tracker\\schedule-tracker\\lib\\api\\statuses.ts"
2026-02-10T04:44:03.959778Z  INFO scan_sources: tailwindcss_oxide::scanner: Discovering "D:\\Gawean Rebinmas\\Schedule Tracker\\schedule-tracker\\lib\\api\\tasks.ts"
2026-02-10T04:44:03.959841Z  INFO scan_sources: tailwindcss_oxide::scanner: Discovering "D:\\Gawean Rebinmas\\Schedule Tracker\\schedule-tracker\\lib\\api\\users.ts"
2026-02-10T04:44:03.959923Z  INFO scan_sources: tailwindcss_oxide::scanner: Discovering "D:\\Gawean Rebinmas\\Schedule Tracker\\schedule-tracker\\lib\\auth.ts"
2026-02-10T04:44:03.959989Z  INFO scan_sources: tailwindcss_oxide::scanner: Discovering "D:\\Gawean Rebinmas\\Schedule Tracker\\schedule-tracker\\lib\\deadline-utils.ts"
2026-02-10T04:44:03.960055Z  INFO scan_sources: tailwindcss_oxide::scanner: Discovering "D:\\Gawean Rebinmas\\Schedule Tracker\\schedule-tracker\\lib\\editor-utils.ts"
2026-02-10T04:44:03.960120Z  INFO scan_sources: tailwindcss_oxide::scanner: Discovering "D:\\Gawean Rebinmas\\Schedule Tracker\\schedule-tracker\\lib\\prisma.ts"
2026-02-10T04:44:03.960189Z  INFO scan_sources: tailwindcss_oxide::scanner: Discovering "D:\\Gawean Rebinmas\\Schedule Tracker\\schedule-tracker\\lib\\theme-utils.ts"
2026-02-10T04:44:03.960256Z  INFO scan_sources: tailwindcss_oxide::scanner: Discovering "D:\\Gawean Rebinmas\\Schedule Tracker\\schedule-tracker\\lib\\utils.ts"
2026-02-10T04:44:03.960354Z  INFO scan_sources: tailwindcss_oxide::scanner: Discovering "D:\\Gawean Rebinmas\\Schedule Tracker\\schedule-tracker\\middleware.ts"
2026-02-10T04:44:03.960445Z  INFO scan_sources: tailwindcss_oxide::scanner: Discovering "D:\\Gawean Rebinmas\\Schedule Tracker\\schedule-tracker\\next.config.ts"
2026-02-10T04:44:03.960756Z  INFO scan_sources: tailwindcss_oxide::scanner: Discovering "D:\\Gawean Rebinmas\\Schedule Tracker\\schedule-tracker\\package.json"
2026-02-10T04:44:03.960856Z  INFO scan_sources: tailwindcss_oxide::scanner: Discovering "D:\\Gawean Rebinmas\\Schedule Tracker\\schedule-tracker\\postcss.config.mjs"
2026-02-10T04:44:03.961076Z  INFO scan_sources: tailwindcss_oxide::scanner: Discovering "D:\\Gawean Rebinmas\\Schedule Tracker\\schedule-tracker\\prisma"
2026-02-10T04:44:03.961286Z  INFO scan_sources: tailwindcss_oxide::scanner: Discovering "D:\\Gawean Rebinmas\\Schedule Tracker\\schedule-tracker\\prisma\\migrations"
2026-02-10T04:44:03.961471Z  INFO scan_sources: tailwindcss_oxide::scanner: Discovering "D:\\Gawean Rebinmas\\Schedule Tracker\\schedule-tracker\\prisma\\migrations\\20260209082144_init"
2026-02-10T04:44:03.961665Z  INFO scan_sources: tailwindcss_oxide::scanner: Discovering "D:\\Gawean Rebinmas\\Schedule Tracker\\schedule-tracker\\prisma\\migrations\\20260209082144_init\\migration.sql"
2026-02-10T04:44:03.961816Z  INFO scan_sources: tailwindcss_oxide::scanner: Discovering "D:\\Gawean Rebinmas\\Schedule Tracker\\schedule-tracker\\prisma\\migrations\\20260209154500_add_documentation_attachments_comments"
2026-02-10T04:44:03.962016Z  INFO scan_sources: tailwindcss_oxide::scanner: Discovering "D:\\Gawean Rebinmas\\Schedule Tracker\\schedule-tracker\\prisma\\migrations\\20260209154500_add_documentation_attachments_comments\\migration.sql"
2026-02-10T04:44:03.962151Z  INFO scan_sources: tailwindcss_oxide::scanner: Discovering "D:\\Gawean Rebinmas\\Schedule Tracker\\schedule-tracker\\prisma\\migrations\\20260209155443_fix_comment_updated_at_default"
2026-02-10T04:44:03.962297Z  INFO scan_sources: tailwindcss_oxide::scanner: Discovering "D:\\Gawean Rebinmas\\Schedule Tracker\\schedule-tracker\\prisma\\migrations\\20260209155443_fix_comment_updated_at_default\\migration.sql"
2026-02-10T04:44:03.962420Z  INFO scan_sources: tailwindcss_oxide::scanner: Discovering "D:\\Gawean Rebinmas\\Schedule Tracker\\schedule-tracker\\prisma\\migrations\\20260210011223_add_auth_fields"
2026-02-10T04:44:03.962562Z  INFO scan_sources: tailwindcss_oxide::scanner: Discovering "D:\\Gawean Rebinmas\\Schedule Tracker\\schedule-tracker\\prisma\\migrations\\20260210011223_add_auth_fields\\migration.sql"
2026-02-10T04:44:03.962706Z  INFO scan_sources: tailwindcss_oxide::scanner: Discovering "D:\\Gawean Rebinmas\\Schedule Tracker\\schedule-tracker\\prisma\\migrations\\20260210032854_add_project_priority"
2026-02-10T04:44:03.962853Z  INFO scan_sources: tailwindcss_oxide::scanner: Discovering "D:\\Gawean Rebinmas\\Schedule Tracker\\schedule-tracker\\prisma\\migrations\\20260210032854_add_project_priority\\migration.sql"
2026-02-10T04:44:03.962971Z  INFO scan_sources: tailwindcss_oxide::scanner: Discovering "D:\\Gawean Rebinmas\\Schedule Tracker\\schedule-tracker\\prisma\\migrations\\20260210034845_add_project_banner"
2026-02-10T04:44:03.963112Z  INFO scan_sources: tailwindcss_oxide::scanner: Discovering "D:\\Gawean Rebinmas\\Schedule Tracker\\schedule-tracker\\prisma\\migrations\\20260210034845_add_project_banner\\migration.sql"
2026-02-10T04:44:03.963202Z  INFO scan_sources: tailwindcss_oxide::scanner: Discovering "D:\\Gawean Rebinmas\\Schedule Tracker\\schedule-tracker\\prisma\\migrations\\migration_lock.toml"
2026-02-10T04:44:03.963291Z  INFO scan_sources: tailwindcss_oxide::scanner: Discovering "D:\\Gawean Rebinmas\\Schedule Tracker\\schedule-tracker\\prisma\\schema.prisma"
2026-02-10T04:44:03.963357Z  INFO scan_sources: tailwindcss_oxide::scanner: Discovering "D:\\Gawean Rebinmas\\Schedule Tracker\\schedule-tracker\\prisma\\seed.js"
2026-02-10T04:44:03.963449Z  INFO scan_sources: tailwindcss_oxide::scanner: Discovering "D:\\Gawean Rebinmas\\Schedule Tracker\\schedule-tracker\\prisma\\seed.ts"
2026-02-10T04:44:03.963575Z  INFO scan_sources: tailwindcss_oxide::scanner: Discovering "D:\\Gawean Rebinmas\\Schedule Tracker\\schedule-tracker\\public"
2026-02-10T04:44:03.963727Z  INFO scan_sources: tailwindcss_oxide::scanner: Discovering "D:\\Gawean Rebinmas\\Schedule Tracker\\schedule-tracker\\public\\file.svg"
2026-02-10T04:44:03.963796Z  INFO scan_sources: tailwindcss_oxide::scanner: Discovering "D:\\Gawean Rebinmas\\Schedule Tracker\\schedule-tracker\\public\\globe.svg"
2026-02-10T04:44:03.963863Z  INFO scan_sources: tailwindcss_oxide::scanner: Discovering "D:\\Gawean Rebinmas\\Schedule Tracker\\schedule-tracker\\public\\next.svg"
2026-02-10T04:44:03.963964Z  INFO scan_sources: tailwindcss_oxide::scanner: Discovering "D:\\Gawean Rebinmas\\Schedule Tracker\\schedule-tracker\\public\\uploads"
2026-02-10T04:44:03.964137Z  INFO scan_sources: tailwindcss_oxide::scanner: Discovering "D:\\Gawean Rebinmas\\Schedule Tracker\\schedule-tracker\\public\\uploads\\.gitkeep"
2026-02-10T04:44:03.964232Z  INFO scan_sources: tailwindcss_oxide::scanner: Discovering "D:\\Gawean Rebinmas\\Schedule Tracker\\schedule-tracker\\public\\vercel.svg"
2026-02-10T04:44:03.964303Z  INFO scan_sources: tailwindcss_oxide::scanner: Discovering "D:\\Gawean Rebinmas\\Schedule Tracker\\schedule-tracker\\public\\window.svg"
2026-02-10T04:44:03.964392Z  INFO scan_sources: tailwindcss_oxide::scanner: Discovering "D:\\Gawean Rebinmas\\Schedule Tracker\\schedule-tracker\\README.md"
2026-02-10T04:44:03.964508Z  INFO scan_sources: tailwindcss_oxide::scanner: Discovering "D:\\Gawean Rebinmas\\Schedule Tracker\\schedule-tracker\\tsconfig.json"
2026-02-10T04:44:03.964634Z  INFO scan_sources: tailwindcss_oxide::scanner: exit
2026-02-10T04:44:03.964658Z  INFO extract_candidates: tailwindcss_oxide::scanner: enter
2026-02-10T04:44:03.964673Z  INFO extract_candidates:read_all_files: tailwindcss_oxide::scanner: enter
2026-02-10T04:44:03.964681Z  INFO extract_candidates:read_all_files: tailwindcss_oxide::scanner: Reading 120 file(s)
2026-02-10T04:44:03.965331Z  INFO tailwindcss_oxide::scanner: Reading "D:\\Gawean Rebinmas\\Schedule Tracker\\schedule-tracker\\app\\actions\\auth.ts"
2026-02-10T04:44:03.965386Z  INFO tailwindcss_oxide::scanner: Reading "D:\\Gawean Rebinmas\\Schedule Tracker\\schedule-tracker\\commit-and-push.js"
2026-02-10T04:44:03.965428Z  INFO tailwindcss_oxide::scanner: Reading "D:\\Gawean Rebinmas\\Schedule Tracker\\schedule-tracker\\components\\editor\\EditorMenuBar.tsx"
2026-02-10T04:44:03.965420Z  INFO tailwindcss_oxide::scanner: Reading "D:\\Gawean Rebinmas\\Schedule Tracker\\schedule-tracker\\components\\SkipLink.tsx"
2026-02-10T04:44:03.965471Z  INFO tailwindcss_oxide::scanner: Reading "D:\\Gawean Rebinmas\\Schedule Tracker\\schedule-tracker\\app\\actions\\dashboard.ts"
2026-02-10T04:44:03.965526Z  INFO tailwindcss_oxide::scanner: Reading "D:\\Gawean Rebinmas\\Schedule Tracker\\schedule-tracker\\components\\editor\\NovelEditor.tsx"
2026-02-10T04:44:03.965556Z  INFO tailwindcss_oxide::scanner: Reading "D:\\Gawean Rebinmas\\Schedule Tracker\\schedule-tracker\\commit-and-push.ps1"
2026-02-10T04:44:03.965565Z  INFO tailwindcss_oxide::scanner: Reading "D:\\Gawean Rebinmas\\Schedule Tracker\\schedule-tracker\\components\\task\\.gitkeep"
2026-02-10T04:44:03.965561Z  INFO tailwindcss_oxide::scanner: Reading "D:\\Gawean Rebinmas\\Schedule Tracker\\schedule-tracker\\app\\actions\\project.ts"
2026-02-10T04:44:03.965646Z  INFO tailwindcss_oxide::scanner: Reading "D:\\Gawean Rebinmas\\Schedule Tracker\\schedule-tracker\\components\\ExcalidrawWrapper.tsx"
2026-02-10T04:44:03.965681Z  INFO tailwindcss_oxide::scanner: Reading "D:\\Gawean Rebinmas\\Schedule Tracker\\schedule-tracker\\commit-and-push.sh"
2026-02-10T04:44:03.965684Z  INFO tailwindcss_oxide::scanner: Reading "D:\\Gawean Rebinmas\\Schedule Tracker\\schedule-tracker\\app\\actions\\task.ts"
2026-02-10T04:44:03.965699Z  INFO tailwindcss_oxide::scanner: Reading "D:\\Gawean Rebinmas\\Schedule Tracker\\schedule-tracker\\components\\task\\index.ts"
2026-02-10T04:44:03.965692Z  INFO tailwindcss_oxide::scanner: Reading "D:\\Gawean Rebinmas\\Schedule Tracker\\schedule-tracker\\app\\auth\\login\\page.tsx"
2026-02-10T04:44:03.965711Z  INFO tailwindcss_oxide::scanner: Reading "D:\\Gawean Rebinmas\\Schedule Tracker\\schedule-tracker\\components\\kanban\\.gitkeep"
2026-02-10T04:44:03.965836Z  INFO tailwindcss_oxide::scanner: Reading "D:\\Gawean Rebinmas\\Schedule Tracker\\schedule-tracker\\components\\AppShell.tsx"
2026-02-10T04:44:03.965707Z  INFO tailwindcss_oxide::scanner: Reading "D:\\Gawean Rebinmas\\Schedule Tracker\\schedule-tracker\\components\\Breadcrumbs.tsx"
2026-02-10T04:44:03.965804Z  INFO tailwindcss_oxide::scanner: Reading "D:\\Gawean Rebinmas\\Schedule Tracker\\schedule-tracker\\app\\actions\\user.ts"
2026-02-10T04:44:03.965904Z  INFO tailwindcss_oxide::scanner: Reading "D:\\Gawean Rebinmas\\Schedule Tracker\\schedule-tracker\\app\\auth\\register\\page.tsx"
2026-02-10T04:44:03.965881Z  INFO tailwindcss_oxide::scanner: Reading "D:\\Gawean Rebinmas\\Schedule Tracker\\schedule-tracker\\components\\task\\TaskDescriptionEditor.tsx"
2026-02-10T04:44:03.965927Z  INFO tailwindcss_oxide::scanner: Reading "D:\\Gawean Rebinmas\\Schedule Tracker\\schedule-tracker\\lib\\api\\tasks.ts"
2026-02-10T04:44:03.965990Z  INFO tailwindcss_oxide::scanner: Reading "D:\\Gawean Rebinmas\\Schedule Tracker\\schedule-tracker\\app\\dashboard\\page.tsx"
2026-02-10T04:44:03.966007Z  INFO tailwindcss_oxide::scanner: Reading "D:\\Gawean Rebinmas\\Schedule Tracker\\schedule-tracker\\components\\kanban\\KanbanColumn.tsx"
2026-02-10T04:44:03.966019Z  INFO tailwindcss_oxide::scanner: Reading "D:\\Gawean Rebinmas\\Schedule Tracker\\schedule-tracker\\app\\api\\logout\\route.ts"
2026-02-10T04:44:03.966023Z  INFO tailwindcss_oxide::scanner: Reading "D:\\Gawean Rebinmas\\Schedule Tracker\\schedule-tracker\\components\\auth\\register-form.tsx"
2026-02-10T04:44:03.966039Z  INFO tailwindcss_oxide::scanner: Reading "D:\\Gawean Rebinmas\\Schedule Tracker\\schedule-tracker\\components\\CanvasBoard.tsx"
2026-02-10T04:44:03.966071Z  INFO tailwindcss_oxide::scanner: Reading "D:\\Gawean Rebinmas\\Schedule Tracker\\schedule-tracker\\app\\layout.tsx"
2026-02-10T04:44:03.966085Z  INFO tailwindcss_oxide::scanner: Reading "D:\\Gawean Rebinmas\\Schedule Tracker\\schedule-tracker\\components\\task\\TaskDetailHeader.tsx"
2026-02-10T04:44:03.966108Z  INFO tailwindcss_oxide::scanner: Reading "D:\\Gawean Rebinmas\\Schedule Tracker\\schedule-tracker\\lib\\api\\users.ts"
2026-02-10T04:44:03.966141Z  INFO tailwindcss_oxide::scanner: Reading "D:\\Gawean Rebinmas\\Schedule Tracker\\schedule-tracker\\app\\page.tsx"
2026-02-10T04:44:03.966147Z  INFO tailwindcss_oxide::scanner: Reading "D:\\Gawean Rebinmas\\Schedule Tracker\\schedule-tracker\\app\\api\\projects\\route.ts"
2026-02-10T04:44:03.966137Z  INFO tailwindcss_oxide::scanner: Reading "D:\\Gawean Rebinmas\\Schedule Tracker\\schedule-tracker\\components\\auth\\login-form.tsx"
2026-02-10T04:44:03.966182Z  INFO tailwindcss_oxide::scanner: Reading "D:\\Gawean Rebinmas\\Schedule Tracker\\schedule-tracker\\components\\kanban\\KanbanHeader.tsx"
2026-02-10T04:44:03.966172Z  INFO tailwindcss_oxide::scanner: Reading "D:\\Gawean Rebinmas\\Schedule Tracker\\schedule-tracker\\components\\auth\\user-menu.tsx"
2026-02-10T04:44:03.966203Z  INFO tailwindcss_oxide::scanner: Reading "D:\\Gawean Rebinmas\\Schedule Tracker\\schedule-tracker\\components\\CreateTaskDialog.tsx"
2026-02-10T04:44:03.966188Z  INFO tailwindcss_oxide::scanner: Reading "D:\\Gawean Rebinmas\\Schedule Tracker\\schedule-tracker\\components\\KanbanTask.tsx"
2026-02-10T04:44:03.966230Z  INFO tailwindcss_oxide::scanner: Reading "D:\\Gawean Rebinmas\\Schedule Tracker\\schedule-tracker\\lib\\auth.ts"
2026-02-10T04:44:03.966235Z  INFO tailwindcss_oxide::scanner: Reading "D:\\Gawean Rebinmas\\Schedule Tracker\\schedule-tracker\\app\\projects\\page.tsx"
2026-02-10T04:44:03.966225Z  INFO tailwindcss_oxide::scanner: Reading "D:\\Gawean Rebinmas\\Schedule Tracker\\schedule-tracker\\components\\ui\\progress.tsx"
2026-02-10T04:44:03.966210Z  INFO tailwindcss_oxide::scanner: Reading "D:\\Gawean Rebinmas\\Schedule Tracker\\schedule-tracker\\components\\task\\TaskMetadata.tsx"
2026-02-10T04:44:03.966319Z  INFO tailwindcss_oxide::scanner: Reading "D:\\Gawean Rebinmas\\Schedule Tracker\\schedule-tracker\\app\\api\\projects\\[id]\\canvas\\route.ts"
2026-02-10T04:44:03.966306Z  INFO tailwindcss_oxide::scanner: Reading "D:\\Gawean Rebinmas\\Schedule Tracker\\schedule-tracker\\components\\KanbanBoard.tsx"
2026-02-10T04:44:03.966361Z  INFO tailwindcss_oxide::scanner: Reading "D:\\Gawean Rebinmas\\Schedule Tracker\\schedule-tracker\\lib\\deadline-utils.ts"
2026-02-10T04:44:03.966351Z  INFO tailwindcss_oxide::scanner: Reading "D:\\Gawean Rebinmas\\Schedule Tracker\\schedule-tracker\\components\\ui\\separator.tsx"
2026-02-10T04:44:03.966355Z  INFO tailwindcss_oxide::scanner: Reading "D:\\Gawean Rebinmas\\Schedule Tracker\\schedule-tracker\\app\\projects\\[id]\\board\\BoardPageClient.tsx"
2026-02-10T04:44:03.966351Z  INFO tailwindcss_oxide::scanner: Reading "D:\\Gawean Rebinmas\\Schedule Tracker\\schedule-tracker\\app\\api\\statuses\\route.ts"
2026-02-10T04:44:03.966422Z  INFO tailwindcss_oxide::scanner: Reading "D:\\Gawean Rebinmas\\Schedule Tracker\\schedule-tracker\\components\\layout-provider.tsx"
2026-02-10T04:44:03.966430Z  INFO tailwindcss_oxide::scanner: Reading "D:\\Gawean Rebinmas\\Schedule Tracker\\schedule-tracker\\components\\dashboard\\Dashboard.tsx"
2026-02-10T04:44:03.966431Z  INFO tailwindcss_oxide::scanner: Reading "D:\\Gawean Rebinmas\\Schedule Tracker\\schedule-tracker\\app\\api\\projects\\[id]\\dashboard\\route.ts"
2026-02-10T04:44:03.966464Z  INFO tailwindcss_oxide::scanner: Reading "D:\\Gawean Rebinmas\\Schedule Tracker\\schedule-tracker\\components\\ui\\skeleton.tsx"
2026-02-10T04:44:03.966462Z  INFO tailwindcss_oxide::scanner: Reading "D:\\Gawean Rebinmas\\Schedule Tracker\\schedule-tracker\\components\\theme-provider.tsx"
2026-02-10T04:44:03.966494Z  INFO tailwindcss_oxide::scanner: Reading "D:\\Gawean Rebinmas\\Schedule Tracker\\schedule-tracker\\components\\theme-toggle.tsx"
2026-02-10T04:44:03.966514Z  INFO tailwindcss_oxide::scanner: Reading "D:\\Gawean Rebinmas\\Schedule Tracker\\schedule-tracker\\app\\api\\tasks\\route.ts"
2026-02-10T04:44:03.966529Z  INFO tailwindcss_oxide::scanner: Reading "D:\\Gawean Rebinmas\\Schedule Tracker\\schedule-tracker\\app\\projects\\[id]\\board\\page.tsx"
2026-02-10T04:44:03.966538Z  INFO tailwindcss_oxide::scanner: Reading "D:\\Gawean Rebinmas\\Schedule Tracker\\schedule-tracker\\components\\editor\\.gitkeep"
2026-02-10T04:44:03.966553Z  INFO tailwindcss_oxide::scanner: Reading "D:\\Gawean Rebinmas\\Schedule Tracker\\schedule-tracker\\components\\dashboard\\ProgressBar.tsx"
2026-02-10T04:44:03.966560Z  INFO tailwindcss_oxide::scanner: Reading "D:\\Gawean Rebinmas\\Schedule Tracker\\schedule-tracker\\components\\ui\\textarea.tsx"
2026-02-10T04:44:03.966576Z  INFO tailwindcss_oxide::scanner: Reading "D:\\Gawean Rebinmas\\Schedule Tracker\\schedule-tracker\\app\\projects\\[id]\\page.tsx"
2026-02-10T04:44:03.966569Z  INFO tailwindcss_oxide::scanner: Reading "D:\\Gawean Rebinmas\\Schedule Tracker\\schedule-tracker\\app\\settings\\page.tsx"
2026-02-10T04:44:03.966609Z  INFO tailwindcss_oxide::scanner: Reading "D:\\Gawean Rebinmas\\Schedule Tracker\\schedule-tracker\\components\\notifications\\DeadlineAlertBar.tsx"
2026-02-10T04:44:03.966613Z  INFO tailwindcss_oxide::scanner: Reading "D:\\Gawean Rebinmas\\Schedule Tracker\\schedule-tracker\\app\\api\\tasks\\[id]\\route.ts"
2026-02-10T04:44:03.966625Z  INFO tailwindcss_oxide::scanner: Reading "D:\\Gawean Rebinmas\\Schedule Tracker\\schedule-tracker\\lib\\editor-utils.ts"
2026-02-10T04:44:03.966598Z  INFO tailwindcss_oxide::scanner: Reading "D:\\Gawean Rebinmas\\Schedule Tracker\\schedule-tracker\\components\\LayoutSwitcher.tsx"
2026-02-10T04:44:03.966662Z  INFO tailwindcss_oxide::scanner: Reading "D:\\Gawean Rebinmas\\Schedule Tracker\\schedule-tracker\\app\\projects\\[id]\\board\\[taskId]\\page.tsx"
2026-02-10T04:44:03.966671Z  INFO tailwindcss_oxide::scanner: Reading "D:\\Gawean Rebinmas\\Schedule Tracker\\schedule-tracker\\app\\projects\\[id]\\ProjectBoardClient.tsx"
2026-02-10T04:44:03.966666Z  INFO tailwindcss_oxide::scanner: Reading "D:\\Gawean Rebinmas\\Schedule Tracker\\schedule-tracker\\app\\api\\projects\\[id]\\route.ts"
2026-02-10T04:44:03.966689Z  INFO tailwindcss_oxide::scanner: Reading "D:\\Gawean Rebinmas\\Schedule Tracker\\schedule-tracker\\components\\dashboard\\StatCards.tsx"
2026-02-10T04:44:03.966651Z  INFO tailwindcss_oxide::scanner: Reading "D:\\Gawean Rebinmas\\Schedule Tracker\\schedule-tracker\\components\\ui\\toast.tsx"
2026-02-10T04:44:03.966719Z  INFO tailwindcss_oxide::scanner: Reading "D:\\Gawean Rebinmas\\Schedule Tracker\\schedule-tracker\\components\\editor\\BlockEditor.tsx"
2026-02-10T04:44:03.966654Z  INFO tailwindcss_oxide::scanner: Reading "D:\\Gawean Rebinmas\\Schedule Tracker\\schedule-tracker\\components\\ui\\avatar.tsx"
2026-02-10T04:44:03.966772Z  INFO tailwindcss_oxide::scanner: Reading "D:\\Gawean Rebinmas\\Schedule Tracker\\schedule-tracker\\lib\\prisma.ts"
2026-02-10T04:44:03.966785Z  INFO tailwindcss_oxide::scanner: Reading "D:\\Gawean Rebinmas\\Schedule Tracker\\schedule-tracker\\components\\notifications\\.gitkeep"
2026-02-10T04:44:03.966692Z  INFO tailwindcss_oxide::scanner: Reading "D:\\Gawean Rebinmas\\Schedule Tracker\\schedule-tracker\\app\\users\\page.tsx"
2026-02-10T04:44:03.966723Z  INFO tailwindcss_oxide::scanner: Reading "D:\\Gawean Rebinmas\\Schedule Tracker\\schedule-tracker\\app\\api\\user\\route.ts"
2026-02-10T04:44:03.966772Z  INFO tailwindcss_oxide::scanner: Reading "D:\\Gawean Rebinmas\\Schedule Tracker\\schedule-tracker\\prisma\\migrations\\20260210011223_add_auth_fields\\migration.sql"
2026-02-10T04:44:03.966789Z  INFO tailwindcss_oxide::scanner: Reading "D:\\Gawean Rebinmas\\Schedule Tracker\\schedule-tracker\\components\\ui\\toaster.tsx"
2026-02-10T04:44:03.966831Z  INFO tailwindcss_oxide::scanner: Reading "D:\\Gawean Rebinmas\\Schedule Tracker\\schedule-tracker\\lib\\utils.ts"
2026-02-10T04:44:03.966869Z  INFO tailwindcss_oxide::scanner: Reading "D:\\Gawean Rebinmas\\Schedule Tracker\\schedule-tracker\\components\\RichTextEditor.tsx"
2026-02-10T04:44:03.966884Z  INFO tailwindcss_oxide::scanner: Reading "D:\\Gawean Rebinmas\\Schedule Tracker\\schedule-tracker\\AUTOMATED_COMMIT_README.md"
2026-02-10T04:44:03.966912Z  INFO tailwindcss_oxide::scanner: Reading "D:\\Gawean Rebinmas\\Schedule Tracker\\schedule-tracker\\components\\ui\\badge.tsx"
2026-02-10T04:44:03.966935Z  INFO tailwindcss_oxide::scanner: Reading "D:\\Gawean Rebinmas\\Schedule Tracker\\schedule-tracker\\lib\\theme-utils.ts"
2026-02-10T04:44:03.966955Z  INFO tailwindcss_oxide::scanner: Reading "D:\\Gawean Rebinmas\\Schedule Tracker\\schedule-tracker\\middleware.ts"
2026-02-10T04:44:03.966929Z  INFO tailwindcss_oxide::scanner: Reading "D:\\Gawean Rebinmas\\Schedule Tracker\\schedule-tracker\\public\\file.svg"
2026-02-10T04:44:03.966926Z  INFO tailwindcss_oxide::scanner: Reading "D:\\Gawean Rebinmas\\Schedule Tracker\\schedule-tracker\\components\\ui\\tooltip.tsx"
2026-02-10T04:44:03.966822Z  INFO tailwindcss_oxide::scanner: Reading "D:\\Gawean Rebinmas\\Schedule Tracker\\schedule-tracker\\components\\QuickActions.tsx"
2026-02-10T04:44:03.967058Z  INFO tailwindcss_oxide::scanner: Reading "D:\\Gawean Rebinmas\\Schedule Tracker\\schedule-tracker\\components\\ui\\button.tsx"
2026-02-10T04:44:03.966792Z  INFO tailwindcss_oxide::scanner: Reading "D:\\Gawean Rebinmas\\Schedule Tracker\\schedule-tracker\\components\\ui\\use-toast.ts"
2026-02-10T04:44:03.967078Z  INFO tailwindcss_oxide::scanner: Reading "D:\\Gawean Rebinmas\\Schedule Tracker\\schedule-tracker\\prisma\\seed.js"
2026-02-10T04:44:03.967089Z  INFO tailwindcss_oxide::scanner: Reading "D:\\Gawean Rebinmas\\Schedule Tracker\\schedule-tracker\\prisma\\migrations\\migration_lock.toml"
2026-02-10T04:44:03.966808Z  INFO tailwindcss_oxide::scanner: Reading "D:\\Gawean Rebinmas\\Schedule Tracker\\schedule-tracker\\app\\api\\seed\\route.ts"
2026-02-10T04:44:03.967007Z  INFO tailwindcss_oxide::scanner: Reading "D:\\Gawean Rebinmas\\Schedule Tracker\\schedule-tracker\\commit-and-push.bat"
2026-02-10T04:44:03.967089Z  INFO tailwindcss_oxide::scanner: Reading "D:\\Gawean Rebinmas\\Schedule Tracker\\schedule-tracker\\postcss.config.mjs"
2026-02-10T04:44:03.967000Z  INFO tailwindcss_oxide::scanner: Reading "D:\\Gawean Rebinmas\\Schedule Tracker\\schedule-tracker\\components\\Sidebar.tsx"
2026-02-10T04:44:03.967193Z  INFO tailwindcss_oxide::scanner: Reading "D:\\Gawean Rebinmas\\Schedule Tracker\\schedule-tracker\\package.json"
2026-02-10T04:44:03.967139Z  INFO tailwindcss_oxide::scanner: Reading "D:\\Gawean Rebinmas\\Schedule Tracker\\schedule-tracker\\public\\globe.svg"
2026-02-10T04:44:03.967253Z  INFO tailwindcss_oxide::scanner: Reading "D:\\Gawean Rebinmas\\Schedule Tracker\\schedule-tracker\\components\\users\\add-user-dialog.tsx"
2026-02-10T04:44:03.967267Z  INFO tailwindcss_oxide::scanner: Reading "D:\\Gawean Rebinmas\\Schedule Tracker\\schedule-tracker\\public\\vercel.svg"
2026-02-10T04:44:03.967149Z  INFO tailwindcss_oxide::scanner: Reading "D:\\Gawean Rebinmas\\Schedule Tracker\\schedule-tracker\\prisma\\migrations\\20260209154500_add_documentation_attachments_comments\\migration.sql"
2026-02-10T04:44:03.967276Z  INFO tailwindcss_oxide::scanner: Reading "D:\\Gawean Rebinmas\\Schedule Tracker\\schedule-tracker\\prisma\\migrations\\20260209082144_init\\migration.sql"
2026-02-10T04:44:03.967201Z  INFO tailwindcss_oxide::scanner: Reading "D:\\Gawean Rebinmas\\Schedule Tracker\\schedule-tracker\\prisma\\schema.prisma"
2026-02-10T04:44:03.967186Z  INFO tailwindcss_oxide::scanner: Reading "D:\\Gawean Rebinmas\\Schedule Tracker\\schedule-tracker\\components\\ui\\card.tsx"
2026-02-10T04:44:03.967330Z  INFO tailwindcss_oxide::scanner: Reading "D:\\Gawean Rebinmas\\Schedule Tracker\\schedule-tracker\\components\\ui\\label.tsx"
2026-02-10T04:44:03.967346Z  INFO tailwindcss_oxide::scanner: Reading "D:\\Gawean Rebinmas\\Schedule Tracker\\schedule-tracker\\components\\ui\\input.tsx"
2026-02-10T04:44:03.967365Z  INFO tailwindcss_oxide::scanner: Reading "D:\\Gawean Rebinmas\\Schedule Tracker\\schedule-tracker\\public\\window.svg"
2026-02-10T04:44:03.967375Z  INFO tailwindcss_oxide::scanner: Reading "D:\\Gawean Rebinmas\\Schedule Tracker\\schedule-tracker\\public\\next.svg"
2026-02-10T04:44:03.967383Z  INFO tailwindcss_oxide::scanner: Reading "D:\\Gawean Rebinmas\\Schedule Tracker\\schedule-tracker\\README.md"
2026-02-10T04:44:03.967287Z  INFO tailwindcss_oxide::scanner: Reading "D:\\Gawean Rebinmas\\Schedule Tracker\\schedule-tracker\\prisma\\migrations\\20260210034845_add_project_banner\\migration.sql"
2026-02-10T04:44:03.967380Z  INFO tailwindcss_oxide::scanner: Reading "D:\\Gawean Rebinmas\\Schedule Tracker\\schedule-tracker\\components\\users\\user-list.tsx"
2026-02-10T04:44:03.967393Z  INFO tailwindcss_oxide::scanner: Reading "D:\\Gawean Rebinmas\\Schedule Tracker\\schedule-tracker\\prisma\\migrations\\20260209155443_fix_comment_updated_at_default\\migration.sql"
2026-02-10T04:44:03.967479Z  INFO tailwindcss_oxide::scanner: Reading "D:\\Gawean Rebinmas\\Schedule Tracker\\schedule-tracker\\lib\\api\\statuses.ts"
2026-02-10T04:44:03.967483Z  INFO tailwindcss_oxide::scanner: Reading "D:\\Gawean Rebinmas\\Schedule Tracker\\schedule-tracker\\docs\\plans\\2026-02-09-schedule-tracker-implementation.md"
2026-02-10T04:44:03.967502Z  INFO tailwindcss_oxide::scanner: Reading "D:\\Gawean Rebinmas\\Schedule Tracker\\schedule-tracker\\public\\uploads\\.gitkeep"
2026-02-10T04:44:03.967526Z  INFO tailwindcss_oxide::scanner: Reading "D:\\Gawean Rebinmas\\Schedule Tracker\\schedule-tracker\\tsconfig.json"
2026-02-10T04:44:03.967448Z  INFO tailwindcss_oxide::scanner: Reading "D:\\Gawean Rebinmas\\Schedule Tracker\\schedule-tracker\\components\\ui\\dialog.tsx"
2026-02-10T04:44:03.967523Z  INFO tailwindcss_oxide::scanner: Reading "D:\\Gawean Rebinmas\\Schedule Tracker\\schedule-tracker\\eslint.config.mjs"
2026-02-10T04:44:03.967449Z  INFO tailwindcss_oxide::scanner: Reading "D:\\Gawean Rebinmas\\Schedule Tracker\\schedule-tracker\\lib\\api\\projects.ts"
2026-02-10T04:44:03.967283Z  INFO tailwindcss_oxide::scanner: Reading "D:\\Gawean Rebinmas\\Schedule Tracker\\schedule-tracker\\prisma\\seed.ts"
2026-02-10T04:44:03.967521Z  INFO tailwindcss_oxide::scanner: Reading "D:\\Gawean Rebinmas\\Schedule Tracker\\schedule-tracker\\docs\\plans\\2026-02-09-schedule-tracker-2.0-design.md"
2026-02-10T04:44:03.967118Z  INFO tailwindcss_oxide::scanner: Reading "D:\\Gawean Rebinmas\\Schedule Tracker\\schedule-tracker\\next.config.ts"
2026-02-10T04:44:03.966918Z  INFO tailwindcss_oxide::scanner: Reading "D:\\Gawean Rebinmas\\Schedule Tracker\\schedule-tracker\\prisma\\migrations\\20260210032854_add_project_priority\\migration.sql"
2026-02-10T04:44:03.967832Z  INFO extract_candidates:read_all_files: tailwindcss_oxide::scanner: exit
2026-02-10T04:44:03.967851Z  INFO extract_candidates:parse_all_blobs: tailwindcss_oxide::scanner: enter
2026-02-10T04:44:03.967858Z  INFO extract_candidates:parse_all_blobs:extract: tailwindcss_oxide::scanner: enter
2026-02-10T04:44:03.971404Z  INFO extract_candidates:parse_all_blobs:extract: tailwindcss_oxide::scanner: exit
2026-02-10T04:44:03.971484Z  INFO extract_candidates:parse_all_blobs: tailwindcss_oxide::scanner: exit
2026-02-10T04:44:03.971497Z  INFO extract_candidates:read_all_files: tailwindcss_oxide::scanner: enter
2026-02-10T04:44:03.971514Z  INFO extract_candidates:read_all_files: tailwindcss_oxide::scanner: Reading 1 file(s)
2026-02-10T04:44:03.971687Z  INFO extract_candidates:read_all_files: tailwindcss_oxide::scanner: Reading "D:\\Gawean Rebinmas\\Schedule Tracker\\schedule-tracker\\app\\globals.css"
2026-02-10T04:44:03.971707Z  INFO extract_candidates:read_all_files: tailwindcss_oxide::scanner: exit
2026-02-10T04:44:03.971725Z  INFO extract_candidates:extract_css_variables: tailwindcss_oxide::scanner: enter
2026-02-10T04:44:03.971731Z  INFO extract_candidates:extract_css_variables:extract: tailwindcss_oxide::scanner: enter
2026-02-10T04:44:03.971994Z  INFO extract_candidates:extract_css_variables:extract: tailwindcss_oxide::scanner: exit
2026-02-10T04:44:03.972015Z  INFO extract_candidates:extract_css_variables: tailwindcss_oxide::scanner: exit
2026-02-10T04:44:03.972854Z  INFO extract_candidates: tailwindcss_oxide::scanner: exit
2026-02-10T04:44:03.974298Z  INFO get_files: tailwindcss_oxide::scanner: enter
2026-02-10T04:44:03.974327Z  INFO get_files:scan_sources: tailwindcss_oxide::scanner: enter
2026-02-10T04:44:03.976238Z  INFO get_files:scan_sources: tailwindcss_oxide::scanner: Discovering "D:\\Gawean Rebinmas\\Schedule Tracker\\schedule-tracker\\app"
2026-02-10T04:44:03.976511Z  INFO get_files:scan_sources: tailwindcss_oxide::scanner: Discovering "D:\\Gawean Rebinmas\\Schedule Tracker\\schedule-tracker\\app\\actions"
2026-02-10T04:44:03.976907Z  INFO get_files:scan_sources: tailwindcss_oxide::scanner: Discovering "D:\\Gawean Rebinmas\\Schedule Tracker\\schedule-tracker\\app\\api"
2026-02-10T04:44:03.977086Z  INFO get_files:scan_sources: tailwindcss_oxide::scanner: Discovering "D:\\Gawean Rebinmas\\Schedule Tracker\\schedule-tracker\\app\\api\\logout"
2026-02-10T04:44:03.977323Z  INFO get_files:scan_sources: tailwindcss_oxide::scanner: Discovering "D:\\Gawean Rebinmas\\Schedule Tracker\\schedule-tracker\\app\\api\\projects"
2026-02-10T04:44:03.977536Z  INFO get_files:scan_sources: tailwindcss_oxide::scanner: Discovering "D:\\Gawean Rebinmas\\Schedule Tracker\\schedule-tracker\\app\\api\\projects\\[id]"
2026-02-10T04:44:03.977716Z  INFO get_files:scan_sources: tailwindcss_oxide::scanner: Discovering "D:\\Gawean Rebinmas\\Schedule Tracker\\schedule-tracker\\app\\api\\projects\\[id]\\canvas"
2026-02-10T04:44:03.977943Z  INFO get_files:scan_sources: tailwindcss_oxide::scanner: Discovering "D:\\Gawean Rebinmas\\Schedule Tracker\\schedule-tracker\\app\\api\\projects\\[id]\\dashboard"
2026-02-10T04:44:03.978252Z  INFO get_files:scan_sources: tailwindcss_oxide::scanner: Discovering "D:\\Gawean Rebinmas\\Schedule Tracker\\schedule-tracker\\app\\api\\seed"
2026-02-10T04:44:03.978484Z  INFO get_files:scan_sources: tailwindcss_oxide::scanner: Discovering "D:\\Gawean Rebinmas\\Schedule Tracker\\schedule-tracker\\app\\api\\statuses"
2026-02-10T04:44:03.978752Z  INFO get_files:scan_sources: tailwindcss_oxide::scanner: Discovering "D:\\Gawean Rebinmas\\Schedule Tracker\\schedule-tracker\\app\\api\\tasks"
2026-02-10T04:44:03.978961Z  INFO get_files:scan_sources: tailwindcss_oxide::scanner: Discovering "D:\\Gawean Rebinmas\\Schedule Tracker\\schedule-tracker\\app\\api\\tasks\\[id]"
2026-02-10T04:44:03.979204Z  INFO get_files:scan_sources: tailwindcss_oxide::scanner: Discovering "D:\\Gawean Rebinmas\\Schedule Tracker\\schedule-tracker\\app\\api\\user"
2026-02-10T04:44:03.979451Z  INFO get_files:scan_sources: tailwindcss_oxide::scanner: Discovering "D:\\Gawean Rebinmas\\Schedule Tracker\\schedule-tracker\\app\\auth"
2026-02-10T04:44:03.979621Z  INFO get_files:scan_sources: tailwindcss_oxide::scanner: Discovering "D:\\Gawean Rebinmas\\Schedule Tracker\\schedule-tracker\\app\\auth\\login"
2026-02-10T04:44:03.979853Z  INFO get_files:scan_sources: tailwindcss_oxide::scanner: Discovering "D:\\Gawean Rebinmas\\Schedule Tracker\\schedule-tracker\\app\\auth\\register"
2026-02-10T04:44:03.980097Z  INFO get_files:scan_sources: tailwindcss_oxide::scanner: Discovering "D:\\Gawean Rebinmas\\Schedule Tracker\\schedule-tracker\\app\\dashboard"
2026-02-10T04:44:03.980458Z  INFO get_files:scan_sources: tailwindcss_oxide::scanner: Discovering "D:\\Gawean Rebinmas\\Schedule Tracker\\schedule-tracker\\app\\projects"
2026-02-10T04:44:03.980669Z  INFO get_files:scan_sources: tailwindcss_oxide::scanner: Discovering "D:\\Gawean Rebinmas\\Schedule Tracker\\schedule-tracker\\app\\projects\\[id]"
2026-02-10T04:44:03.980849Z  INFO get_files:scan_sources: tailwindcss_oxide::scanner: Discovering "D:\\Gawean Rebinmas\\Schedule Tracker\\schedule-tracker\\app\\projects\\[id]\\board"
2026-02-10T04:44:03.981110Z  INFO get_files:scan_sources: tailwindcss_oxide::scanner: Discovering "D:\\Gawean Rebinmas\\Schedule Tracker\\schedule-tracker\\app\\projects\\[id]\\board\\[taskId]"
2026-02-10T04:44:03.981387Z  INFO get_files:scan_sources: tailwindcss_oxide::scanner: Discovering "D:\\Gawean Rebinmas\\Schedule Tracker\\schedule-tracker\\app\\projects\\[id]\\dashboard"
2026-02-10T04:44:03.981761Z  INFO get_files:scan_sources: tailwindcss_oxide::scanner: Discovering "D:\\Gawean Rebinmas\\Schedule Tracker\\schedule-tracker\\app\\settings"
2026-02-10T04:44:03.982030Z  INFO get_files:scan_sources: tailwindcss_oxide::scanner: Discovering "D:\\Gawean Rebinmas\\Schedule Tracker\\schedule-tracker\\app\\users"
2026-02-10T04:44:03.982570Z  INFO get_files:scan_sources: tailwindcss_oxide::scanner: Discovering "D:\\Gawean Rebinmas\\Schedule Tracker\\schedule-tracker\\components"
2026-02-10T04:44:03.982809Z  INFO get_files:scan_sources: tailwindcss_oxide::scanner: Discovering "D:\\Gawean Rebinmas\\Schedule Tracker\\schedule-tracker\\components\\auth"
2026-02-10T04:44:03.983242Z  INFO get_files:scan_sources: tailwindcss_oxide::scanner: Discovering "D:\\Gawean Rebinmas\\Schedule Tracker\\schedule-tracker\\components\\dashboard"
2026-02-10T04:44:03.983556Z  INFO get_files:scan_sources: tailwindcss_oxide::scanner: Discovering "D:\\Gawean Rebinmas\\Schedule Tracker\\schedule-tracker\\components\\editor"
2026-02-10T04:44:03.983810Z  INFO get_files:scan_sources: tailwindcss_oxide::scanner: Discovering "D:\\Gawean Rebinmas\\Schedule Tracker\\schedule-tracker\\components\\editor\\components"
2026-02-10T04:44:03.984135Z  INFO get_files:scan_sources: tailwindcss_oxide::scanner: Discovering "D:\\Gawean Rebinmas\\Schedule Tracker\\schedule-tracker\\components\\kanban"
2026-02-10T04:44:03.984605Z  INFO get_files:scan_sources: tailwindcss_oxide::scanner: Discovering "D:\\Gawean Rebinmas\\Schedule Tracker\\schedule-tracker\\components\\notifications"
2026-02-10T04:44:03.984954Z  INFO get_files:scan_sources: tailwindcss_oxide::scanner: Discovering "D:\\Gawean Rebinmas\\Schedule Tracker\\schedule-tracker\\components\\shared"
2026-02-10T04:44:03.985238Z  INFO get_files:scan_sources: tailwindcss_oxide::scanner: Discovering "D:\\Gawean Rebinmas\\Schedule Tracker\\schedule-tracker\\components\\task"
2026-02-10T04:44:03.985723Z  INFO get_files:scan_sources: tailwindcss_oxide::scanner: Discovering "D:\\Gawean Rebinmas\\Schedule Tracker\\schedule-tracker\\components\\ui"
2026-02-10T04:44:03.986535Z  INFO get_files:scan_sources: tailwindcss_oxide::scanner: Discovering "D:\\Gawean Rebinmas\\Schedule Tracker\\schedule-tracker\\components\\users"
2026-02-10T04:44:03.986859Z  INFO get_files:scan_sources: tailwindcss_oxide::scanner: Discovering "D:\\Gawean Rebinmas\\Schedule Tracker\\schedule-tracker\\docs"
2026-02-10T04:44:03.987037Z  INFO get_files:scan_sources: tailwindcss_oxide::scanner: Discovering "D:\\Gawean Rebinmas\\Schedule Tracker\\schedule-tracker\\docs\\plans"
2026-02-10T04:44:03.987381Z  INFO get_files:scan_sources: tailwindcss_oxide::scanner: Discovering "D:\\Gawean Rebinmas\\Schedule Tracker\\schedule-tracker\\lib"
2026-02-10T04:44:03.987561Z  INFO get_files:scan_sources: tailwindcss_oxide::scanner: Discovering "D:\\Gawean Rebinmas\\Schedule Tracker\\schedule-tracker\\lib\\api"
2026-02-10T04:44:03.988571Z  INFO get_files:scan_sources: tailwindcss_oxide::scanner: Discovering "D:\\Gawean Rebinmas\\Schedule Tracker\\schedule-tracker\\prisma"
2026-02-10T04:44:03.988809Z  INFO get_files:scan_sources: tailwindcss_oxide::scanner: Discovering "D:\\Gawean Rebinmas\\Schedule Tracker\\schedule-tracker\\prisma\\migrations"
2026-02-10T04:44:03.989007Z  INFO get_files:scan_sources: tailwindcss_oxide::scanner: Discovering "D:\\Gawean Rebinmas\\Schedule Tracker\\schedule-tracker\\prisma\\migrations\\20260209082144_init"
2026-02-10T04:44:03.989280Z  INFO get_files:scan_sources: tailwindcss_oxide::scanner: Discovering "D:\\Gawean Rebinmas\\Schedule Tracker\\schedule-tracker\\prisma\\migrations\\20260209154500_add_documentation_attachments_comments"
2026-02-10T04:44:03.989570Z  INFO get_files:scan_sources: tailwindcss_oxide::scanner: Discovering "D:\\Gawean Rebinmas\\Schedule Tracker\\schedule-tracker\\prisma\\migrations\\20260209155443_fix_comment_updated_at_default"
2026-02-10T04:44:03.989816Z  INFO get_files:scan_sources: tailwindcss_oxide::scanner: Discovering "D:\\Gawean Rebinmas\\Schedule Tracker\\schedule-tracker\\prisma\\migrations\\20260210011223_add_auth_fields"
2026-02-10T04:44:03.990059Z  INFO get_files:scan_sources: tailwindcss_oxide::scanner: Discovering "D:\\Gawean Rebinmas\\Schedule Tracker\\schedule-tracker\\prisma\\migrations\\20260210032854_add_project_priority"
2026-02-10T04:44:03.990298Z  INFO get_files:scan_sources: tailwindcss_oxide::scanner: Discovering "D:\\Gawean Rebinmas\\Schedule Tracker\\schedule-tracker\\prisma\\migrations\\20260210034845_add_project_banner"
2026-02-10T04:44:03.990742Z  INFO get_files:scan_sources: tailwindcss_oxide::scanner: Discovering "D:\\Gawean Rebinmas\\Schedule Tracker\\schedule-tracker\\public"
2026-02-10T04:44:03.991035Z  INFO get_files:scan_sources: tailwindcss_oxide::scanner: Discovering "D:\\Gawean Rebinmas\\Schedule Tracker\\schedule-tracker\\public\\uploads"
2026-02-10T04:44:03.991504Z  INFO get_files:scan_sources: tailwindcss_oxide::scanner: exit
2026-02-10T04:44:03.991748Z  INFO get_files: tailwindcss_oxide::scanner: exit
2026-02-10T04:44:03.992122Z  INFO get_globs: tailwindcss_oxide::scanner: enter
2026-02-10T04:44:03.992133Z  INFO get_globs:scan_sources: tailwindcss_oxide::scanner: enter
2026-02-10T04:44:03.993855Z  INFO get_globs:scan_sources: tailwindcss_oxide::scanner: Discovering "D:\\Gawean Rebinmas\\Schedule Tracker\\schedule-tracker\\app"
2026-02-10T04:44:03.994026Z  INFO get_globs:scan_sources: tailwindcss_oxide::scanner: Discovering "D:\\Gawean Rebinmas\\Schedule Tracker\\schedule-tracker\\app\\actions"
2026-02-10T04:44:03.994487Z  INFO get_globs:scan_sources: tailwindcss_oxide::scanner: Discovering "D:\\Gawean Rebinmas\\Schedule Tracker\\schedule-tracker\\app\\api"
2026-02-10T04:44:03.994869Z  INFO get_globs:scan_sources: tailwindcss_oxide::scanner: Discovering "D:\\Gawean Rebinmas\\Schedule Tracker\\schedule-tracker\\app\\api\\logout"
2026-02-10T04:44:03.995144Z  INFO get_globs:scan_sources: tailwindcss_oxide::scanner: Discovering "D:\\Gawean Rebinmas\\Schedule Tracker\\schedule-tracker\\app\\api\\projects"
2026-02-10T04:44:03.995498Z  INFO get_globs:scan_sources: tailwindcss_oxide::scanner: Discovering "D:\\Gawean Rebinmas\\Schedule Tracker\\schedule-tracker\\app\\api\\projects\\[id]"
2026-02-10T04:44:03.995807Z  INFO get_globs:scan_sources: tailwindcss_oxide::scanner: Discovering "D:\\Gawean Rebinmas\\Schedule Tracker\\schedule-tracker\\app\\api\\projects\\[id]\\canvas"
2026-02-10T04:44:03.996094Z  INFO get_globs:scan_sources: tailwindcss_oxide::scanner: Discovering "D:\\Gawean Rebinmas\\Schedule Tracker\\schedule-tracker\\app\\api\\projects\\[id]\\dashboard"
2026-02-10T04:44:03.996506Z  INFO get_globs:scan_sources: tailwindcss_oxide::scanner: Discovering "D:\\Gawean Rebinmas\\Schedule Tracker\\schedule-tracker\\app\\api\\seed"
2026-02-10T04:44:03.996765Z  INFO get_globs:scan_sources: tailwindcss_oxide::scanner: Discovering "D:\\Gawean Rebinmas\\Schedule Tracker\\schedule-tracker\\app\\api\\statuses"
2026-02-10T04:44:03.997038Z  INFO get_globs:scan_sources: tailwindcss_oxide::scanner: Discovering "D:\\Gawean Rebinmas\\Schedule Tracker\\schedule-tracker\\app\\api\\tasks"
2026-02-10T04:44:03.997288Z  INFO get_globs:scan_sources: tailwindcss_oxide::scanner: Discovering "D:\\Gawean Rebinmas\\Schedule Tracker\\schedule-tracker\\app\\api\\tasks\\[id]"
2026-02-10T04:44:03.997552Z  INFO get_globs:scan_sources: tailwindcss_oxide::scanner: Discovering "D:\\Gawean Rebinmas\\Schedule Tracker\\schedule-tracker\\app\\api\\user"
2026-02-10T04:44:03.997835Z  INFO get_globs:scan_sources: tailwindcss_oxide::scanner: Discovering "D:\\Gawean Rebinmas\\Schedule Tracker\\schedule-tracker\\app\\auth"
2026-02-10T04:44:03.998014Z  INFO get_globs:scan_sources: tailwindcss_oxide::scanner: Discovering "D:\\Gawean Rebinmas\\Schedule Tracker\\schedule-tracker\\app\\auth\\login"
2026-02-10T04:44:03.998272Z  INFO get_globs:scan_sources: tailwindcss_oxide::scanner: Discovering "D:\\Gawean Rebinmas\\Schedule Tracker\\schedule-tracker\\app\\auth\\register"
2026-02-10T04:44:03.998530Z  INFO get_globs:scan_sources: tailwindcss_oxide::scanner: Discovering "D:\\Gawean Rebinmas\\Schedule Tracker\\schedule-tracker\\app\\dashboard"
2026-02-10T04:44:03.998907Z  INFO get_globs:scan_sources: tailwindcss_oxide::scanner: Discovering "D:\\Gawean Rebinmas\\Schedule Tracker\\schedule-tracker\\app\\projects"
2026-02-10T04:44:03.999133Z  INFO get_globs:scan_sources: tailwindcss_oxide::scanner: Discovering "D:\\Gawean Rebinmas\\Schedule Tracker\\schedule-tracker\\app\\projects\\[id]"
2026-02-10T04:44:03.999329Z  INFO get_globs:scan_sources: tailwindcss_oxide::scanner: Discovering "D:\\Gawean Rebinmas\\Schedule Tracker\\schedule-tracker\\app\\projects\\[id]\\board"
2026-02-10T04:44:03.999600Z  INFO get_globs:scan_sources: tailwindcss_oxide::scanner: Discovering "D:\\Gawean Rebinmas\\Schedule Tracker\\schedule-tracker\\app\\projects\\[id]\\board\\[taskId]"
2026-02-10T04:44:03.999975Z  INFO get_globs:scan_sources: tailwindcss_oxide::scanner: Discovering "D:\\Gawean Rebinmas\\Schedule Tracker\\schedule-tracker\\app\\projects\\[id]\\dashboard"
2026-02-10T04:44:04.000241Z  INFO get_globs:scan_sources: tailwindcss_oxide::scanner: Discovering "D:\\Gawean Rebinmas\\Schedule Tracker\\schedule-tracker\\app\\settings"
2026-02-10T04:44:04.000513Z  INFO get_globs:scan_sources: tailwindcss_oxide::scanner: Discovering "D:\\Gawean Rebinmas\\Schedule Tracker\\schedule-tracker\\app\\users"
2026-02-10T04:44:04.000880Z  INFO get_globs:scan_sources: tailwindcss_oxide::scanner: Discovering "D:\\Gawean Rebinmas\\Schedule Tracker\\schedule-tracker\\components"
2026-02-10T04:44:04.001094Z  INFO get_globs:scan_sources: tailwindcss_oxide::scanner: Discovering "D:\\Gawean Rebinmas\\Schedule Tracker\\schedule-tracker\\components\\auth"
2026-02-10T04:44:04.001517Z  INFO get_globs:scan_sources: tailwindcss_oxide::scanner: Discovering "D:\\Gawean Rebinmas\\Schedule Tracker\\schedule-tracker\\components\\dashboard"
2026-02-10T04:44:04.002010Z  INFO get_globs:scan_sources: tailwindcss_oxide::scanner: Discovering "D:\\Gawean Rebinmas\\Schedule Tracker\\schedule-tracker\\components\\editor"
2026-02-10T04:44:04.002460Z  INFO get_globs:scan_sources: tailwindcss_oxide::scanner: Discovering "D:\\Gawean Rebinmas\\Schedule Tracker\\schedule-tracker\\components\\editor\\components"
2026-02-10T04:44:04.002887Z  INFO get_globs:scan_sources: tailwindcss_oxide::scanner: Discovering "D:\\Gawean Rebinmas\\Schedule Tracker\\schedule-tracker\\components\\kanban"
2026-02-10T04:44:04.003453Z  INFO get_globs:scan_sources: tailwindcss_oxide::scanner: Discovering "D:\\Gawean Rebinmas\\Schedule Tracker\\schedule-tracker\\components\\notifications"
2026-02-10T04:44:04.003848Z  INFO get_globs:scan_sources: tailwindcss_oxide::scanner: Discovering "D:\\Gawean Rebinmas\\Schedule Tracker\\schedule-tracker\\components\\shared"
2026-02-10T04:44:04.004121Z  INFO get_globs:scan_sources: tailwindcss_oxide::scanner: Discovering "D:\\Gawean Rebinmas\\Schedule Tracker\\schedule-tracker\\components\\task"
2026-02-10T04:44:04.004598Z  INFO get_globs:scan_sources: tailwindcss_oxide::scanner: Discovering "D:\\Gawean Rebinmas\\Schedule Tracker\\schedule-tracker\\components\\ui"
2026-02-10T04:44:04.005355Z  INFO get_globs:scan_sources: tailwindcss_oxide::scanner: Discovering "D:\\Gawean Rebinmas\\Schedule Tracker\\schedule-tracker\\components\\users"
2026-02-10T04:44:04.005673Z  INFO get_globs:scan_sources: tailwindcss_oxide::scanner: Discovering "D:\\Gawean Rebinmas\\Schedule Tracker\\schedule-tracker\\docs"
2026-02-10T04:44:04.005848Z  INFO get_globs:scan_sources: tailwindcss_oxide::scanner: Discovering "D:\\Gawean Rebinmas\\Schedule Tracker\\schedule-tracker\\docs\\plans"
2026-02-10T04:44:04.006204Z  INFO get_globs:scan_sources: tailwindcss_oxide::scanner: Discovering "D:\\Gawean Rebinmas\\Schedule Tracker\\schedule-tracker\\lib"
2026-02-10T04:44:04.006404Z  INFO get_globs:scan_sources: tailwindcss_oxide::scanner: Discovering "D:\\Gawean Rebinmas\\Schedule Tracker\\schedule-tracker\\lib\\api"
2026-02-10T04:44:04.007330Z  INFO get_globs:scan_sources: tailwindcss_oxide::scanner: Discovering "D:\\Gawean Rebinmas\\Schedule Tracker\\schedule-tracker\\prisma"
2026-02-10T04:44:04.007564Z  INFO get_globs:scan_sources: tailwindcss_oxide::scanner: Discovering "D:\\Gawean Rebinmas\\Schedule Tracker\\schedule-tracker\\prisma\\migrations"
2026-02-10T04:44:04.007809Z  INFO get_globs:scan_sources: tailwindcss_oxide::scanner: Discovering "D:\\Gawean Rebinmas\\Schedule Tracker\\schedule-tracker\\prisma\\migrations\\20260209082144_init"
2026-02-10T04:44:04.008096Z  INFO get_globs:scan_sources: tailwindcss_oxide::scanner: Discovering "D:\\Gawean Rebinmas\\Schedule Tracker\\schedule-tracker\\prisma\\migrations\\20260209154500_add_documentation_attachments_comments"
2026-02-10T04:44:04.008374Z  INFO get_globs:scan_sources: tailwindcss_oxide::scanner: Discovering "D:\\Gawean Rebinmas\\Schedule Tracker\\schedule-tracker\\prisma\\migrations\\20260209155443_fix_comment_updated_at_default"
2026-02-10T04:44:04.008792Z  INFO get_globs:scan_sources: tailwindcss_oxide::scanner: Discovering "D:\\Gawean Rebinmas\\Schedule Tracker\\schedule-tracker\\prisma\\migrations\\20260210011223_add_auth_fields"
2026-02-10T04:44:04.009123Z  INFO get_globs:scan_sources: tailwindcss_oxide::scanner: Discovering "D:\\Gawean Rebinmas\\Schedule Tracker\\schedule-tracker\\prisma\\migrations\\20260210032854_add_project_priority"
2026-02-10T04:44:04.009390Z  INFO get_globs:scan_sources: tailwindcss_oxide::scanner: Discovering "D:\\Gawean Rebinmas\\Schedule Tracker\\schedule-tracker\\prisma\\migrations\\20260210034845_add_project_banner"
2026-02-10T04:44:04.010010Z  INFO get_globs:scan_sources: tailwindcss_oxide::scanner: Discovering "D:\\Gawean Rebinmas\\Schedule Tracker\\schedule-tracker\\public"
2026-02-10T04:44:04.010398Z  INFO get_globs:scan_sources: tailwindcss_oxide::scanner: Discovering "D:\\Gawean Rebinmas\\Schedule Tracker\\schedule-tracker\\public\\uploads"
2026-02-10T04:44:04.010873Z  INFO get_globs:scan_sources: tailwindcss_oxide::scanner: exit
2026-02-10T04:44:04.023336Z  INFO get_globs: tailwindcss_oxide::scanner: exit
