2026-02-09T15:07:29.947178Z  INFO tailwindcss_oxide::scanner: Provided sources:
2026-02-09T15:07:29.947295Z  INFO tailwindcss_oxide::scanner: Source: PublicSourceEntry { base: "D:\\Gawean Rebinmas\\Schedule Tracker\\schedule-tracker", pattern: "**/*", negated: false }
2026-02-09T15:07:29.947565Z  INFO tailwindcss_oxide::scanner: Optimized sources:
2026-02-09T15:07:29.947584Z  INFO tailwindcss_oxide::scanner: Source: Auto { base: "D:\\Gawean Rebinmas\\Schedule Tracker\\schedule-tracker" }
2026-02-09T15:07:29.949169Z  INFO scan_sources: tailwindcss_oxide::scanner: enter
2026-02-09T15:07:29.951271Z  INFO scan_sources: tailwindcss_oxide::scanner: Discovering "D:\\Gawean Rebinmas\\Schedule Tracker\\schedule-tracker\\app"
2026-02-09T15:07:29.951583Z  INFO scan_sources: tailwindcss_oxide::scanner: Discovering "D:\\Gawean Rebinmas\\Schedule Tracker\\schedule-tracker\\app\\actions"
2026-02-09T15:07:29.951721Z  INFO scan_sources: tailwindcss_oxide::scanner: Discovering "D:\\Gawean Rebinmas\\Schedule Tracker\\schedule-tracker\\app\\actions\\dashboard.ts"
2026-02-09T15:07:29.951778Z  INFO scan_sources: tailwindcss_oxide::scanner: Discovering "D:\\Gawean Rebinmas\\Schedule Tracker\\schedule-tracker\\app\\actions\\project.ts"
2026-02-09T15:07:29.951827Z  INFO scan_sources: tailwindcss_oxide::scanner: Discovering "D:\\Gawean Rebinmas\\Schedule Tracker\\schedule-tracker\\app\\actions\\task.ts"
2026-02-09T15:07:29.951910Z  INFO scan_sources: tailwindcss_oxide::scanner: Discovering "D:\\Gawean Rebinmas\\Schedule Tracker\\schedule-tracker\\app\\api"
2026-02-09T15:07:29.952028Z  INFO scan_sources: tailwindcss_oxide::scanner: Discovering "D:\\Gawean Rebinmas\\Schedule Tracker\\schedule-tracker\\app\\api\\projects"
2026-02-09T15:07:29.952125Z  INFO scan_sources: tailwindcss_oxide::scanner: Discovering "D:\\Gawean Rebinmas\\Schedule Tracker\\schedule-tracker\\app\\api\\projects\\route.ts"
2026-02-09T15:07:29.952210Z  INFO scan_sources: tailwindcss_oxide::scanner: Discovering "D:\\Gawean Rebinmas\\Schedule Tracker\\schedule-tracker\\app\\api\\projects\\[id]"
2026-02-09T15:07:29.952330Z  INFO scan_sources: tailwindcss_oxide::scanner: Discovering "D:\\Gawean Rebinmas\\Schedule Tracker\\schedule-tracker\\app\\api\\projects\\[id]\\dashboard"
2026-02-09T15:07:29.952429Z  INFO scan_sources: tailwindcss_oxide::scanner: Discovering "D:\\Gawean Rebinmas\\Schedule Tracker\\schedule-tracker\\app\\api\\projects\\[id]\\dashboard\\route.ts"
2026-02-09T15:07:29.952502Z  INFO scan_sources: tailwindcss_oxide::scanner: Discovering "D:\\Gawean Rebinmas\\Schedule Tracker\\schedule-tracker\\app\\api\\projects\\[id]\\route.ts"
2026-02-09T15:07:29.952596Z  INFO scan_sources: tailwindcss_oxide::scanner: Discovering "D:\\Gawean Rebinmas\\Schedule Tracker\\schedule-tracker\\app\\api\\seed"
2026-02-09T15:07:29.952690Z  INFO scan_sources: tailwindcss_oxide::scanner: Discovering "D:\\Gawean Rebinmas\\Schedule Tracker\\schedule-tracker\\app\\api\\seed\\route.ts"
2026-02-09T15:07:29.952766Z  INFO scan_sources: tailwindcss_oxide::scanner: Discovering "D:\\Gawean Rebinmas\\Schedule Tracker\\schedule-tracker\\app\\api\\statuses"
2026-02-09T15:07:29.952853Z  INFO scan_sources: tailwindcss_oxide::scanner: Discovering "D:\\Gawean Rebinmas\\Schedule Tracker\\schedule-tracker\\app\\api\\statuses\\route.ts"
2026-02-09T15:07:29.952931Z  INFO scan_sources: tailwindcss_oxide::scanner: Discovering "D:\\Gawean Rebinmas\\Schedule Tracker\\schedule-tracker\\app\\api\\tasks"
2026-02-09T15:07:29.953020Z  INFO scan_sources: tailwindcss_oxide::scanner: Discovering "D:\\Gawean Rebinmas\\Schedule Tracker\\schedule-tracker\\app\\api\\tasks\\route.ts"
2026-02-09T15:07:29.953084Z  INFO scan_sources: tailwindcss_oxide::scanner: Discovering "D:\\Gawean Rebinmas\\Schedule Tracker\\schedule-tracker\\app\\api\\tasks\\[id]"
2026-02-09T15:07:29.953187Z  INFO scan_sources: tailwindcss_oxide::scanner: Discovering "D:\\Gawean Rebinmas\\Schedule Tracker\\schedule-tracker\\app\\api\\tasks\\[id]\\route.ts"
2026-02-09T15:07:29.953292Z  INFO scan_sources: tailwindcss_oxide::scanner: Discovering "D:\\Gawean Rebinmas\\Schedule Tracker\\schedule-tracker\\app\\dashboard"
2026-02-09T15:07:29.953481Z  INFO scan_sources: tailwindcss_oxide::scanner: Discovering "D:\\Gawean Rebinmas\\Schedule Tracker\\schedule-tracker\\app\\dashboard\\page.tsx"
2026-02-09T15:07:29.953604Z  INFO scan_sources: tailwindcss_oxide::scanner: Discovering "D:\\Gawean Rebinmas\\Schedule Tracker\\schedule-tracker\\app\\globals.css"
2026-02-09T15:07:29.953687Z  INFO scan_sources: tailwindcss_oxide::scanner: Discovering "D:\\Gawean Rebinmas\\Schedule Tracker\\schedule-tracker\\app\\layout.tsx"
2026-02-09T15:07:29.953767Z  INFO scan_sources: tailwindcss_oxide::scanner: Discovering "D:\\Gawean Rebinmas\\Schedule Tracker\\schedule-tracker\\app\\page.tsx"
2026-02-09T15:07:29.953863Z  INFO scan_sources: tailwindcss_oxide::scanner: Discovering "D:\\Gawean Rebinmas\\Schedule Tracker\\schedule-tracker\\app\\projects"
2026-02-09T15:07:29.953969Z  INFO scan_sources: tailwindcss_oxide::scanner: Discovering "D:\\Gawean Rebinmas\\Schedule Tracker\\schedule-tracker\\app\\projects\\page.tsx"
2026-02-09T15:07:29.954040Z  INFO scan_sources: tailwindcss_oxide::scanner: Discovering "D:\\Gawean Rebinmas\\Schedule Tracker\\schedule-tracker\\app\\projects\\[id]"
2026-02-09T15:07:29.954400Z  INFO scan_sources: tailwindcss_oxide::scanner: Discovering "D:\\Gawean Rebinmas\\Schedule Tracker\\schedule-tracker\\app\\projects\\[id]\\board"
2026-02-09T15:07:29.954706Z  INFO scan_sources: tailwindcss_oxide::scanner: Discovering "D:\\Gawean Rebinmas\\Schedule Tracker\\schedule-tracker\\app\\projects\\[id]\\board\\page.tsx"
2026-02-09T15:07:29.954940Z  INFO scan_sources: tailwindcss_oxide::scanner: Discovering "D:\\Gawean Rebinmas\\Schedule Tracker\\schedule-tracker\\app\\projects\\[id]\\dashboard"
2026-02-09T15:07:29.955220Z  INFO scan_sources: tailwindcss_oxide::scanner: Discovering "D:\\Gawean Rebinmas\\Schedule Tracker\\schedule-tracker\\app\\projects\\[id]\\page.tsx"
2026-02-09T15:07:29.955467Z  INFO scan_sources: tailwindcss_oxide::scanner: Discovering "D:\\Gawean Rebinmas\\Schedule Tracker\\schedule-tracker\\app\\settings"
2026-02-09T15:07:29.955707Z  INFO scan_sources: tailwindcss_oxide::scanner: Discovering "D:\\Gawean Rebinmas\\Schedule Tracker\\schedule-tracker\\app\\settings\\page.tsx"
2026-02-09T15:07:29.956013Z  INFO scan_sources: tailwindcss_oxide::scanner: Discovering "D:\\Gawean Rebinmas\\Schedule Tracker\\schedule-tracker\\components"
2026-02-09T15:07:29.956248Z  INFO scan_sources: tailwindcss_oxide::scanner: Discovering "D:\\Gawean Rebinmas\\Schedule Tracker\\schedule-tracker\\components\\AppShell.tsx"
2026-02-09T15:07:29.956363Z  INFO scan_sources: tailwindcss_oxide::scanner: Discovering "D:\\Gawean Rebinmas\\Schedule Tracker\\schedule-tracker\\components\\Breadcrumbs.tsx"
2026-02-09T15:07:29.956474Z  INFO scan_sources: tailwindcss_oxide::scanner: Discovering "D:\\Gawean Rebinmas\\Schedule Tracker\\schedule-tracker\\components\\CreateTaskDialog.tsx"
2026-02-09T15:07:29.956646Z  INFO scan_sources: tailwindcss_oxide::scanner: Discovering "D:\\Gawean Rebinmas\\Schedule Tracker\\schedule-tracker\\components\\dashboard"
2026-02-09T15:07:29.956863Z  INFO scan_sources: tailwindcss_oxide::scanner: Discovering "D:\\Gawean Rebinmas\\Schedule Tracker\\schedule-tracker\\components\\dashboard\\Dashboard.tsx"
2026-02-09T15:07:29.956972Z  INFO scan_sources: tailwindcss_oxide::scanner: Discovering "D:\\Gawean Rebinmas\\Schedule Tracker\\schedule-tracker\\components\\dashboard\\ProgressBar.tsx"
2026-02-09T15:07:29.957076Z  INFO scan_sources: tailwindcss_oxide::scanner: Discovering "D:\\Gawean Rebinmas\\Schedule Tracker\\schedule-tracker\\components\\dashboard\\StatCards.tsx"
2026-02-09T15:07:29.957211Z  INFO scan_sources: tailwindcss_oxide::scanner: Discovering "D:\\Gawean Rebinmas\\Schedule Tracker\\schedule-tracker\\components\\KanbanBoard.tsx"
2026-02-09T15:07:29.957317Z  INFO scan_sources: tailwindcss_oxide::scanner: Discovering "D:\\Gawean Rebinmas\\Schedule Tracker\\schedule-tracker\\components\\KanbanTask.tsx"
2026-02-09T15:07:29.957421Z  INFO scan_sources: tailwindcss_oxide::scanner: Discovering "D:\\Gawean Rebinmas\\Schedule Tracker\\schedule-tracker\\components\\QuickActions.tsx"
2026-02-09T15:07:29.957654Z  INFO scan_sources: tailwindcss_oxide::scanner: Discovering "D:\\Gawean Rebinmas\\Schedule Tracker\\schedule-tracker\\components\\shared"
2026-02-09T15:07:29.957907Z  INFO scan_sources: tailwindcss_oxide::scanner: Discovering "D:\\Gawean Rebinmas\\Schedule Tracker\\schedule-tracker\\components\\Sidebar.tsx"
2026-02-09T15:07:29.958027Z  INFO scan_sources: tailwindcss_oxide::scanner: Discovering "D:\\Gawean Rebinmas\\Schedule Tracker\\schedule-tracker\\components\\SkipLink.tsx"
2026-02-09T15:07:29.958205Z  INFO scan_sources: tailwindcss_oxide::scanner: Discovering "D:\\Gawean Rebinmas\\Schedule Tracker\\schedule-tracker\\components\\ui"
2026-02-09T15:07:29.958426Z  INFO scan_sources: tailwindcss_oxide::scanner: Discovering "D:\\Gawean Rebinmas\\Schedule Tracker\\schedule-tracker\\components\\ui\\avatar.tsx"
2026-02-09T15:07:29.958543Z  INFO scan_sources: tailwindcss_oxide::scanner: Discovering "D:\\Gawean Rebinmas\\Schedule Tracker\\schedule-tracker\\components\\ui\\badge.tsx"
2026-02-09T15:07:29.958649Z  INFO scan_sources: tailwindcss_oxide::scanner: Discovering "D:\\Gawean Rebinmas\\Schedule Tracker\\schedule-tracker\\components\\ui\\button.tsx"
2026-02-09T15:07:29.958760Z  INFO scan_sources: tailwindcss_oxide::scanner: Discovering "D:\\Gawean Rebinmas\\Schedule Tracker\\schedule-tracker\\components\\ui\\card.tsx"
2026-02-09T15:07:29.958871Z  INFO scan_sources: tailwindcss_oxide::scanner: Discovering "D:\\Gawean Rebinmas\\Schedule Tracker\\schedule-tracker\\components\\ui\\dialog.tsx"
2026-02-09T15:07:29.959011Z  INFO scan_sources: tailwindcss_oxide::scanner: Discovering "D:\\Gawean Rebinmas\\Schedule Tracker\\schedule-tracker\\components\\ui\\input.tsx"
2026-02-09T15:07:29.959194Z  INFO scan_sources: tailwindcss_oxide::scanner: Discovering "D:\\Gawean Rebinmas\\Schedule Tracker\\schedule-tracker\\components\\ui\\label.tsx"
2026-02-09T15:07:29.959331Z  INFO scan_sources: tailwindcss_oxide::scanner: Discovering "D:\\Gawean Rebinmas\\Schedule Tracker\\schedule-tracker\\components\\ui\\textarea.tsx"
2026-02-09T15:07:29.959437Z  INFO scan_sources: tailwindcss_oxide::scanner: Discovering "D:\\Gawean Rebinmas\\Schedule Tracker\\schedule-tracker\\components\\ui\\tooltip.tsx"
2026-02-09T15:07:29.959620Z  INFO scan_sources: tailwindcss_oxide::scanner: Discovering "D:\\Gawean Rebinmas\\Schedule Tracker\\schedule-tracker\\eslint.config.mjs"
2026-02-09T15:07:29.959791Z  INFO scan_sources: tailwindcss_oxide::scanner: Discovering "D:\\Gawean Rebinmas\\Schedule Tracker\\schedule-tracker\\lib"
2026-02-09T15:07:29.960085Z  INFO scan_sources: tailwindcss_oxide::scanner: Discovering "D:\\Gawean Rebinmas\\Schedule Tracker\\schedule-tracker\\lib\\api"
2026-02-09T15:07:29.960492Z  INFO scan_sources: tailwindcss_oxide::scanner: Discovering "D:\\Gawean Rebinmas\\Schedule Tracker\\schedule-tracker\\lib\\api\\projects.ts"
2026-02-09T15:07:29.960615Z  INFO scan_sources: tailwindcss_oxide::scanner: Discovering "D:\\Gawean Rebinmas\\Schedule Tracker\\schedule-tracker\\lib\\api\\statuses.ts"
2026-02-09T15:07:29.960670Z  INFO scan_sources: tailwindcss_oxide::scanner: Discovering "D:\\Gawean Rebinmas\\Schedule Tracker\\schedule-tracker\\lib\\api\\tasks.ts"
2026-02-09T15:07:29.960718Z  INFO scan_sources: tailwindcss_oxide::scanner: Discovering "D:\\Gawean Rebinmas\\Schedule Tracker\\schedule-tracker\\lib\\api\\users.ts"
2026-02-09T15:07:29.960789Z  INFO scan_sources: tailwindcss_oxide::scanner: Discovering "D:\\Gawean Rebinmas\\Schedule Tracker\\schedule-tracker\\lib\\prisma.ts"
2026-02-09T15:07:29.960837Z  INFO scan_sources: tailwindcss_oxide::scanner: Discovering "D:\\Gawean Rebinmas\\Schedule Tracker\\schedule-tracker\\lib\\utils.ts"
2026-02-09T15:07:29.960996Z  INFO scan_sources: tailwindcss_oxide::scanner: Discovering "D:\\Gawean Rebinmas\\Schedule Tracker\\schedule-tracker\\next.config.ts"
2026-02-09T15:07:29.961179Z  INFO scan_sources: tailwindcss_oxide::scanner: Discovering "D:\\Gawean Rebinmas\\Schedule Tracker\\schedule-tracker\\nul"
2026-02-09T15:07:29.961314Z  INFO scan_sources: tailwindcss_oxide::scanner: Discovering "D:\\Gawean Rebinmas\\Schedule Tracker\\schedule-tracker\\package.json"
2026-02-09T15:07:29.961375Z  INFO scan_sources: tailwindcss_oxide::scanner: Discovering "D:\\Gawean Rebinmas\\Schedule Tracker\\schedule-tracker\\postcss.config.mjs"
2026-02-09T15:07:29.961458Z  INFO scan_sources: tailwindcss_oxide::scanner: Discovering "D:\\Gawean Rebinmas\\Schedule Tracker\\schedule-tracker\\prisma"
2026-02-09T15:07:29.961591Z  INFO scan_sources: tailwindcss_oxide::scanner: Discovering "D:\\Gawean Rebinmas\\Schedule Tracker\\schedule-tracker\\prisma\\migrations"
2026-02-09T15:07:29.961717Z  INFO scan_sources: tailwindcss_oxide::scanner: Discovering "D:\\Gawean Rebinmas\\Schedule Tracker\\schedule-tracker\\prisma\\migrations\\20260209082144_init"
2026-02-09T15:07:29.961841Z  INFO scan_sources: tailwindcss_oxide::scanner: Discovering "D:\\Gawean Rebinmas\\Schedule Tracker\\schedule-tracker\\prisma\\migrations\\20260209082144_init\\migration.sql"
2026-02-09T15:07:29.961917Z  INFO scan_sources: tailwindcss_oxide::scanner: Discovering "D:\\Gawean Rebinmas\\Schedule Tracker\\schedule-tracker\\prisma\\migrations\\migration_lock.toml"
2026-02-09T15:07:29.961985Z  INFO scan_sources: tailwindcss_oxide::scanner: Discovering "D:\\Gawean Rebinmas\\Schedule Tracker\\schedule-tracker\\prisma\\schema.prisma"
2026-02-09T15:07:29.962035Z  INFO scan_sources: tailwindcss_oxide::scanner: Discovering "D:\\Gawean Rebinmas\\Schedule Tracker\\schedule-tracker\\prisma\\seed.js"
2026-02-09T15:07:29.962081Z  INFO scan_sources: tailwindcss_oxide::scanner: Discovering "D:\\Gawean Rebinmas\\Schedule Tracker\\schedule-tracker\\prisma\\seed.ts"
2026-02-09T15:07:29.962168Z  INFO scan_sources: tailwindcss_oxide::scanner: Discovering "D:\\Gawean Rebinmas\\Schedule Tracker\\schedule-tracker\\public"
2026-02-09T15:07:29.962270Z  INFO scan_sources: tailwindcss_oxide::scanner: Discovering "D:\\Gawean Rebinmas\\Schedule Tracker\\schedule-tracker\\public\\file.svg"
2026-02-09T15:07:29.962317Z  INFO scan_sources: tailwindcss_oxide::scanner: Discovering "D:\\Gawean Rebinmas\\Schedule Tracker\\schedule-tracker\\public\\globe.svg"
2026-02-09T15:07:29.962383Z  INFO scan_sources: tailwindcss_oxide::scanner: Discovering "D:\\Gawean Rebinmas\\Schedule Tracker\\schedule-tracker\\public\\next.svg"
2026-02-09T15:07:29.962432Z  INFO scan_sources: tailwindcss_oxide::scanner: Discovering "D:\\Gawean Rebinmas\\Schedule Tracker\\schedule-tracker\\public\\vercel.svg"
2026-02-09T15:07:29.962477Z  INFO scan_sources: tailwindcss_oxide::scanner: Discovering "D:\\Gawean Rebinmas\\Schedule Tracker\\schedule-tracker\\public\\window.svg"
2026-02-09T15:07:29.962536Z  INFO scan_sources: tailwindcss_oxide::scanner: Discovering "D:\\Gawean Rebinmas\\Schedule Tracker\\schedule-tracker\\README.md"
2026-02-09T15:07:29.962613Z  INFO scan_sources: tailwindcss_oxide::scanner: Discovering "D:\\Gawean Rebinmas\\Schedule Tracker\\schedule-tracker\\tsconfig.json"
2026-02-09T15:07:29.962770Z  INFO scan_sources: tailwindcss_oxide::scanner: exit
2026-02-09T15:07:29.962779Z  INFO extract_candidates: tailwindcss_oxide::scanner: enter
2026-02-09T15:07:29.962786Z  INFO extract_candidates:read_all_files: tailwindcss_oxide::scanner: enter
2026-02-09T15:07:29.962791Z  INFO extract_candidates:read_all_files: tailwindcss_oxide::scanner: Reading 59 file(s)
2026-02-09T15:07:29.963430Z  INFO tailwindcss_oxide::scanner: Reading "D:\\Gawean Rebinmas\\Schedule Tracker\\schedule-tracker\\components\\ui\\badge.tsx"
2026-02-09T15:07:29.963446Z  INFO tailwindcss_oxide::scanner: Reading "D:\\Gawean Rebinmas\\Schedule Tracker\\schedule-tracker\\app\\actions\\dashboard.ts"
2026-02-09T15:07:29.963514Z  INFO tailwindcss_oxide::scanner: Reading "D:\\Gawean Rebinmas\\Schedule Tracker\\schedule-tracker\\components\\ui\\button.tsx"
2026-02-09T15:07:29.963571Z  INFO tailwindcss_oxide::scanner: Reading "D:\\Gawean Rebinmas\\Schedule Tracker\\schedule-tracker\\components\\ui\\card.tsx"
2026-02-09T15:07:29.963593Z  INFO tailwindcss_oxide::scanner: Reading "D:\\Gawean Rebinmas\\Schedule Tracker\\schedule-tracker\\app\\actions\\project.ts"
2026-02-09T15:07:29.963624Z  INFO tailwindcss_oxide::scanner: Reading "D:\\Gawean Rebinmas\\Schedule Tracker\\schedule-tracker\\components\\ui\\dialog.tsx"
2026-02-09T15:07:29.963717Z  INFO tailwindcss_oxide::scanner: Reading "D:\\Gawean Rebinmas\\Schedule Tracker\\schedule-tracker\\app\\projects\\[id]\\board\\page.tsx"
2026-02-09T15:07:29.963790Z  INFO tailwindcss_oxide::scanner: Reading "D:\\Gawean Rebinmas\\Schedule Tracker\\schedule-tracker\\app\\projects\\[id]\\page.tsx"
2026-02-09T15:07:29.963823Z  INFO tailwindcss_oxide::scanner: Reading "D:\\Gawean Rebinmas\\Schedule Tracker\\schedule-tracker\\app\\actions\\task.ts"
2026-02-09T15:07:29.963847Z  INFO tailwindcss_oxide::scanner: Reading "D:\\Gawean Rebinmas\\Schedule Tracker\\schedule-tracker\\app\\settings\\page.tsx"
2026-02-09T15:07:29.963880Z  INFO tailwindcss_oxide::scanner: Reading "D:\\Gawean Rebinmas\\Schedule Tracker\\schedule-tracker\\components\\ui\\input.tsx"
2026-02-09T15:07:29.963903Z  INFO tailwindcss_oxide::scanner: Reading "D:\\Gawean Rebinmas\\Schedule Tracker\\schedule-tracker\\components\\AppShell.tsx"
2026-02-09T15:07:29.963929Z  INFO tailwindcss_oxide::scanner: Reading "D:\\Gawean Rebinmas\\Schedule Tracker\\schedule-tracker\\app\\api\\statuses\\route.ts"
2026-02-09T15:07:29.963969Z  INFO tailwindcss_oxide::scanner: Reading "D:\\Gawean Rebinmas\\Schedule Tracker\\schedule-tracker\\components\\Breadcrumbs.tsx"
2026-02-09T15:07:29.964014Z  INFO tailwindcss_oxide::scanner: Reading "D:\\Gawean Rebinmas\\Schedule Tracker\\schedule-tracker\\components\\ui\\label.tsx"
2026-02-09T15:07:29.964021Z  INFO tailwindcss_oxide::scanner: Reading "D:\\Gawean Rebinmas\\Schedule Tracker\\schedule-tracker\\app\\api\\projects\\[id]\\route.ts"
2026-02-09T15:07:29.964044Z  INFO tailwindcss_oxide::scanner: Reading "D:\\Gawean Rebinmas\\Schedule Tracker\\schedule-tracker\\components\\CreateTaskDialog.tsx"
2026-02-09T15:07:29.964071Z  INFO tailwindcss_oxide::scanner: Reading "D:\\Gawean Rebinmas\\Schedule Tracker\\schedule-tracker\\app\\api\\tasks\\route.ts"
2026-02-09T15:07:29.964123Z  INFO tailwindcss_oxide::scanner: Reading "D:\\Gawean Rebinmas\\Schedule Tracker\\schedule-tracker\\components\\dashboard\\Dashboard.tsx"
2026-02-09T15:07:29.964128Z  INFO tailwindcss_oxide::scanner: Reading "D:\\Gawean Rebinmas\\Schedule Tracker\\schedule-tracker\\app\\api\\projects\\route.ts"
2026-02-09T15:07:29.964128Z  INFO tailwindcss_oxide::scanner: Reading "D:\\Gawean Rebinmas\\Schedule Tracker\\schedule-tracker\\app\\api\\projects\\[id]\\dashboard\\route.ts"
2026-02-09T15:07:29.964140Z  INFO tailwindcss_oxide::scanner: Reading "D:\\Gawean Rebinmas\\Schedule Tracker\\schedule-tracker\\components\\ui\\textarea.tsx"
2026-02-09T15:07:29.964200Z  INFO tailwindcss_oxide::scanner: Reading "D:\\Gawean Rebinmas\\Schedule Tracker\\schedule-tracker\\components\\dashboard\\ProgressBar.tsx"
2026-02-09T15:07:29.964181Z  INFO tailwindcss_oxide::scanner: Reading "D:\\Gawean Rebinmas\\Schedule Tracker\\schedule-tracker\\app\\api\\tasks\\[id]\\route.ts"
2026-02-09T15:07:29.964169Z  INFO tailwindcss_oxide::scanner: Reading "D:\\Gawean Rebinmas\\Schedule Tracker\\schedule-tracker\\app\\api\\seed\\route.ts"
2026-02-09T15:07:29.964209Z  INFO tailwindcss_oxide::scanner: Reading "D:\\Gawean Rebinmas\\Schedule Tracker\\schedule-tracker\\app\\dashboard\\page.tsx"
2026-02-09T15:07:29.964283Z  INFO tailwindcss_oxide::scanner: Reading "D:\\Gawean Rebinmas\\Schedule Tracker\\schedule-tracker\\components\\dashboard\\StatCards.tsx"
2026-02-09T15:07:29.964370Z  INFO tailwindcss_oxide::scanner: Reading "D:\\Gawean Rebinmas\\Schedule Tracker\\schedule-tracker\\components\\ui\\tooltip.tsx"
2026-02-09T15:07:29.964304Z  INFO tailwindcss_oxide::scanner: Reading "D:\\Gawean Rebinmas\\Schedule Tracker\\schedule-tracker\\next.config.ts"
2026-02-09T15:07:29.964312Z  INFO tailwindcss_oxide::scanner: Reading "D:\\Gawean Rebinmas\\Schedule Tracker\\schedule-tracker\\app\\projects\\page.tsx"
2026-02-09T15:07:29.964416Z  INFO tailwindcss_oxide::scanner: Reading "D:\\Gawean Rebinmas\\Schedule Tracker\\schedule-tracker\\prisma\\seed.ts"
2026-02-09T15:07:29.964422Z  INFO tailwindcss_oxide::scanner: Reading "D:\\Gawean Rebinmas\\Schedule Tracker\\schedule-tracker\\lib\\api\\tasks.ts"
2026-02-09T15:07:29.964484Z  INFO tailwindcss_oxide::scanner: Reading "D:\\Gawean Rebinmas\\Schedule Tracker\\schedule-tracker\\public\\vercel.svg"
2026-02-09T15:07:29.964486Z  INFO tailwindcss_oxide::scanner: Reading "D:\\Gawean Rebinmas\\Schedule Tracker\\schedule-tracker\\app\\layout.tsx"
2026-02-09T15:07:29.964457Z  INFO tailwindcss_oxide::scanner: Reading "D:\\Gawean Rebinmas\\Schedule Tracker\\schedule-tracker\\prisma\\migrations\\20260209082144_init\\migration.sql"
2026-02-09T15:07:29.964542Z  INFO tailwindcss_oxide::scanner: Reading "D:\\Gawean Rebinmas\\Schedule Tracker\\schedule-tracker\\package.json"
2026-02-09T15:07:29.964592Z  INFO tailwindcss_oxide::scanner: Reading "D:\\Gawean Rebinmas\\Schedule Tracker\\schedule-tracker\\lib\\prisma.ts"
2026-02-09T15:07:29.964622Z  INFO tailwindcss_oxide::scanner: Reading "D:\\Gawean Rebinmas\\Schedule Tracker\\schedule-tracker\\components\\KanbanBoard.tsx"
2026-02-09T15:07:29.964616Z  INFO tailwindcss_oxide::scanner: Reading "D:\\Gawean Rebinmas\\Schedule Tracker\\schedule-tracker\\app\\page.tsx"
2026-02-09T15:07:29.964640Z  INFO tailwindcss_oxide::scanner: Reading "D:\\Gawean Rebinmas\\Schedule Tracker\\schedule-tracker\\public\\file.svg"
2026-02-09T15:07:29.964657Z  INFO tailwindcss_oxide::scanner: Reading "D:\\Gawean Rebinmas\\Schedule Tracker\\schedule-tracker\\eslint.config.mjs"
2026-02-09T15:07:29.964638Z  INFO tailwindcss_oxide::scanner: Reading "D:\\Gawean Rebinmas\\Schedule Tracker\\schedule-tracker\\public\\next.svg"
2026-02-09T15:07:29.964639Z  INFO tailwindcss_oxide::scanner: Reading "D:\\Gawean Rebinmas\\Schedule Tracker\\schedule-tracker\\lib\\api\\users.ts"
2026-02-09T15:07:29.964644Z  INFO tailwindcss_oxide::scanner: Reading "D:\\Gawean Rebinmas\\Schedule Tracker\\schedule-tracker\\public\\globe.svg"
2026-02-09T15:07:29.964733Z  INFO tailwindcss_oxide::scanner: Reading "D:\\Gawean Rebinmas\\Schedule Tracker\\schedule-tracker\\postcss.config.mjs"
2026-02-09T15:07:29.964671Z  INFO tailwindcss_oxide::scanner: Reading "D:\\Gawean Rebinmas\\Schedule Tracker\\schedule-tracker\\README.md"
2026-02-09T15:07:29.964764Z  INFO tailwindcss_oxide::scanner: Reading "D:\\Gawean Rebinmas\\Schedule Tracker\\schedule-tracker\\lib\\api\\projects.ts"
2026-02-09T15:07:29.964760Z  INFO tailwindcss_oxide::scanner: Reading "D:\\Gawean Rebinmas\\Schedule Tracker\\schedule-tracker\\lib\\api\\statuses.ts"
2026-02-09T15:07:29.964688Z  INFO tailwindcss_oxide::scanner: Reading "D:\\Gawean Rebinmas\\Schedule Tracker\\schedule-tracker\\public\\window.svg"
2026-02-09T15:07:29.964722Z  INFO tailwindcss_oxide::scanner: Reading "D:\\Gawean Rebinmas\\Schedule Tracker\\schedule-tracker\\prisma\\migrations\\migration_lock.toml"
2026-02-09T15:07:29.964675Z  INFO tailwindcss_oxide::scanner: Reading "D:\\Gawean Rebinmas\\Schedule Tracker\\schedule-tracker\\lib\\utils.ts"
2026-02-09T15:07:29.964774Z  INFO tailwindcss_oxide::scanner: Reading "D:\\Gawean Rebinmas\\Schedule Tracker\\schedule-tracker\\components\\QuickActions.tsx"
2026-02-09T15:07:29.964798Z  INFO tailwindcss_oxide::scanner: Reading "D:\\Gawean Rebinmas\\Schedule Tracker\\schedule-tracker\\components\\Sidebar.tsx"
2026-02-09T15:07:29.964859Z  INFO tailwindcss_oxide::scanner: Reading "D:\\Gawean Rebinmas\\Schedule Tracker\\schedule-tracker\\prisma\\schema.prisma"
2026-02-09T15:07:29.964827Z  INFO tailwindcss_oxide::scanner: Reading "D:\\Gawean Rebinmas\\Schedule Tracker\\schedule-tracker\\components\\SkipLink.tsx"
2026-02-09T15:07:29.964862Z  INFO tailwindcss_oxide::scanner: Reading "D:\\Gawean Rebinmas\\Schedule Tracker\\schedule-tracker\\prisma\\seed.js"
2026-02-09T15:07:29.964770Z  INFO tailwindcss_oxide::scanner: Reading "D:\\Gawean Rebinmas\\Schedule Tracker\\schedule-tracker\\components\\KanbanTask.tsx"
2026-02-09T15:07:29.964862Z  INFO tailwindcss_oxide::scanner: Reading "D:\\Gawean Rebinmas\\Schedule Tracker\\schedule-tracker\\components\\ui\\avatar.tsx"
2026-02-09T15:07:29.964890Z  INFO tailwindcss_oxide::scanner: Reading "D:\\Gawean Rebinmas\\Schedule Tracker\\schedule-tracker\\tsconfig.json"
2026-02-09T15:07:29.965113Z  INFO extract_candidates:read_all_files: tailwindcss_oxide::scanner: exit
2026-02-09T15:07:29.965130Z  INFO extract_candidates:parse_all_blobs: tailwindcss_oxide::scanner: enter
2026-02-09T15:07:29.965137Z  INFO extract_candidates:parse_all_blobs:extract: tailwindcss_oxide::scanner: enter
2026-02-09T15:07:29.966868Z  INFO extract_candidates:parse_all_blobs:extract: tailwindcss_oxide::scanner: exit
2026-02-09T15:07:29.967006Z  INFO extract_candidates:parse_all_blobs: tailwindcss_oxide::scanner: exit
2026-02-09T15:07:29.967019Z  INFO extract_candidates:read_all_files: tailwindcss_oxide::scanner: enter
2026-02-09T15:07:29.967026Z  INFO extract_candidates:read_all_files: tailwindcss_oxide::scanner: Reading 1 file(s)
2026-02-09T15:07:29.967185Z  INFO extract_candidates:read_all_files: tailwindcss_oxide::scanner: Reading "D:\\Gawean Rebinmas\\Schedule Tracker\\schedule-tracker\\app\\globals.css"
2026-02-09T15:07:29.967205Z  INFO extract_candidates:read_all_files: tailwindcss_oxide::scanner: exit
2026-02-09T15:07:29.967223Z  INFO extract_candidates:extract_css_variables: tailwindcss_oxide::scanner: enter
2026-02-09T15:07:29.967231Z  INFO extract_candidates:extract_css_variables:extract: tailwindcss_oxide::scanner: enter
2026-02-09T15:07:29.967479Z  INFO extract_candidates:extract_css_variables:extract: tailwindcss_oxide::scanner: exit
2026-02-09T15:07:29.967499Z  INFO extract_candidates:extract_css_variables: tailwindcss_oxide::scanner: exit
2026-02-09T15:07:29.968259Z  INFO extract_candidates: tailwindcss_oxide::scanner: exit
2026-02-09T15:07:29.969039Z  INFO get_files: tailwindcss_oxide::scanner: enter
2026-02-09T15:07:29.969064Z  INFO get_files:scan_sources: tailwindcss_oxide::scanner: enter
2026-02-09T15:07:29.970424Z  INFO get_files:scan_sources: tailwindcss_oxide::scanner: Discovering "D:\\Gawean Rebinmas\\Schedule Tracker\\schedule-tracker\\app"
2026-02-09T15:07:29.970570Z  INFO get_files:scan_sources: tailwindcss_oxide::scanner: Discovering "D:\\Gawean Rebinmas\\Schedule Tracker\\schedule-tracker\\app\\actions"
2026-02-09T15:07:29.970805Z  INFO get_files:scan_sources: tailwindcss_oxide::scanner: Discovering "D:\\Gawean Rebinmas\\Schedule Tracker\\schedule-tracker\\app\\api"
2026-02-09T15:07:29.970931Z  INFO get_files:scan_sources: tailwindcss_oxide::scanner: Discovering "D:\\Gawean Rebinmas\\Schedule Tracker\\schedule-tracker\\app\\api\\projects"
2026-02-09T15:07:29.971085Z  INFO get_files:scan_sources: tailwindcss_oxide::scanner: Discovering "D:\\Gawean Rebinmas\\Schedule Tracker\\schedule-tracker\\app\\api\\projects\\[id]"
2026-02-09T15:07:29.971218Z  INFO get_files:scan_sources: tailwindcss_oxide::scanner: Discovering "D:\\Gawean Rebinmas\\Schedule Tracker\\schedule-tracker\\app\\api\\projects\\[id]\\dashboard"
2026-02-09T15:07:29.971430Z  INFO get_files:scan_sources: tailwindcss_oxide::scanner: Discovering "D:\\Gawean Rebinmas\\Schedule Tracker\\schedule-tracker\\app\\api\\seed"
2026-02-09T15:07:29.971572Z  INFO get_files:scan_sources: tailwindcss_oxide::scanner: Discovering "D:\\Gawean Rebinmas\\Schedule Tracker\\schedule-tracker\\app\\api\\statuses"
2026-02-09T15:07:29.971719Z  INFO get_files:scan_sources: tailwindcss_oxide::scanner: Discovering "D:\\Gawean Rebinmas\\Schedule Tracker\\schedule-tracker\\app\\api\\tasks"
2026-02-09T15:07:29.971869Z  INFO get_files:scan_sources: tailwindcss_oxide::scanner: Discovering "D:\\Gawean Rebinmas\\Schedule Tracker\\schedule-tracker\\app\\api\\tasks\\[id]"
2026-02-09T15:07:29.972043Z  INFO get_files:scan_sources: tailwindcss_oxide::scanner: Discovering "D:\\Gawean Rebinmas\\Schedule Tracker\\schedule-tracker\\app\\dashboard"
2026-02-09T15:07:29.972274Z  INFO get_files:scan_sources: tailwindcss_oxide::scanner: Discovering "D:\\Gawean Rebinmas\\Schedule Tracker\\schedule-tracker\\app\\projects"
2026-02-09T15:07:29.972403Z  INFO get_files:scan_sources: tailwindcss_oxide::scanner: Discovering "D:\\Gawean Rebinmas\\Schedule Tracker\\schedule-tracker\\app\\projects\\[id]"
2026-02-09T15:07:29.972531Z  INFO get_files:scan_sources: tailwindcss_oxide::scanner: Discovering "D:\\Gawean Rebinmas\\Schedule Tracker\\schedule-tracker\\app\\projects\\[id]\\board"
2026-02-09T15:07:29.972680Z  INFO get_files:scan_sources: tailwindcss_oxide::scanner: Discovering "D:\\Gawean Rebinmas\\Schedule Tracker\\schedule-tracker\\app\\projects\\[id]\\dashboard"
2026-02-09T15:07:29.972847Z  INFO get_files:scan_sources: tailwindcss_oxide::scanner: Discovering "D:\\Gawean Rebinmas\\Schedule Tracker\\schedule-tracker\\app\\settings"
2026-02-09T15:07:29.973031Z  INFO get_files:scan_sources: tailwindcss_oxide::scanner: Discovering "D:\\Gawean Rebinmas\\Schedule Tracker\\schedule-tracker\\components"
2026-02-09T15:07:29.973231Z  INFO get_files:scan_sources: tailwindcss_oxide::scanner: Discovering "D:\\Gawean Rebinmas\\Schedule Tracker\\schedule-tracker\\components\\dashboard"
2026-02-09T15:07:29.973498Z  INFO get_files:scan_sources: tailwindcss_oxide::scanner: Discovering "D:\\Gawean Rebinmas\\Schedule Tracker\\schedule-tracker\\components\\shared"
2026-02-09T15:07:29.973672Z  INFO get_files:scan_sources: tailwindcss_oxide::scanner: Discovering "D:\\Gawean Rebinmas\\Schedule Tracker\\schedule-tracker\\components\\ui"
2026-02-09T15:07:29.974082Z  INFO get_files:scan_sources: tailwindcss_oxide::scanner: Discovering "D:\\Gawean Rebinmas\\Schedule Tracker\\schedule-tracker\\lib"
2026-02-09T15:07:29.974209Z  INFO get_files:scan_sources: tailwindcss_oxide::scanner: Discovering "D:\\Gawean Rebinmas\\Schedule Tracker\\schedule-tracker\\lib\\api"
2026-02-09T15:07:29.974710Z  INFO get_files:scan_sources: tailwindcss_oxide::scanner: Discovering "D:\\Gawean Rebinmas\\Schedule Tracker\\schedule-tracker\\prisma"
2026-02-09T15:07:29.974855Z  INFO get_files:scan_sources: tailwindcss_oxide::scanner: Discovering "D:\\Gawean Rebinmas\\Schedule Tracker\\schedule-tracker\\prisma\\migrations"
2026-02-09T15:07:29.974978Z  INFO get_files:scan_sources: tailwindcss_oxide::scanner: Discovering "D:\\Gawean Rebinmas\\Schedule Tracker\\schedule-tracker\\prisma\\migrations\\20260209082144_init"
2026-02-09T15:07:29.975279Z  INFO get_files:scan_sources: tailwindcss_oxide::scanner: Discovering "D:\\Gawean Rebinmas\\Schedule Tracker\\schedule-tracker\\public"
2026-02-09T15:07:29.975743Z  INFO get_files:scan_sources: tailwindcss_oxide::scanner: exit
2026-02-09T15:07:29.976023Z  INFO get_files: tailwindcss_oxide::scanner: exit
2026-02-09T15:07:29.976632Z  INFO get_globs: tailwindcss_oxide::scanner: enter
2026-02-09T15:07:29.976647Z  INFO get_globs:scan_sources: tailwindcss_oxide::scanner: enter
2026-02-09T15:07:29.978080Z  INFO get_globs:scan_sources: tailwindcss_oxide::scanner: Discovering "D:\\Gawean Rebinmas\\Schedule Tracker\\schedule-tracker\\app"
2026-02-09T15:07:29.978217Z  INFO get_globs:scan_sources: tailwindcss_oxide::scanner: Discovering "D:\\Gawean Rebinmas\\Schedule Tracker\\schedule-tracker\\app\\actions"
2026-02-09T15:07:29.978433Z  INFO get_globs:scan_sources: tailwindcss_oxide::scanner: Discovering "D:\\Gawean Rebinmas\\Schedule Tracker\\schedule-tracker\\app\\api"
2026-02-09T15:07:29.978547Z  INFO get_globs:scan_sources: tailwindcss_oxide::scanner: Discovering "D:\\Gawean Rebinmas\\Schedule Tracker\\schedule-tracker\\app\\api\\projects"
2026-02-09T15:07:29.978691Z  INFO get_globs:scan_sources: tailwindcss_oxide::scanner: Discovering "D:\\Gawean Rebinmas\\Schedule Tracker\\schedule-tracker\\app\\api\\projects\\[id]"
2026-02-09T15:07:29.978806Z  INFO get_globs:scan_sources: tailwindcss_oxide::scanner: Discovering "D:\\Gawean Rebinmas\\Schedule Tracker\\schedule-tracker\\app\\api\\projects\\[id]\\dashboard"
2026-02-09T15:07:29.979007Z  INFO get_globs:scan_sources: tailwindcss_oxide::scanner: Discovering "D:\\Gawean Rebinmas\\Schedule Tracker\\schedule-tracker\\app\\api\\seed"
2026-02-09T15:07:29.979160Z  INFO get_globs:scan_sources: tailwindcss_oxide::scanner: Discovering "D:\\Gawean Rebinmas\\Schedule Tracker\\schedule-tracker\\app\\api\\statuses"
2026-02-09T15:07:29.979675Z  INFO get_globs:scan_sources: tailwindcss_oxide::scanner: Discovering "D:\\Gawean Rebinmas\\Schedule Tracker\\schedule-tracker\\app\\api\\tasks"
2026-02-09T15:07:29.979950Z  INFO get_globs:scan_sources: tailwindcss_oxide::scanner: Discovering "D:\\Gawean Rebinmas\\Schedule Tracker\\schedule-tracker\\app\\api\\tasks\\[id]"
2026-02-09T15:07:29.980331Z  INFO get_globs:scan_sources: tailwindcss_oxide::scanner: Discovering "D:\\Gawean Rebinmas\\Schedule Tracker\\schedule-tracker\\app\\dashboard"
2026-02-09T15:07:29.980736Z  INFO get_globs:scan_sources: tailwindcss_oxide::scanner: Discovering "D:\\Gawean Rebinmas\\Schedule Tracker\\schedule-tracker\\app\\projects"
2026-02-09T15:07:29.980969Z  INFO get_globs:scan_sources: tailwindcss_oxide::scanner: Discovering "D:\\Gawean Rebinmas\\Schedule Tracker\\schedule-tracker\\app\\projects\\[id]"
2026-02-09T15:07:29.981218Z  INFO get_globs:scan_sources: tailwindcss_oxide::scanner: Discovering "D:\\Gawean Rebinmas\\Schedule Tracker\\schedule-tracker\\app\\projects\\[id]\\board"
2026-02-09T15:07:29.981471Z  INFO get_globs:scan_sources: tailwindcss_oxide::scanner: Discovering "D:\\Gawean Rebinmas\\Schedule Tracker\\schedule-tracker\\app\\projects\\[id]\\dashboard"
2026-02-09T15:07:29.981767Z  INFO get_globs:scan_sources: tailwindcss_oxide::scanner: Discovering "D:\\Gawean Rebinmas\\Schedule Tracker\\schedule-tracker\\app\\settings"
2026-02-09T15:07:29.982090Z  INFO get_globs:scan_sources: tailwindcss_oxide::scanner: Discovering "D:\\Gawean Rebinmas\\Schedule Tracker\\schedule-tracker\\components"
2026-02-09T15:07:29.982459Z  INFO get_globs:scan_sources: tailwindcss_oxide::scanner: Discovering "D:\\Gawean Rebinmas\\Schedule Tracker\\schedule-tracker\\components\\dashboard"
2026-02-09T15:07:29.982990Z  INFO get_globs:scan_sources: tailwindcss_oxide::scanner: Discovering "D:\\Gawean Rebinmas\\Schedule Tracker\\schedule-tracker\\components\\shared"
2026-02-09T15:07:29.983330Z  INFO get_globs:scan_sources: tailwindcss_oxide::scanner: Discovering "D:\\Gawean Rebinmas\\Schedule Tracker\\schedule-tracker\\components\\ui"
2026-02-09T15:07:29.984069Z  INFO get_globs:scan_sources: tailwindcss_oxide::scanner: Discovering "D:\\Gawean Rebinmas\\Schedule Tracker\\schedule-tracker\\lib"
2026-02-09T15:07:29.984274Z  INFO get_globs:scan_sources: tailwindcss_oxide::scanner: Discovering "D:\\Gawean Rebinmas\\Schedule Tracker\\schedule-tracker\\lib\\api"
2026-02-09T15:07:29.985195Z  INFO get_globs:scan_sources: tailwindcss_oxide::scanner: Discovering "D:\\Gawean Rebinmas\\Schedule Tracker\\schedule-tracker\\prisma"
2026-02-09T15:07:29.985425Z  INFO get_globs:scan_sources: tailwindcss_oxide::scanner: Discovering "D:\\Gawean Rebinmas\\Schedule Tracker\\schedule-tracker\\prisma\\migrations"
2026-02-09T15:07:29.985680Z  INFO get_globs:scan_sources: tailwindcss_oxide::scanner: Discovering "D:\\Gawean Rebinmas\\Schedule Tracker\\schedule-tracker\\prisma\\migrations\\20260209082144_init"
2026-02-09T15:07:29.986222Z  INFO get_globs:scan_sources: tailwindcss_oxide::scanner: Discovering "D:\\Gawean Rebinmas\\Schedule Tracker\\schedule-tracker\\public"
2026-02-09T15:07:29.986807Z  INFO get_globs:scan_sources: tailwindcss_oxide::scanner: exit
2026-02-09T15:07:29.994143Z  INFO get_globs: tailwindcss_oxide::scanner: exit
