2026-02-10T06:57:38.406372Z  INFO tailwindcss_oxide::scanner: Provided sources:
2026-02-10T06:57:38.406497Z  INFO tailwindcss_oxide::scanner: Source: PublicSourceEntry { base: "D:\\Gawean Rebinmas\\Schedule Tracker\\schedule-tracker", pattern: "**/*", negated: false }
2026-02-10T06:57:38.406788Z  INFO tailwindcss_oxide::scanner: Optimized sources:
2026-02-10T06:57:38.406807Z  INFO tailwindcss_oxide::scanner: Source: Auto { base: "D:\\Gawean Rebinmas\\Schedule Tracker\\schedule-tracker" }
2026-02-10T06:57:38.408451Z  INFO scan_sources: tailwindcss_oxide::scanner: enter
2026-02-10T06:57:38.423981Z  INFO scan_sources: tailwindcss_oxide::scanner: Discovering "D:\\Gawean Rebinmas\\Schedule Tracker\\schedule-tracker\\app"
2026-02-10T06:57:38.425789Z  INFO scan_sources: tailwindcss_oxide::scanner: Discovering "D:\\Gawean Rebinmas\\Schedule Tracker\\schedule-tracker\\app\\actions"
2026-02-10T06:57:38.425932Z  INFO scan_sources: tailwindcss_oxide::scanner: Discovering "D:\\Gawean Rebinmas\\Schedule Tracker\\schedule-tracker\\app\\actions\\auth.ts"
2026-02-10T06:57:38.425989Z  INFO scan_sources: tailwindcss_oxide::scanner: Discovering "D:\\Gawean Rebinmas\\Schedule Tracker\\schedule-tracker\\app\\actions\\dashboard.ts"
2026-02-10T06:57:38.426037Z  INFO scan_sources: tailwindcss_oxide::scanner: Discovering "D:\\Gawean Rebinmas\\Schedule Tracker\\schedule-tracker\\app\\actions\\project.ts"
2026-02-10T06:57:38.426081Z  INFO scan_sources: tailwindcss_oxide::scanner: Discovering "D:\\Gawean Rebinmas\\Schedule Tracker\\schedule-tracker\\app\\actions\\task.ts"
2026-02-10T06:57:38.426124Z  INFO scan_sources: tailwindcss_oxide::scanner: Discovering "D:\\Gawean Rebinmas\\Schedule Tracker\\schedule-tracker\\app\\actions\\user.ts"
2026-02-10T06:57:38.426210Z  INFO scan_sources: tailwindcss_oxide::scanner: Discovering "D:\\Gawean Rebinmas\\Schedule Tracker\\schedule-tracker\\app\\api"
2026-02-10T06:57:38.426326Z  INFO scan_sources: tailwindcss_oxide::scanner: Discovering "D:\\Gawean Rebinmas\\Schedule Tracker\\schedule-tracker\\app\\api\\logout"
2026-02-10T06:57:38.426428Z  INFO scan_sources: tailwindcss_oxide::scanner: Discovering "D:\\Gawean Rebinmas\\Schedule Tracker\\schedule-tracker\\app\\api\\logout\\route.ts"
2026-02-10T06:57:38.426515Z  INFO scan_sources: tailwindcss_oxide::scanner: Discovering "D:\\Gawean Rebinmas\\Schedule Tracker\\schedule-tracker\\app\\api\\projects"
2026-02-10T06:57:38.426608Z  INFO scan_sources: tailwindcss_oxide::scanner: Discovering "D:\\Gawean Rebinmas\\Schedule Tracker\\schedule-tracker\\app\\api\\projects\\route.ts"
2026-02-10T06:57:38.426681Z  INFO scan_sources: tailwindcss_oxide::scanner: Discovering "D:\\Gawean Rebinmas\\Schedule Tracker\\schedule-tracker\\app\\api\\projects\\[id]"
2026-02-10T06:57:38.426828Z  INFO scan_sources: tailwindcss_oxide::scanner: Discovering "D:\\Gawean Rebinmas\\Schedule Tracker\\schedule-tracker\\app\\api\\projects\\[id]\\canvas"
2026-02-10T06:57:38.426938Z  INFO scan_sources: tailwindcss_oxide::scanner: Discovering "D:\\Gawean Rebinmas\\Schedule Tracker\\schedule-tracker\\app\\api\\projects\\[id]\\canvas\\route.ts"
2026-02-10T06:57:38.427019Z  INFO scan_sources: tailwindcss_oxide::scanner: Discovering "D:\\Gawean Rebinmas\\Schedule Tracker\\schedule-tracker\\app\\api\\projects\\[id]\\dashboard"
2026-02-10T06:57:38.427120Z  INFO scan_sources: tailwindcss_oxide::scanner: Discovering "D:\\Gawean Rebinmas\\Schedule Tracker\\schedule-tracker\\app\\api\\projects\\[id]\\dashboard\\route.ts"
2026-02-10T06:57:38.427179Z  INFO scan_sources: tailwindcss_oxide::scanner: Discovering "D:\\Gawean Rebinmas\\Schedule Tracker\\schedule-tracker\\app\\api\\projects\\[id]\\route.ts"
2026-02-10T06:57:38.427270Z  INFO scan_sources: tailwindcss_oxide::scanner: Discovering "D:\\Gawean Rebinmas\\Schedule Tracker\\schedule-tracker\\app\\api\\seed"
2026-02-10T06:57:38.427374Z  INFO scan_sources: tailwindcss_oxide::scanner: Discovering "D:\\Gawean Rebinmas\\Schedule Tracker\\schedule-tracker\\app\\api\\seed\\route.ts"
2026-02-10T06:57:38.427450Z  INFO scan_sources: tailwindcss_oxide::scanner: Discovering "D:\\Gawean Rebinmas\\Schedule Tracker\\schedule-tracker\\app\\api\\statuses"
2026-02-10T06:57:38.427585Z  INFO scan_sources: tailwindcss_oxide::scanner: Discovering "D:\\Gawean Rebinmas\\Schedule Tracker\\schedule-tracker\\app\\api\\statuses\\route.ts"
2026-02-10T06:57:38.427665Z  INFO scan_sources: tailwindcss_oxide::scanner: Discovering "D:\\Gawean Rebinmas\\Schedule Tracker\\schedule-tracker\\app\\api\\tasks"
2026-02-10T06:57:38.427753Z  INFO scan_sources: tailwindcss_oxide::scanner: Discovering "D:\\Gawean Rebinmas\\Schedule Tracker\\schedule-tracker\\app\\api\\tasks\\route.ts"
2026-02-10T06:57:38.427818Z  INFO scan_sources: tailwindcss_oxide::scanner: Discovering "D:\\Gawean Rebinmas\\Schedule Tracker\\schedule-tracker\\app\\api\\tasks\\[id]"
2026-02-10T06:57:38.427904Z  INFO scan_sources: tailwindcss_oxide::scanner: Discovering "D:\\Gawean Rebinmas\\Schedule Tracker\\schedule-tracker\\app\\api\\tasks\\[id]\\route.ts"
2026-02-10T06:57:38.427993Z  INFO scan_sources: tailwindcss_oxide::scanner: Discovering "D:\\Gawean Rebinmas\\Schedule Tracker\\schedule-tracker\\app\\api\\user"
2026-02-10T06:57:38.428082Z  INFO scan_sources: tailwindcss_oxide::scanner: Discovering "D:\\Gawean Rebinmas\\Schedule Tracker\\schedule-tracker\\app\\api\\user\\route.ts"
2026-02-10T06:57:38.428173Z  INFO scan_sources: tailwindcss_oxide::scanner: Discovering "D:\\Gawean Rebinmas\\Schedule Tracker\\schedule-tracker\\app\\auth"
2026-02-10T06:57:38.428285Z  INFO scan_sources: tailwindcss_oxide::scanner: Discovering "D:\\Gawean Rebinmas\\Schedule Tracker\\schedule-tracker\\app\\auth\\login"
2026-02-10T06:57:38.428376Z  INFO scan_sources: tailwindcss_oxide::scanner: Discovering "D:\\Gawean Rebinmas\\Schedule Tracker\\schedule-tracker\\app\\auth\\login\\page.tsx"
2026-02-10T06:57:38.428452Z  INFO scan_sources: tailwindcss_oxide::scanner: Discovering "D:\\Gawean Rebinmas\\Schedule Tracker\\schedule-tracker\\app\\auth\\register"
2026-02-10T06:57:38.428536Z  INFO scan_sources: tailwindcss_oxide::scanner: Discovering "D:\\Gawean Rebinmas\\Schedule Tracker\\schedule-tracker\\app\\auth\\register\\page.tsx"
2026-02-10T06:57:38.428623Z  INFO scan_sources: tailwindcss_oxide::scanner: Discovering "D:\\Gawean Rebinmas\\Schedule Tracker\\schedule-tracker\\app\\dashboard"
2026-02-10T06:57:38.428706Z  INFO scan_sources: tailwindcss_oxide::scanner: Discovering "D:\\Gawean Rebinmas\\Schedule Tracker\\schedule-tracker\\app\\dashboard\\page.tsx"
2026-02-10T06:57:38.428770Z  INFO scan_sources: tailwindcss_oxide::scanner: Discovering "D:\\Gawean Rebinmas\\Schedule Tracker\\schedule-tracker\\app\\globals.css"
2026-02-10T06:57:38.428815Z  INFO scan_sources: tailwindcss_oxide::scanner: Discovering "D:\\Gawean Rebinmas\\Schedule Tracker\\schedule-tracker\\app\\layout.tsx"
2026-02-10T06:57:38.428859Z  INFO scan_sources: tailwindcss_oxide::scanner: Discovering "D:\\Gawean Rebinmas\\Schedule Tracker\\schedule-tracker\\app\\page.tsx"
2026-02-10T06:57:38.428922Z  INFO scan_sources: tailwindcss_oxide::scanner: Discovering "D:\\Gawean Rebinmas\\Schedule Tracker\\schedule-tracker\\app\\projects"
2026-02-10T06:57:38.429012Z  INFO scan_sources: tailwindcss_oxide::scanner: Discovering "D:\\Gawean Rebinmas\\Schedule Tracker\\schedule-tracker\\app\\projects\\page.tsx"
2026-02-10T06:57:38.429079Z  INFO scan_sources: tailwindcss_oxide::scanner: Discovering "D:\\Gawean Rebinmas\\Schedule Tracker\\schedule-tracker\\app\\projects\\[id]"
2026-02-10T06:57:38.429191Z  INFO scan_sources: tailwindcss_oxide::scanner: Discovering "D:\\Gawean Rebinmas\\Schedule Tracker\\schedule-tracker\\app\\projects\\[id]\\board"
2026-02-10T06:57:38.429284Z  INFO scan_sources: tailwindcss_oxide::scanner: Discovering "D:\\Gawean Rebinmas\\Schedule Tracker\\schedule-tracker\\app\\projects\\[id]\\board\\BoardPageClient.tsx"
2026-02-10T06:57:38.429342Z  INFO scan_sources: tailwindcss_oxide::scanner: Discovering "D:\\Gawean Rebinmas\\Schedule Tracker\\schedule-tracker\\app\\projects\\[id]\\board\\page.tsx"
2026-02-10T06:57:38.429411Z  INFO scan_sources: tailwindcss_oxide::scanner: Discovering "D:\\Gawean Rebinmas\\Schedule Tracker\\schedule-tracker\\app\\projects\\[id]\\board\\[taskId]"
2026-02-10T06:57:38.429538Z  INFO scan_sources: tailwindcss_oxide::scanner: Discovering "D:\\Gawean Rebinmas\\Schedule Tracker\\schedule-tracker\\app\\projects\\[id]\\board\\[taskId]\\page.tsx"
2026-02-10T06:57:38.429632Z  INFO scan_sources: tailwindcss_oxide::scanner: Discovering "D:\\Gawean Rebinmas\\Schedule Tracker\\schedule-tracker\\app\\projects\\[id]\\dashboard"
2026-02-10T06:57:38.429731Z  INFO scan_sources: tailwindcss_oxide::scanner: Discovering "D:\\Gawean Rebinmas\\Schedule Tracker\\schedule-tracker\\app\\projects\\[id]\\page.tsx"
2026-02-10T06:57:38.429779Z  INFO scan_sources: tailwindcss_oxide::scanner: Discovering "D:\\Gawean Rebinmas\\Schedule Tracker\\schedule-tracker\\app\\projects\\[id]\\ProjectBoardClient.tsx"
2026-02-10T06:57:38.429867Z  INFO scan_sources: tailwindcss_oxide::scanner: Discovering "D:\\Gawean Rebinmas\\Schedule Tracker\\schedule-tracker\\app\\settings"
2026-02-10T06:57:38.429951Z  INFO scan_sources: tailwindcss_oxide::scanner: Discovering "D:\\Gawean Rebinmas\\Schedule Tracker\\schedule-tracker\\app\\settings\\page.tsx"
2026-02-10T06:57:38.430029Z  INFO scan_sources: tailwindcss_oxide::scanner: Discovering "D:\\Gawean Rebinmas\\Schedule Tracker\\schedule-tracker\\app\\users"
2026-02-10T06:57:38.430119Z  INFO scan_sources: tailwindcss_oxide::scanner: Discovering "D:\\Gawean Rebinmas\\Schedule Tracker\\schedule-tracker\\app\\users\\page.tsx"
2026-02-10T06:57:38.430200Z  INFO scan_sources: tailwindcss_oxide::scanner: Discovering "D:\\Gawean Rebinmas\\Schedule Tracker\\schedule-tracker\\AUTOMATED_COMMIT_README.md"
2026-02-10T06:57:38.430262Z  INFO scan_sources: tailwindcss_oxide::scanner: Discovering "D:\\Gawean Rebinmas\\Schedule Tracker\\schedule-tracker\\commit-and-push.bat"
2026-02-10T06:57:38.430308Z  INFO scan_sources: tailwindcss_oxide::scanner: Discovering "D:\\Gawean Rebinmas\\Schedule Tracker\\schedule-tracker\\commit-and-push.js"
2026-02-10T06:57:38.430353Z  INFO scan_sources: tailwindcss_oxide::scanner: Discovering "D:\\Gawean Rebinmas\\Schedule Tracker\\schedule-tracker\\commit-and-push.ps1"
2026-02-10T06:57:38.430400Z  INFO scan_sources: tailwindcss_oxide::scanner: Discovering "D:\\Gawean Rebinmas\\Schedule Tracker\\schedule-tracker\\commit-and-push.sh"
2026-02-10T06:57:38.430475Z  INFO scan_sources: tailwindcss_oxide::scanner: Discovering "D:\\Gawean Rebinmas\\Schedule Tracker\\schedule-tracker\\components"
2026-02-10T06:57:38.430571Z  INFO scan_sources: tailwindcss_oxide::scanner: Discovering "D:\\Gawean Rebinmas\\Schedule Tracker\\schedule-tracker\\components\\AppShell.tsx"
2026-02-10T06:57:38.430638Z  INFO scan_sources: tailwindcss_oxide::scanner: Discovering "D:\\Gawean Rebinmas\\Schedule Tracker\\schedule-tracker\\components\\auth"
2026-02-10T06:57:38.430731Z  INFO scan_sources: tailwindcss_oxide::scanner: Discovering "D:\\Gawean Rebinmas\\Schedule Tracker\\schedule-tracker\\components\\auth\\login-form.tsx"
2026-02-10T06:57:38.430777Z  INFO scan_sources: tailwindcss_oxide::scanner: Discovering "D:\\Gawean Rebinmas\\Schedule Tracker\\schedule-tracker\\components\\auth\\register-form.tsx"
2026-02-10T06:57:38.430821Z  INFO scan_sources: tailwindcss_oxide::scanner: Discovering "D:\\Gawean Rebinmas\\Schedule Tracker\\schedule-tracker\\components\\auth\\user-menu.tsx"
2026-02-10T06:57:38.430877Z  INFO scan_sources: tailwindcss_oxide::scanner: Discovering "D:\\Gawean Rebinmas\\Schedule Tracker\\schedule-tracker\\components\\Breadcrumbs.tsx"
2026-02-10T06:57:38.430920Z  INFO scan_sources: tailwindcss_oxide::scanner: Discovering "D:\\Gawean Rebinmas\\Schedule Tracker\\schedule-tracker\\components\\CanvasBoard.tsx"
2026-02-10T06:57:38.430965Z  INFO scan_sources: tailwindcss_oxide::scanner: Discovering "D:\\Gawean Rebinmas\\Schedule Tracker\\schedule-tracker\\components\\CreateTaskDialog.tsx"
2026-02-10T06:57:38.431038Z  INFO scan_sources: tailwindcss_oxide::scanner: Discovering "D:\\Gawean Rebinmas\\Schedule Tracker\\schedule-tracker\\components\\dashboard"
2026-02-10T06:57:38.431130Z  INFO scan_sources: tailwindcss_oxide::scanner: Discovering "D:\\Gawean Rebinmas\\Schedule Tracker\\schedule-tracker\\components\\dashboard\\Dashboard.tsx"
2026-02-10T06:57:38.431179Z  INFO scan_sources: tailwindcss_oxide::scanner: Discovering "D:\\Gawean Rebinmas\\Schedule Tracker\\schedule-tracker\\components\\dashboard\\ProgressBar.tsx"
2026-02-10T06:57:38.431224Z  INFO scan_sources: tailwindcss_oxide::scanner: Discovering "D:\\Gawean Rebinmas\\Schedule Tracker\\schedule-tracker\\components\\dashboard\\StatCards.tsx"
2026-02-10T06:57:38.431304Z  INFO scan_sources: tailwindcss_oxide::scanner: Discovering "D:\\Gawean Rebinmas\\Schedule Tracker\\schedule-tracker\\components\\editor"
2026-02-10T06:57:38.431409Z  INFO scan_sources: tailwindcss_oxide::scanner: Discovering "D:\\Gawean Rebinmas\\Schedule Tracker\\schedule-tracker\\components\\editor\\.gitkeep"
2026-02-10T06:57:38.431453Z  INFO scan_sources: tailwindcss_oxide::scanner: Discovering "D:\\Gawean Rebinmas\\Schedule Tracker\\schedule-tracker\\components\\editor\\BlockEditor.tsx"
2026-02-10T06:57:38.431519Z  INFO scan_sources: tailwindcss_oxide::scanner: Discovering "D:\\Gawean Rebinmas\\Schedule Tracker\\schedule-tracker\\components\\editor\\components"
2026-02-10T06:57:38.431617Z  INFO scan_sources: tailwindcss_oxide::scanner: Discovering "D:\\Gawean Rebinmas\\Schedule Tracker\\schedule-tracker\\components\\editor\\EditorMenuBar.tsx"
2026-02-10T06:57:38.431660Z  INFO scan_sources: tailwindcss_oxide::scanner: Discovering "D:\\Gawean Rebinmas\\Schedule Tracker\\schedule-tracker\\components\\editor\\NovelEditor.tsx"
2026-02-10T06:57:38.431715Z  INFO scan_sources: tailwindcss_oxide::scanner: Discovering "D:\\Gawean Rebinmas\\Schedule Tracker\\schedule-tracker\\components\\ExcalidrawWrapper.tsx"
2026-02-10T06:57:38.431780Z  INFO scan_sources: tailwindcss_oxide::scanner: Discovering "D:\\Gawean Rebinmas\\Schedule Tracker\\schedule-tracker\\components\\kanban"
2026-02-10T06:57:38.431863Z  INFO scan_sources: tailwindcss_oxide::scanner: Discovering "D:\\Gawean Rebinmas\\Schedule Tracker\\schedule-tracker\\components\\kanban\\.gitkeep"
2026-02-10T06:57:38.431907Z  INFO scan_sources: tailwindcss_oxide::scanner: Discovering "D:\\Gawean Rebinmas\\Schedule Tracker\\schedule-tracker\\components\\kanban\\KanbanColumn.tsx"
2026-02-10T06:57:38.431953Z  INFO scan_sources: tailwindcss_oxide::scanner: Discovering "D:\\Gawean Rebinmas\\Schedule Tracker\\schedule-tracker\\components\\kanban\\KanbanHeader.tsx"
2026-02-10T06:57:38.432007Z  INFO scan_sources: tailwindcss_oxide::scanner: Discovering "D:\\Gawean Rebinmas\\Schedule Tracker\\schedule-tracker\\components\\KanbanBoard.tsx"
2026-02-10T06:57:38.432053Z  INFO scan_sources: tailwindcss_oxide::scanner: Discovering "D:\\Gawean Rebinmas\\Schedule Tracker\\schedule-tracker\\components\\KanbanTask.tsx"
2026-02-10T06:57:38.432096Z  INFO scan_sources: tailwindcss_oxide::scanner: Discovering "D:\\Gawean Rebinmas\\Schedule Tracker\\schedule-tracker\\components\\layout-provider.tsx"
2026-02-10T06:57:38.432143Z  INFO scan_sources: tailwindcss_oxide::scanner: Discovering "D:\\Gawean Rebinmas\\Schedule Tracker\\schedule-tracker\\components\\LayoutSwitcher.tsx"
2026-02-10T06:57:38.432211Z  INFO scan_sources: tailwindcss_oxide::scanner: Discovering "D:\\Gawean Rebinmas\\Schedule Tracker\\schedule-tracker\\components\\notifications"
2026-02-10T06:57:38.432308Z  INFO scan_sources: tailwindcss_oxide::scanner: Discovering "D:\\Gawean Rebinmas\\Schedule Tracker\\schedule-tracker\\components\\notifications\\.gitkeep"
2026-02-10T06:57:38.432353Z  INFO scan_sources: tailwindcss_oxide::scanner: Discovering "D:\\Gawean Rebinmas\\Schedule Tracker\\schedule-tracker\\components\\notifications\\DeadlineAlertBar.tsx"
2026-02-10T06:57:38.432409Z  INFO scan_sources: tailwindcss_oxide::scanner: Discovering "D:\\Gawean Rebinmas\\Schedule Tracker\\schedule-tracker\\components\\QuickActions.tsx"
2026-02-10T06:57:38.432453Z  INFO scan_sources: tailwindcss_oxide::scanner: Discovering "D:\\Gawean Rebinmas\\Schedule Tracker\\schedule-tracker\\components\\RichTextEditor.tsx"
2026-02-10T06:57:38.432517Z  INFO scan_sources: tailwindcss_oxide::scanner: Discovering "D:\\Gawean Rebinmas\\Schedule Tracker\\schedule-tracker\\components\\shared"
2026-02-10T06:57:38.432673Z  INFO scan_sources: tailwindcss_oxide::scanner: Discovering "D:\\Gawean Rebinmas\\Schedule Tracker\\schedule-tracker\\components\\Sidebar.tsx"
2026-02-10T06:57:38.432720Z  INFO scan_sources: tailwindcss_oxide::scanner: Discovering "D:\\Gawean Rebinmas\\Schedule Tracker\\schedule-tracker\\components\\SkipLink.tsx"
2026-02-10T06:57:38.432787Z  INFO scan_sources: tailwindcss_oxide::scanner: Discovering "D:\\Gawean Rebinmas\\Schedule Tracker\\schedule-tracker\\components\\task"
2026-02-10T06:57:38.432876Z  INFO scan_sources: tailwindcss_oxide::scanner: Discovering "D:\\Gawean Rebinmas\\Schedule Tracker\\schedule-tracker\\components\\task\\.gitkeep"
2026-02-10T06:57:38.432919Z  INFO scan_sources: tailwindcss_oxide::scanner: Discovering "D:\\Gawean Rebinmas\\Schedule Tracker\\schedule-tracker\\components\\task\\index.ts"
2026-02-10T06:57:38.432964Z  INFO scan_sources: tailwindcss_oxide::scanner: Discovering "D:\\Gawean Rebinmas\\Schedule Tracker\\schedule-tracker\\components\\task\\TaskDescriptionEditor.tsx"
2026-02-10T06:57:38.433007Z  INFO scan_sources: tailwindcss_oxide::scanner: Discovering "D:\\Gawean Rebinmas\\Schedule Tracker\\schedule-tracker\\components\\task\\TaskDetailHeader.tsx"
2026-02-10T06:57:38.433055Z  INFO scan_sources: tailwindcss_oxide::scanner: Discovering "D:\\Gawean Rebinmas\\Schedule Tracker\\schedule-tracker\\components\\task\\TaskMetadata.tsx"
2026-02-10T06:57:38.433111Z  INFO scan_sources: tailwindcss_oxide::scanner: Discovering "D:\\Gawean Rebinmas\\Schedule Tracker\\schedule-tracker\\components\\theme-provider.tsx"
2026-02-10T06:57:38.433154Z  INFO scan_sources: tailwindcss_oxide::scanner: Discovering "D:\\Gawean Rebinmas\\Schedule Tracker\\schedule-tracker\\components\\theme-toggle.tsx"
2026-02-10T06:57:38.433224Z  INFO scan_sources: tailwindcss_oxide::scanner: Discovering "D:\\Gawean Rebinmas\\Schedule Tracker\\schedule-tracker\\components\\ui"
2026-02-10T06:57:38.433326Z  INFO scan_sources: tailwindcss_oxide::scanner: Discovering "D:\\Gawean Rebinmas\\Schedule Tracker\\schedule-tracker\\components\\ui\\avatar.tsx"
2026-02-10T06:57:38.433397Z  INFO scan_sources: tailwindcss_oxide::scanner: Discovering "D:\\Gawean Rebinmas\\Schedule Tracker\\schedule-tracker\\components\\ui\\badge.tsx"
2026-02-10T06:57:38.433460Z  INFO scan_sources: tailwindcss_oxide::scanner: Discovering "D:\\Gawean Rebinmas\\Schedule Tracker\\schedule-tracker\\components\\ui\\button.tsx"
2026-02-10T06:57:38.433521Z  INFO scan_sources: tailwindcss_oxide::scanner: Discovering "D:\\Gawean Rebinmas\\Schedule Tracker\\schedule-tracker\\components\\ui\\card.tsx"
2026-02-10T06:57:38.433583Z  INFO scan_sources: tailwindcss_oxide::scanner: Discovering "D:\\Gawean Rebinmas\\Schedule Tracker\\schedule-tracker\\components\\ui\\dialog.tsx"
2026-02-10T06:57:38.433645Z  INFO scan_sources: tailwindcss_oxide::scanner: Discovering "D:\\Gawean Rebinmas\\Schedule Tracker\\schedule-tracker\\components\\ui\\input.tsx"
2026-02-10T06:57:38.433716Z  INFO scan_sources: tailwindcss_oxide::scanner: Discovering "D:\\Gawean Rebinmas\\Schedule Tracker\\schedule-tracker\\components\\ui\\label.tsx"
2026-02-10T06:57:38.433765Z  INFO scan_sources: tailwindcss_oxide::scanner: Discovering "D:\\Gawean Rebinmas\\Schedule Tracker\\schedule-tracker\\components\\ui\\progress.tsx"
2026-02-10T06:57:38.433809Z  INFO scan_sources: tailwindcss_oxide::scanner: Discovering "D:\\Gawean Rebinmas\\Schedule Tracker\\schedule-tracker\\components\\ui\\separator.tsx"
2026-02-10T06:57:38.433852Z  INFO scan_sources: tailwindcss_oxide::scanner: Discovering "D:\\Gawean Rebinmas\\Schedule Tracker\\schedule-tracker\\components\\ui\\skeleton.tsx"
2026-02-10T06:57:38.433894Z  INFO scan_sources: tailwindcss_oxide::scanner: Discovering "D:\\Gawean Rebinmas\\Schedule Tracker\\schedule-tracker\\components\\ui\\textarea.tsx"
2026-02-10T06:57:38.433936Z  INFO scan_sources: tailwindcss_oxide::scanner: Discovering "D:\\Gawean Rebinmas\\Schedule Tracker\\schedule-tracker\\components\\ui\\toast.tsx"
2026-02-10T06:57:38.433981Z  INFO scan_sources: tailwindcss_oxide::scanner: Discovering "D:\\Gawean Rebinmas\\Schedule Tracker\\schedule-tracker\\components\\ui\\toaster.tsx"
2026-02-10T06:57:38.434031Z  INFO scan_sources: tailwindcss_oxide::scanner: Discovering "D:\\Gawean Rebinmas\\Schedule Tracker\\schedule-tracker\\components\\ui\\tooltip.tsx"
2026-02-10T06:57:38.434079Z  INFO scan_sources: tailwindcss_oxide::scanner: Discovering "D:\\Gawean Rebinmas\\Schedule Tracker\\schedule-tracker\\components\\ui\\use-toast.ts"
2026-02-10T06:57:38.434176Z  INFO scan_sources: tailwindcss_oxide::scanner: Discovering "D:\\Gawean Rebinmas\\Schedule Tracker\\schedule-tracker\\components\\users"
2026-02-10T06:57:38.434305Z  INFO scan_sources: tailwindcss_oxide::scanner: Discovering "D:\\Gawean Rebinmas\\Schedule Tracker\\schedule-tracker\\components\\users\\add-user-dialog.tsx"
2026-02-10T06:57:38.434348Z  INFO scan_sources: tailwindcss_oxide::scanner: Discovering "D:\\Gawean Rebinmas\\Schedule Tracker\\schedule-tracker\\components\\users\\user-list.tsx"
2026-02-10T06:57:38.434449Z  INFO scan_sources: tailwindcss_oxide::scanner: Discovering "D:\\Gawean Rebinmas\\Schedule Tracker\\schedule-tracker\\docs"
2026-02-10T06:57:38.434557Z  INFO scan_sources: tailwindcss_oxide::scanner: Discovering "D:\\Gawean Rebinmas\\Schedule Tracker\\schedule-tracker\\docs\\plans"
2026-02-10T06:57:38.434644Z  INFO scan_sources: tailwindcss_oxide::scanner: Discovering "D:\\Gawean Rebinmas\\Schedule Tracker\\schedule-tracker\\docs\\plans\\2026-02-09-schedule-tracker-2.0-design.md"
2026-02-10T06:57:38.434688Z  INFO scan_sources: tailwindcss_oxide::scanner: Discovering "D:\\Gawean Rebinmas\\Schedule Tracker\\schedule-tracker\\docs\\plans\\2026-02-09-schedule-tracker-implementation.md"
2026-02-10T06:57:38.434758Z  INFO scan_sources: tailwindcss_oxide::scanner: Discovering "D:\\Gawean Rebinmas\\Schedule Tracker\\schedule-tracker\\eslint.config.mjs"
2026-02-10T06:57:38.434848Z  INFO scan_sources: tailwindcss_oxide::scanner: Discovering "D:\\Gawean Rebinmas\\Schedule Tracker\\schedule-tracker\\lib"
2026-02-10T06:57:38.434965Z  INFO scan_sources: tailwindcss_oxide::scanner: Discovering "D:\\Gawean Rebinmas\\Schedule Tracker\\schedule-tracker\\lib\\api"
2026-02-10T06:57:38.435054Z  INFO scan_sources: tailwindcss_oxide::scanner: Discovering "D:\\Gawean Rebinmas\\Schedule Tracker\\schedule-tracker\\lib\\api\\projects.ts"
2026-02-10T06:57:38.435097Z  INFO scan_sources: tailwindcss_oxide::scanner: Discovering "D:\\Gawean Rebinmas\\Schedule Tracker\\schedule-tracker\\lib\\api\\statuses.ts"
2026-02-10T06:57:38.435139Z  INFO scan_sources: tailwindcss_oxide::scanner: Discovering "D:\\Gawean Rebinmas\\Schedule Tracker\\schedule-tracker\\lib\\api\\tasks.ts"
2026-02-10T06:57:38.435181Z  INFO scan_sources: tailwindcss_oxide::scanner: Discovering "D:\\Gawean Rebinmas\\Schedule Tracker\\schedule-tracker\\lib\\api\\users.ts"
2026-02-10T06:57:38.435235Z  INFO scan_sources: tailwindcss_oxide::scanner: Discovering "D:\\Gawean Rebinmas\\Schedule Tracker\\schedule-tracker\\lib\\auth.ts"
2026-02-10T06:57:38.435279Z  INFO scan_sources: tailwindcss_oxide::scanner: Discovering "D:\\Gawean Rebinmas\\Schedule Tracker\\schedule-tracker\\lib\\deadline-utils.ts"
2026-02-10T06:57:38.435332Z  INFO scan_sources: tailwindcss_oxide::scanner: Discovering "D:\\Gawean Rebinmas\\Schedule Tracker\\schedule-tracker\\lib\\editor-utils.ts"
2026-02-10T06:57:38.435378Z  INFO scan_sources: tailwindcss_oxide::scanner: Discovering "D:\\Gawean Rebinmas\\Schedule Tracker\\schedule-tracker\\lib\\prisma.ts"
2026-02-10T06:57:38.435421Z  INFO scan_sources: tailwindcss_oxide::scanner: Discovering "D:\\Gawean Rebinmas\\Schedule Tracker\\schedule-tracker\\lib\\theme-utils.ts"
2026-02-10T06:57:38.435464Z  INFO scan_sources: tailwindcss_oxide::scanner: Discovering "D:\\Gawean Rebinmas\\Schedule Tracker\\schedule-tracker\\lib\\utils.ts"
2026-02-10T06:57:38.435522Z  INFO scan_sources: tailwindcss_oxide::scanner: Discovering "D:\\Gawean Rebinmas\\Schedule Tracker\\schedule-tracker\\middleware.ts"
2026-02-10T06:57:38.435575Z  INFO scan_sources: tailwindcss_oxide::scanner: Discovering "D:\\Gawean Rebinmas\\Schedule Tracker\\schedule-tracker\\next.config.ts"
2026-02-10T06:57:38.435735Z  INFO scan_sources: tailwindcss_oxide::scanner: Discovering "D:\\Gawean Rebinmas\\Schedule Tracker\\schedule-tracker\\package.json"
2026-02-10T06:57:38.435780Z  INFO scan_sources: tailwindcss_oxide::scanner: Discovering "D:\\Gawean Rebinmas\\Schedule Tracker\\schedule-tracker\\postcss.config.mjs"
2026-02-10T06:57:38.435845Z  INFO scan_sources: tailwindcss_oxide::scanner: Discovering "D:\\Gawean Rebinmas\\Schedule Tracker\\schedule-tracker\\prisma"
2026-02-10T06:57:38.435954Z  INFO scan_sources: tailwindcss_oxide::scanner: Discovering "D:\\Gawean Rebinmas\\Schedule Tracker\\schedule-tracker\\prisma\\migrations"
2026-02-10T06:57:38.436066Z  INFO scan_sources: tailwindcss_oxide::scanner: Discovering "D:\\Gawean Rebinmas\\Schedule Tracker\\schedule-tracker\\prisma\\migrations\\20260209082144_init"
2026-02-10T06:57:38.436162Z  INFO scan_sources: tailwindcss_oxide::scanner: Discovering "D:\\Gawean Rebinmas\\Schedule Tracker\\schedule-tracker\\prisma\\migrations\\20260209082144_init\\migration.sql"
2026-02-10T06:57:38.436245Z  INFO scan_sources: tailwindcss_oxide::scanner: Discovering "D:\\Gawean Rebinmas\\Schedule Tracker\\schedule-tracker\\prisma\\migrations\\20260209154500_add_documentation_attachments_comments"
2026-02-10T06:57:38.436354Z  INFO scan_sources: tailwindcss_oxide::scanner: Discovering "D:\\Gawean Rebinmas\\Schedule Tracker\\schedule-tracker\\prisma\\migrations\\20260209154500_add_documentation_attachments_comments\\migration.sql"
2026-02-10T06:57:38.436437Z  INFO scan_sources: tailwindcss_oxide::scanner: Discovering "D:\\Gawean Rebinmas\\Schedule Tracker\\schedule-tracker\\prisma\\migrations\\20260209155443_fix_comment_updated_at_default"
2026-02-10T06:57:38.436532Z  INFO scan_sources: tailwindcss_oxide::scanner: Discovering "D:\\Gawean Rebinmas\\Schedule Tracker\\schedule-tracker\\prisma\\migrations\\20260209155443_fix_comment_updated_at_default\\migration.sql"
2026-02-10T06:57:38.436612Z  INFO scan_sources: tailwindcss_oxide::scanner: Discovering "D:\\Gawean Rebinmas\\Schedule Tracker\\schedule-tracker\\prisma\\migrations\\20260210011223_add_auth_fields"
2026-02-10T06:57:38.436701Z  INFO scan_sources: tailwindcss_oxide::scanner: Discovering "D:\\Gawean Rebinmas\\Schedule Tracker\\schedule-tracker\\prisma\\migrations\\20260210011223_add_auth_fields\\migration.sql"
2026-02-10T06:57:38.436781Z  INFO scan_sources: tailwindcss_oxide::scanner: Discovering "D:\\Gawean Rebinmas\\Schedule Tracker\\schedule-tracker\\prisma\\migrations\\20260210032854_add_project_priority"
2026-02-10T06:57:38.436871Z  INFO scan_sources: tailwindcss_oxide::scanner: Discovering "D:\\Gawean Rebinmas\\Schedule Tracker\\schedule-tracker\\prisma\\migrations\\20260210032854_add_project_priority\\migration.sql"
2026-02-10T06:57:38.436948Z  INFO scan_sources: tailwindcss_oxide::scanner: Discovering "D:\\Gawean Rebinmas\\Schedule Tracker\\schedule-tracker\\prisma\\migrations\\20260210034845_add_project_banner"
2026-02-10T06:57:38.437036Z  INFO scan_sources: tailwindcss_oxide::scanner: Discovering "D:\\Gawean Rebinmas\\Schedule Tracker\\schedule-tracker\\prisma\\migrations\\20260210034845_add_project_banner\\migration.sql"
2026-02-10T06:57:38.437093Z  INFO scan_sources: tailwindcss_oxide::scanner: Discovering "D:\\Gawean Rebinmas\\Schedule Tracker\\schedule-tracker\\prisma\\migrations\\migration_lock.toml"
2026-02-10T06:57:38.437150Z  INFO scan_sources: tailwindcss_oxide::scanner: Discovering "D:\\Gawean Rebinmas\\Schedule Tracker\\schedule-tracker\\prisma\\schema.prisma"
2026-02-10T06:57:38.437193Z  INFO scan_sources: tailwindcss_oxide::scanner: Discovering "D:\\Gawean Rebinmas\\Schedule Tracker\\schedule-tracker\\prisma\\seed.js"
2026-02-10T06:57:38.437251Z  INFO scan_sources: tailwindcss_oxide::scanner: Discovering "D:\\Gawean Rebinmas\\Schedule Tracker\\schedule-tracker\\prisma\\seed.ts"
2026-02-10T06:57:38.437346Z  INFO scan_sources: tailwindcss_oxide::scanner: Discovering "D:\\Gawean Rebinmas\\Schedule Tracker\\schedule-tracker\\public"
2026-02-10T06:57:38.437444Z  INFO scan_sources: tailwindcss_oxide::scanner: Discovering "D:\\Gawean Rebinmas\\Schedule Tracker\\schedule-tracker\\public\\file.svg"
2026-02-10T06:57:38.437488Z  INFO scan_sources: tailwindcss_oxide::scanner: Discovering "D:\\Gawean Rebinmas\\Schedule Tracker\\schedule-tracker\\public\\globe.svg"
2026-02-10T06:57:38.437531Z  INFO scan_sources: tailwindcss_oxide::scanner: Discovering "D:\\Gawean Rebinmas\\Schedule Tracker\\schedule-tracker\\public\\next.svg"
2026-02-10T06:57:38.437596Z  INFO scan_sources: tailwindcss_oxide::scanner: Discovering "D:\\Gawean Rebinmas\\Schedule Tracker\\schedule-tracker\\public\\uploads"
2026-02-10T06:57:38.437682Z  INFO scan_sources: tailwindcss_oxide::scanner: Discovering "D:\\Gawean Rebinmas\\Schedule Tracker\\schedule-tracker\\public\\uploads\\.gitkeep"
2026-02-10T06:57:38.437741Z  INFO scan_sources: tailwindcss_oxide::scanner: Discovering "D:\\Gawean Rebinmas\\Schedule Tracker\\schedule-tracker\\public\\vercel.svg"
2026-02-10T06:57:38.437786Z  INFO scan_sources: tailwindcss_oxide::scanner: Discovering "D:\\Gawean Rebinmas\\Schedule Tracker\\schedule-tracker\\public\\window.svg"
2026-02-10T06:57:38.437840Z  INFO scan_sources: tailwindcss_oxide::scanner: Discovering "D:\\Gawean Rebinmas\\Schedule Tracker\\schedule-tracker\\README.md"
2026-02-10T06:57:38.437926Z  INFO scan_sources: tailwindcss_oxide::scanner: Discovering "D:\\Gawean Rebinmas\\Schedule Tracker\\schedule-tracker\\tsconfig.json"
2026-02-10T06:57:38.438017Z  INFO scan_sources: tailwindcss_oxide::scanner: exit
2026-02-10T06:57:38.438027Z  INFO extract_candidates: tailwindcss_oxide::scanner: enter
2026-02-10T06:57:38.438035Z  INFO extract_candidates:read_all_files: tailwindcss_oxide::scanner: enter
2026-02-10T06:57:38.438041Z  INFO extract_candidates:read_all_files: tailwindcss_oxide::scanner: Reading 120 file(s)
2026-02-10T06:57:38.438759Z  INFO tailwindcss_oxide::scanner: Reading "D:\\Gawean Rebinmas\\Schedule Tracker\\schedule-tracker\\components\\SkipLink.tsx"
2026-02-10T06:57:38.438836Z  INFO tailwindcss_oxide::scanner: Reading "D:\\Gawean Rebinmas\\Schedule Tracker\\schedule-tracker\\components\\task\\.gitkeep"
2026-02-10T06:57:38.438884Z  INFO tailwindcss_oxide::scanner: Reading "D:\\Gawean Rebinmas\\Schedule Tracker\\schedule-tracker\\components\\task\\index.ts"
2026-02-10T06:57:38.438917Z  INFO tailwindcss_oxide::scanner: Reading "D:\\Gawean Rebinmas\\Schedule Tracker\\schedule-tracker\\app\\auth\\login\\page.tsx"
2026-02-10T06:57:38.439009Z  INFO tailwindcss_oxide::scanner: Reading "D:\\Gawean Rebinmas\\Schedule Tracker\\schedule-tracker\\app\\auth\\register\\page.tsx"
2026-02-10T06:57:38.439016Z  INFO tailwindcss_oxide::scanner: Reading "D:\\Gawean Rebinmas\\Schedule Tracker\\schedule-tracker\\components\\task\\TaskDescriptionEditor.tsx"
2026-02-10T06:57:38.439029Z  INFO tailwindcss_oxide::scanner: Reading "D:\\Gawean Rebinmas\\Schedule Tracker\\schedule-tracker\\app\\api\\projects\\[id]\\canvas\\route.ts"
2026-02-10T06:57:38.439065Z  INFO tailwindcss_oxide::scanner: Reading "D:\\Gawean Rebinmas\\Schedule Tracker\\schedule-tracker\\app\\dashboard\\page.tsx"
2026-02-10T06:57:38.439084Z  INFO tailwindcss_oxide::scanner: Reading "D:\\Gawean Rebinmas\\Schedule Tracker\\schedule-tracker\\components\\task\\TaskDetailHeader.tsx"
2026-02-10T06:57:38.439110Z  INFO tailwindcss_oxide::scanner: Reading "D:\\Gawean Rebinmas\\Schedule Tracker\\schedule-tracker\\app\\api\\projects\\[id]\\dashboard\\route.ts"
2026-02-10T06:57:38.439118Z  INFO tailwindcss_oxide::scanner: Reading "D:\\Gawean Rebinmas\\Schedule Tracker\\schedule-tracker\\app\\layout.tsx"
2026-02-10T06:57:38.439138Z  INFO tailwindcss_oxide::scanner: Reading "D:\\Gawean Rebinmas\\Schedule Tracker\\schedule-tracker\\components\\task\\TaskMetadata.tsx"
2026-02-10T06:57:38.439174Z  INFO tailwindcss_oxide::scanner: Reading "D:\\Gawean Rebinmas\\Schedule Tracker\\schedule-tracker\\app\\page.tsx"
2026-02-10T06:57:38.439214Z  INFO tailwindcss_oxide::scanner: Reading "D:\\Gawean Rebinmas\\Schedule Tracker\\schedule-tracker\\components\\theme-provider.tsx"
2026-02-10T06:57:38.439223Z  INFO tailwindcss_oxide::scanner: Reading "D:\\Gawean Rebinmas\\Schedule Tracker\\schedule-tracker\\app\\api\\projects\\[id]\\route.ts"
2026-02-10T06:57:38.439241Z  INFO tailwindcss_oxide::scanner: Reading "D:\\Gawean Rebinmas\\Schedule Tracker\\schedule-tracker\\app\\projects\\page.tsx"
2026-02-10T06:57:38.439335Z  INFO tailwindcss_oxide::scanner: Reading "D:\\Gawean Rebinmas\\Schedule Tracker\\schedule-tracker\\components\\theme-toggle.tsx"
2026-02-10T06:57:38.439386Z  INFO tailwindcss_oxide::scanner: Reading "D:\\Gawean Rebinmas\\Schedule Tracker\\schedule-tracker\\components\\ui\\avatar.tsx"
2026-02-10T06:57:38.439442Z  INFO tailwindcss_oxide::scanner: Reading "D:\\Gawean Rebinmas\\Schedule Tracker\\schedule-tracker\\components\\ui\\badge.tsx"
2026-02-10T06:57:38.439456Z  INFO tailwindcss_oxide::scanner: Reading "D:\\Gawean Rebinmas\\Schedule Tracker\\schedule-tracker\\app\\api\\seed\\route.ts"
2026-02-10T06:57:38.439464Z  INFO tailwindcss_oxide::scanner: Reading "D:\\Gawean Rebinmas\\Schedule Tracker\\schedule-tracker\\components\\ui\\progress.tsx"
2026-02-10T06:57:38.439480Z  INFO tailwindcss_oxide::scanner: Reading "D:\\Gawean Rebinmas\\Schedule Tracker\\schedule-tracker\\app\\actions\\project.ts"
2026-02-10T06:57:38.439508Z  INFO tailwindcss_oxide::scanner: Reading "D:\\Gawean Rebinmas\\Schedule Tracker\\schedule-tracker\\components\\ui\\button.tsx"
2026-02-10T06:57:38.439519Z  INFO tailwindcss_oxide::scanner: Reading "D:\\Gawean Rebinmas\\Schedule Tracker\\schedule-tracker\\app\\api\\statuses\\route.ts"
2026-02-10T06:57:38.439556Z  INFO tailwindcss_oxide::scanner: Reading "D:\\Gawean Rebinmas\\Schedule Tracker\\schedule-tracker\\components\\ui\\card.tsx"
2026-02-10T06:57:38.439567Z  INFO tailwindcss_oxide::scanner: Reading "D:\\Gawean Rebinmas\\Schedule Tracker\\schedule-tracker\\components\\ui\\separator.tsx"
2026-02-10T06:57:38.439572Z  INFO tailwindcss_oxide::scanner: Reading "D:\\Gawean Rebinmas\\Schedule Tracker\\schedule-tracker\\app\\api\\tasks\\route.ts"
2026-02-10T06:57:38.439584Z  INFO tailwindcss_oxide::scanner: Reading "D:\\Gawean Rebinmas\\Schedule Tracker\\schedule-tracker\\components\\Breadcrumbs.tsx"
2026-02-10T06:57:38.439625Z  INFO tailwindcss_oxide::scanner: Reading "D:\\Gawean Rebinmas\\Schedule Tracker\\schedule-tracker\\app\\api\\tasks\\[id]\\route.ts"
2026-02-10T06:57:38.439636Z  INFO tailwindcss_oxide::scanner: Reading "D:\\Gawean Rebinmas\\Schedule Tracker\\schedule-tracker\\components\\ui\\dialog.tsx"
2026-02-10T06:57:38.439644Z  INFO tailwindcss_oxide::scanner: Reading "D:\\Gawean Rebinmas\\Schedule Tracker\\schedule-tracker\\components\\editor\\EditorMenuBar.tsx"
2026-02-10T06:57:38.439661Z  INFO tailwindcss_oxide::scanner: Reading "D:\\Gawean Rebinmas\\Schedule Tracker\\schedule-tracker\\components\\CanvasBoard.tsx"
2026-02-10T06:57:38.439661Z  INFO tailwindcss_oxide::scanner: Reading "D:\\Gawean Rebinmas\\Schedule Tracker\\schedule-tracker\\components\\AppShell.tsx"
2026-02-10T06:57:38.439674Z  INFO tailwindcss_oxide::scanner: Reading "D:\\Gawean Rebinmas\\Schedule Tracker\\schedule-tracker\\app\\api\\user\\route.ts"
2026-02-10T06:57:38.439701Z  INFO tailwindcss_oxide::scanner: Reading "D:\\Gawean Rebinmas\\Schedule Tracker\\schedule-tracker\\components\\ui\\input.tsx"
2026-02-10T06:57:38.439750Z  INFO tailwindcss_oxide::scanner: Reading "D:\\Gawean Rebinmas\\Schedule Tracker\\schedule-tracker\\components\\CreateTaskDialog.tsx"
2026-02-10T06:57:38.439753Z  INFO tailwindcss_oxide::scanner: Reading "D:\\Gawean Rebinmas\\Schedule Tracker\\schedule-tracker\\components\\auth\\login-form.tsx"
2026-02-10T06:57:38.439764Z  INFO tailwindcss_oxide::scanner: Reading "D:\\Gawean Rebinmas\\Schedule Tracker\\schedule-tracker\\components\\editor\\NovelEditor.tsx"
2026-02-10T06:57:38.439784Z  INFO tailwindcss_oxide::scanner: Reading "D:\\Gawean Rebinmas\\Schedule Tracker\\schedule-tracker\\components\\ui\\label.tsx"
2026-02-10T06:57:38.439831Z  INFO tailwindcss_oxide::scanner: Reading "D:\\Gawean Rebinmas\\Schedule Tracker\\schedule-tracker\\components\\dashboard\\Dashboard.tsx"
2026-02-10T06:57:38.439833Z  INFO tailwindcss_oxide::scanner: Reading "D:\\Gawean Rebinmas\\Schedule Tracker\\schedule-tracker\\components\\auth\\register-form.tsx"
2026-02-10T06:57:38.439875Z  INFO tailwindcss_oxide::scanner: Reading "D:\\Gawean Rebinmas\\Schedule Tracker\\schedule-tracker\\components\\dashboard\\ProgressBar.tsx"
2026-02-10T06:57:38.439900Z  INFO tailwindcss_oxide::scanner: Reading "D:\\Gawean Rebinmas\\Schedule Tracker\\schedule-tracker\\components\\ExcalidrawWrapper.tsx"
2026-02-10T06:57:38.439963Z  INFO tailwindcss_oxide::scanner: Reading "D:\\Gawean Rebinmas\\Schedule Tracker\\schedule-tracker\\components\\auth\\user-menu.tsx"
2026-02-10T06:57:38.439974Z  INFO tailwindcss_oxide::scanner: Reading "D:\\Gawean Rebinmas\\Schedule Tracker\\schedule-tracker\\components\\kanban\\.gitkeep"
2026-02-10T06:57:38.440037Z  INFO tailwindcss_oxide::scanner: Reading "D:\\Gawean Rebinmas\\Schedule Tracker\\schedule-tracker\\app\\projects\\[id]\\board\\page.tsx"
2026-02-10T06:57:38.440071Z  INFO tailwindcss_oxide::scanner: Reading "D:\\Gawean Rebinmas\\Schedule Tracker\\schedule-tracker\\components\\kanban\\KanbanColumn.tsx"
2026-02-10T06:57:38.440143Z  INFO tailwindcss_oxide::scanner: Reading "D:\\Gawean Rebinmas\\Schedule Tracker\\schedule-tracker\\components\\kanban\\KanbanHeader.tsx"
2026-02-10T06:57:38.440149Z  INFO tailwindcss_oxide::scanner: Reading "D:\\Gawean Rebinmas\\Schedule Tracker\\schedule-tracker\\components\\dashboard\\StatCards.tsx"
2026-02-10T06:57:38.440154Z  INFO tailwindcss_oxide::scanner: Reading "D:\\Gawean Rebinmas\\Schedule Tracker\\schedule-tracker\\app\\settings\\page.tsx"
2026-02-10T06:57:38.440330Z  INFO tailwindcss_oxide::scanner: Reading "D:\\Gawean Rebinmas\\Schedule Tracker\\schedule-tracker\\components\\KanbanBoard.tsx"
2026-02-10T06:57:38.440178Z  INFO tailwindcss_oxide::scanner: Reading "D:\\Gawean Rebinmas\\Schedule Tracker\\schedule-tracker\\app\\projects\\[id]\\board\\[taskId]\\page.tsx"
2026-02-10T06:57:38.440365Z  INFO tailwindcss_oxide::scanner: Reading "D:\\Gawean Rebinmas\\Schedule Tracker\\schedule-tracker\\app\\users\\page.tsx"
2026-02-10T06:57:38.440410Z  INFO tailwindcss_oxide::scanner: Reading "D:\\Gawean Rebinmas\\Schedule Tracker\\schedule-tracker\\components\\editor\\.gitkeep"
2026-02-10T06:57:38.440474Z  INFO tailwindcss_oxide::scanner: Reading "D:\\Gawean Rebinmas\\Schedule Tracker\\schedule-tracker\\app\\projects\\[id]\\page.tsx"
2026-02-10T06:57:38.440478Z  INFO tailwindcss_oxide::scanner: Reading "D:\\Gawean Rebinmas\\Schedule Tracker\\schedule-tracker\\components\\KanbanTask.tsx"
2026-02-10T06:57:38.440584Z  INFO tailwindcss_oxide::scanner: Reading "D:\\Gawean Rebinmas\\Schedule Tracker\\schedule-tracker\\components\\layout-provider.tsx"
2026-02-10T06:57:38.440594Z  INFO tailwindcss_oxide::scanner: Reading "D:\\Gawean Rebinmas\\Schedule Tracker\\schedule-tracker\\components\\editor\\BlockEditor.tsx"
2026-02-10T06:57:38.440675Z  INFO tailwindcss_oxide::scanner: Reading "D:\\Gawean Rebinmas\\Schedule Tracker\\schedule-tracker\\components\\LayoutSwitcher.tsx"
2026-02-10T06:57:38.440755Z  INFO tailwindcss_oxide::scanner: Reading "D:\\Gawean Rebinmas\\Schedule Tracker\\schedule-tracker\\components\\notifications\\.gitkeep"
2026-02-10T06:57:38.440835Z  INFO tailwindcss_oxide::scanner: Reading "D:\\Gawean Rebinmas\\Schedule Tracker\\schedule-tracker\\components\\notifications\\DeadlineAlertBar.tsx"
2026-02-10T06:57:38.441510Z  INFO tailwindcss_oxide::scanner: Reading "D:\\Gawean Rebinmas\\Schedule Tracker\\schedule-tracker\\components\\QuickActions.tsx"
2026-02-10T06:57:38.441734Z  INFO tailwindcss_oxide::scanner: Reading "D:\\Gawean Rebinmas\\Schedule Tracker\\schedule-tracker\\components\\RichTextEditor.tsx"
2026-02-10T06:57:38.442264Z  INFO tailwindcss_oxide::scanner: Reading "D:\\Gawean Rebinmas\\Schedule Tracker\\schedule-tracker\\components\\Sidebar.tsx"
2026-02-10T06:57:38.458294Z  INFO tailwindcss_oxide::scanner: Reading "D:\\Gawean Rebinmas\\Schedule Tracker\\schedule-tracker\\prisma\\migrations\\20260210011223_add_auth_fields\\migration.sql"
2026-02-10T06:57:38.460259Z  INFO tailwindcss_oxide::scanner: Reading "D:\\Gawean Rebinmas\\Schedule Tracker\\schedule-tracker\\public\\file.svg"
2026-02-10T06:57:38.463610Z  INFO tailwindcss_oxide::scanner: Reading "D:\\Gawean Rebinmas\\Schedule Tracker\\schedule-tracker\\commit-and-push.sh"
2026-02-10T06:57:38.464251Z  INFO tailwindcss_oxide::scanner: Reading "D:\\Gawean Rebinmas\\Schedule Tracker\\schedule-tracker\\docs\\plans\\2026-02-09-schedule-tracker-implementation.md"
2026-02-10T06:57:38.465822Z  INFO tailwindcss_oxide::scanner: Reading "D:\\Gawean Rebinmas\\Schedule Tracker\\schedule-tracker\\commit-and-push.ps1"
2026-02-10T06:57:38.465880Z  INFO tailwindcss_oxide::scanner: Reading "D:\\Gawean Rebinmas\\Schedule Tracker\\schedule-tracker\\app\\actions\\dashboard.ts"
2026-02-10T06:57:38.466067Z  INFO tailwindcss_oxide::scanner: Reading "D:\\Gawean Rebinmas\\Schedule Tracker\\schedule-tracker\\app\\projects\\[id]\\board\\BoardPageClient.tsx"
2026-02-10T06:57:38.466190Z  INFO tailwindcss_oxide::scanner: Reading "D:\\Gawean Rebinmas\\Schedule Tracker\\schedule-tracker\\app\\api\\logout\\route.ts"
2026-02-10T06:57:38.466283Z  INFO tailwindcss_oxide::scanner: Reading "D:\\Gawean Rebinmas\\Schedule Tracker\\schedule-tracker\\app\\api\\projects\\route.ts"
2026-02-10T06:57:38.466283Z  INFO tailwindcss_oxide::scanner: Reading "D:\\Gawean Rebinmas\\Schedule Tracker\\schedule-tracker\\lib\\api\\tasks.ts"
2026-02-10T06:57:38.466665Z  INFO tailwindcss_oxide::scanner: Reading "D:\\Gawean Rebinmas\\Schedule Tracker\\schedule-tracker\\app\\actions\\auth.ts"
2026-02-10T06:57:38.466823Z  INFO tailwindcss_oxide::scanner: Reading "D:\\Gawean Rebinmas\\Schedule Tracker\\schedule-tracker\\components\\ui\\use-toast.ts"
2026-02-10T06:57:38.468206Z  INFO tailwindcss_oxide::scanner: Reading "D:\\Gawean Rebinmas\\Schedule Tracker\\schedule-tracker\\components\\ui\\skeleton.tsx"
2026-02-10T06:57:38.468525Z  INFO tailwindcss_oxide::scanner: Reading "D:\\Gawean Rebinmas\\Schedule Tracker\\schedule-tracker\\commit-and-push.js"
2026-02-10T06:57:38.468721Z  INFO tailwindcss_oxide::scanner: Reading "D:\\Gawean Rebinmas\\Schedule Tracker\\schedule-tracker\\lib\\api\\projects.ts"
2026-02-10T06:57:38.469280Z  INFO tailwindcss_oxide::scanner: Reading "D:\\Gawean Rebinmas\\Schedule Tracker\\schedule-tracker\\AUTOMATED_COMMIT_README.md"
2026-02-10T06:57:38.469841Z  INFO tailwindcss_oxide::scanner: Reading "D:\\Gawean Rebinmas\\Schedule Tracker\\schedule-tracker\\lib\\utils.ts"
2026-02-10T06:57:38.470302Z  INFO tailwindcss_oxide::scanner: Reading "D:\\Gawean Rebinmas\\Schedule Tracker\\schedule-tracker\\middleware.ts"
2026-02-10T06:57:38.470781Z  INFO tailwindcss_oxide::scanner: Reading "D:\\Gawean Rebinmas\\Schedule Tracker\\schedule-tracker\\next.config.ts"
2026-02-10T06:57:38.470856Z  INFO tailwindcss_oxide::scanner: Reading "D:\\Gawean Rebinmas\\Schedule Tracker\\schedule-tracker\\app\\projects\\[id]\\ProjectBoardClient.tsx"
2026-02-10T06:57:38.470886Z  INFO tailwindcss_oxide::scanner: Reading "D:\\Gawean Rebinmas\\Schedule Tracker\\schedule-tracker\\package.json"
2026-02-10T06:57:38.470959Z  INFO tailwindcss_oxide::scanner: Reading "D:\\Gawean Rebinmas\\Schedule Tracker\\schedule-tracker\\postcss.config.mjs"
2026-02-10T06:57:38.478823Z  INFO tailwindcss_oxide::scanner: Reading "D:\\Gawean Rebinmas\\Schedule Tracker\\schedule-tracker\\app\\actions\\task.ts"
2026-02-10T06:57:38.478982Z  INFO tailwindcss_oxide::scanner: Reading "D:\\Gawean Rebinmas\\Schedule Tracker\\schedule-tracker\\lib\\prisma.ts"
2026-02-10T06:57:38.480929Z  INFO tailwindcss_oxide::scanner: Reading "D:\\Gawean Rebinmas\\Schedule Tracker\\schedule-tracker\\public\\globe.svg"
2026-02-10T06:57:38.486491Z  INFO tailwindcss_oxide::scanner: Reading "D:\\Gawean Rebinmas\\Schedule Tracker\\schedule-tracker\\prisma\\migrations\\migration_lock.toml"
2026-02-10T06:57:38.497939Z  INFO tailwindcss_oxide::scanner: Reading "D:\\Gawean Rebinmas\\Schedule Tracker\\schedule-tracker\\public\\next.svg"
2026-02-10T06:57:38.498048Z  INFO tailwindcss_oxide::scanner: Reading "D:\\Gawean Rebinmas\\Schedule Tracker\\schedule-tracker\\public\\uploads\\.gitkeep"
2026-02-10T06:57:38.499152Z  INFO tailwindcss_oxide::scanner: Reading "D:\\Gawean Rebinmas\\Schedule Tracker\\schedule-tracker\\prisma\\migrations\\20260209082144_init\\migration.sql"
2026-02-10T06:57:38.499939Z  INFO tailwindcss_oxide::scanner: Reading "D:\\Gawean Rebinmas\\Schedule Tracker\\schedule-tracker\\components\\users\\user-list.tsx"
2026-02-10T06:57:38.502573Z  INFO tailwindcss_oxide::scanner: Reading "D:\\Gawean Rebinmas\\Schedule Tracker\\schedule-tracker\\commit-and-push.bat"
2026-02-10T06:57:38.503555Z  INFO tailwindcss_oxide::scanner: Reading "D:\\Gawean Rebinmas\\Schedule Tracker\\schedule-tracker\\eslint.config.mjs"
2026-02-10T06:57:38.504117Z  INFO tailwindcss_oxide::scanner: Reading "D:\\Gawean Rebinmas\\Schedule Tracker\\schedule-tracker\\lib\\api\\statuses.ts"
2026-02-10T06:57:38.509469Z  INFO tailwindcss_oxide::scanner: Reading "D:\\Gawean Rebinmas\\Schedule Tracker\\schedule-tracker\\lib\\theme-utils.ts"
2026-02-10T06:57:38.514407Z  INFO tailwindcss_oxide::scanner: Reading "D:\\Gawean Rebinmas\\Schedule Tracker\\schedule-tracker\\public\\vercel.svg"
2026-02-10T06:57:38.520876Z  INFO tailwindcss_oxide::scanner: Reading "D:\\Gawean Rebinmas\\Schedule Tracker\\schedule-tracker\\prisma\\migrations\\20260209155443_fix_comment_updated_at_default\\migration.sql"
2026-02-10T06:57:38.521316Z  INFO tailwindcss_oxide::scanner: Reading "D:\\Gawean Rebinmas\\Schedule Tracker\\schedule-tracker\\components\\ui\\toast.tsx"
2026-02-10T06:57:38.521560Z  INFO tailwindcss_oxide::scanner: Reading "D:\\Gawean Rebinmas\\Schedule Tracker\\schedule-tracker\\tsconfig.json"
2026-02-10T06:57:38.528379Z  INFO tailwindcss_oxide::scanner: Reading "D:\\Gawean Rebinmas\\Schedule Tracker\\schedule-tracker\\public\\window.svg"
2026-02-10T06:57:38.529468Z  INFO tailwindcss_oxide::scanner: Reading "D:\\Gawean Rebinmas\\Schedule Tracker\\schedule-tracker\\app\\actions\\user.ts"
2026-02-10T06:57:38.532108Z  INFO tailwindcss_oxide::scanner: Reading "D:\\Gawean Rebinmas\\Schedule Tracker\\schedule-tracker\\components\\ui\\toaster.tsx"
2026-02-10T06:57:38.536378Z  INFO tailwindcss_oxide::scanner: Reading "D:\\Gawean Rebinmas\\Schedule Tracker\\schedule-tracker\\components\\ui\\textarea.tsx"
2026-02-10T06:57:38.541056Z  INFO tailwindcss_oxide::scanner: Reading "D:\\Gawean Rebinmas\\Schedule Tracker\\schedule-tracker\\prisma\\migrations\\20260210032854_add_project_priority\\migration.sql"
2026-02-10T06:57:38.545990Z  INFO tailwindcss_oxide::scanner: Reading "D:\\Gawean Rebinmas\\Schedule Tracker\\schedule-tracker\\prisma\\seed.ts"
2026-02-10T06:57:38.550463Z  INFO tailwindcss_oxide::scanner: Reading "D:\\Gawean Rebinmas\\Schedule Tracker\\schedule-tracker\\components\\ui\\tooltip.tsx"
2026-02-10T06:57:38.554768Z  INFO tailwindcss_oxide::scanner: Reading "D:\\Gawean Rebinmas\\Schedule Tracker\\schedule-tracker\\components\\users\\add-user-dialog.tsx"
2026-02-10T06:57:38.555521Z  INFO tailwindcss_oxide::scanner: Reading "D:\\Gawean Rebinmas\\Schedule Tracker\\schedule-tracker\\lib\\auth.ts"
2026-02-10T06:57:38.556584Z  INFO tailwindcss_oxide::scanner: Reading "D:\\Gawean Rebinmas\\Schedule Tracker\\schedule-tracker\\prisma\\migrations\\20260210034845_add_project_banner\\migration.sql"
2026-02-10T06:57:38.556753Z  INFO tailwindcss_oxide::scanner: Reading "D:\\Gawean Rebinmas\\Schedule Tracker\\schedule-tracker\\prisma\\migrations\\20260209154500_add_documentation_attachments_comments\\migration.sql"
2026-02-10T06:57:38.558060Z  INFO tailwindcss_oxide::scanner: Reading "D:\\Gawean Rebinmas\\Schedule Tracker\\schedule-tracker\\lib\\api\\users.ts"
2026-02-10T06:57:38.558126Z  INFO tailwindcss_oxide::scanner: Reading "D:\\Gawean Rebinmas\\Schedule Tracker\\schedule-tracker\\lib\\deadline-utils.ts"
2026-02-10T06:57:38.559965Z  INFO tailwindcss_oxide::scanner: Reading "D:\\Gawean Rebinmas\\Schedule Tracker\\schedule-tracker\\docs\\plans\\2026-02-09-schedule-tracker-2.0-design.md"
2026-02-10T06:57:38.561714Z  INFO tailwindcss_oxide::scanner: Reading "D:\\Gawean Rebinmas\\Schedule Tracker\\schedule-tracker\\prisma\\schema.prisma"
2026-02-10T06:57:38.563662Z  INFO tailwindcss_oxide::scanner: Reading "D:\\Gawean Rebinmas\\Schedule Tracker\\schedule-tracker\\lib\\editor-utils.ts"
2026-02-10T06:57:38.565913Z  INFO tailwindcss_oxide::scanner: Reading "D:\\Gawean Rebinmas\\Schedule Tracker\\schedule-tracker\\README.md"
2026-02-10T06:57:38.577991Z  INFO tailwindcss_oxide::scanner: Reading "D:\\Gawean Rebinmas\\Schedule Tracker\\schedule-tracker\\prisma\\seed.js"
2026-02-10T06:57:38.578222Z  INFO extract_candidates:read_all_files: tailwindcss_oxide::scanner: exit
2026-02-10T06:57:38.578234Z  INFO extract_candidates:parse_all_blobs: tailwindcss_oxide::scanner: enter
2026-02-10T06:57:38.578238Z  INFO extract_candidates:parse_all_blobs:extract: tailwindcss_oxide::scanner: enter
2026-02-10T06:57:38.580787Z  INFO extract_candidates:parse_all_blobs:extract: tailwindcss_oxide::scanner: exit
2026-02-10T06:57:38.580844Z  INFO extract_candidates:parse_all_blobs: tailwindcss_oxide::scanner: exit
2026-02-10T06:57:38.580852Z  INFO extract_candidates:read_all_files: tailwindcss_oxide::scanner: enter
2026-02-10T06:57:38.580856Z  INFO extract_candidates:read_all_files: tailwindcss_oxide::scanner: Reading 1 file(s)
2026-02-10T06:57:38.581015Z  INFO extract_candidates:read_all_files: tailwindcss_oxide::scanner: Reading "D:\\Gawean Rebinmas\\Schedule Tracker\\schedule-tracker\\app\\globals.css"
2026-02-10T06:57:38.581028Z  INFO extract_candidates:read_all_files: tailwindcss_oxide::scanner: exit
2026-02-10T06:57:38.581042Z  INFO extract_candidates:extract_css_variables: tailwindcss_oxide::scanner: enter
2026-02-10T06:57:38.581045Z  INFO extract_candidates:extract_css_variables:extract: tailwindcss_oxide::scanner: enter
2026-02-10T06:57:38.581188Z  INFO extract_candidates:extract_css_variables:extract: tailwindcss_oxide::scanner: exit
2026-02-10T06:57:38.581210Z  INFO extract_candidates:extract_css_variables: tailwindcss_oxide::scanner: exit
2026-02-10T06:57:38.581906Z  INFO extract_candidates: tailwindcss_oxide::scanner: exit
2026-02-10T06:57:38.582839Z  INFO get_files: tailwindcss_oxide::scanner: enter
2026-02-10T06:57:38.582850Z  INFO get_files:scan_sources: tailwindcss_oxide::scanner: enter
2026-02-10T06:57:38.584004Z  INFO get_files:scan_sources: tailwindcss_oxide::scanner: Discovering "D:\\Gawean Rebinmas\\Schedule Tracker\\schedule-tracker\\app"
2026-02-10T06:57:38.584129Z  INFO get_files:scan_sources: tailwindcss_oxide::scanner: Discovering "D:\\Gawean Rebinmas\\Schedule Tracker\\schedule-tracker\\app\\actions"
2026-02-10T06:57:38.584385Z  INFO get_files:scan_sources: tailwindcss_oxide::scanner: Discovering "D:\\Gawean Rebinmas\\Schedule Tracker\\schedule-tracker\\app\\api"
2026-02-10T06:57:38.584496Z  INFO get_files:scan_sources: tailwindcss_oxide::scanner: Discovering "D:\\Gawean Rebinmas\\Schedule Tracker\\schedule-tracker\\app\\api\\logout"
2026-02-10T06:57:38.584639Z  INFO get_files:scan_sources: tailwindcss_oxide::scanner: Discovering "D:\\Gawean Rebinmas\\Schedule Tracker\\schedule-tracker\\app\\api\\projects"
2026-02-10T06:57:38.584775Z  INFO get_files:scan_sources: tailwindcss_oxide::scanner: Discovering "D:\\Gawean Rebinmas\\Schedule Tracker\\schedule-tracker\\app\\api\\projects\\[id]"
2026-02-10T06:57:38.584899Z  INFO get_files:scan_sources: tailwindcss_oxide::scanner: Discovering "D:\\Gawean Rebinmas\\Schedule Tracker\\schedule-tracker\\app\\api\\projects\\[id]\\canvas"
2026-02-10T06:57:38.585044Z  INFO get_files:scan_sources: tailwindcss_oxide::scanner: Discovering "D:\\Gawean Rebinmas\\Schedule Tracker\\schedule-tracker\\app\\api\\projects\\[id]\\dashboard"
2026-02-10T06:57:38.585238Z  INFO get_files:scan_sources: tailwindcss_oxide::scanner: Discovering "D:\\Gawean Rebinmas\\Schedule Tracker\\schedule-tracker\\app\\api\\seed"
2026-02-10T06:57:38.585375Z  INFO get_files:scan_sources: tailwindcss_oxide::scanner: Discovering "D:\\Gawean Rebinmas\\Schedule Tracker\\schedule-tracker\\app\\api\\statuses"
2026-02-10T06:57:38.585532Z  INFO get_files:scan_sources: tailwindcss_oxide::scanner: Discovering "D:\\Gawean Rebinmas\\Schedule Tracker\\schedule-tracker\\app\\api\\tasks"
2026-02-10T06:57:38.585667Z  INFO get_files:scan_sources: tailwindcss_oxide::scanner: Discovering "D:\\Gawean Rebinmas\\Schedule Tracker\\schedule-tracker\\app\\api\\tasks\\[id]"
2026-02-10T06:57:38.585815Z  INFO get_files:scan_sources: tailwindcss_oxide::scanner: Discovering "D:\\Gawean Rebinmas\\Schedule Tracker\\schedule-tracker\\app\\api\\user"
2026-02-10T06:57:38.585963Z  INFO get_files:scan_sources: tailwindcss_oxide::scanner: Discovering "D:\\Gawean Rebinmas\\Schedule Tracker\\schedule-tracker\\app\\auth"
2026-02-10T06:57:38.586196Z  INFO get_files:scan_sources: tailwindcss_oxide::scanner: Discovering "D:\\Gawean Rebinmas\\Schedule Tracker\\schedule-tracker\\app\\auth\\login"
2026-02-10T06:57:38.586389Z  INFO get_files:scan_sources: tailwindcss_oxide::scanner: Discovering "D:\\Gawean Rebinmas\\Schedule Tracker\\schedule-tracker\\app\\auth\\register"
2026-02-10T06:57:38.586614Z  INFO get_files:scan_sources: tailwindcss_oxide::scanner: Discovering "D:\\Gawean Rebinmas\\Schedule Tracker\\schedule-tracker\\app\\dashboard"
2026-02-10T06:57:38.586953Z  INFO get_files:scan_sources: tailwindcss_oxide::scanner: Discovering "D:\\Gawean Rebinmas\\Schedule Tracker\\schedule-tracker\\app\\projects"
2026-02-10T06:57:38.587149Z  INFO get_files:scan_sources: tailwindcss_oxide::scanner: Discovering "D:\\Gawean Rebinmas\\Schedule Tracker\\schedule-tracker\\app\\projects\\[id]"
2026-02-10T06:57:38.587314Z  INFO get_files:scan_sources: tailwindcss_oxide::scanner: Discovering "D:\\Gawean Rebinmas\\Schedule Tracker\\schedule-tracker\\app\\projects\\[id]\\board"
2026-02-10T06:57:38.587496Z  INFO get_files:scan_sources: tailwindcss_oxide::scanner: Discovering "D:\\Gawean Rebinmas\\Schedule Tracker\\schedule-tracker\\app\\projects\\[id]\\board\\[taskId]"
2026-02-10T06:57:38.587671Z  INFO get_files:scan_sources: tailwindcss_oxide::scanner: Discovering "D:\\Gawean Rebinmas\\Schedule Tracker\\schedule-tracker\\app\\projects\\[id]\\dashboard"
2026-02-10T06:57:38.587866Z  INFO get_files:scan_sources: tailwindcss_oxide::scanner: Discovering "D:\\Gawean Rebinmas\\Schedule Tracker\\schedule-tracker\\app\\settings"
2026-02-10T06:57:38.588003Z  INFO get_files:scan_sources: tailwindcss_oxide::scanner: Discovering "D:\\Gawean Rebinmas\\Schedule Tracker\\schedule-tracker\\app\\users"
2026-02-10T06:57:38.588298Z  INFO get_files:scan_sources: tailwindcss_oxide::scanner: Discovering "D:\\Gawean Rebinmas\\Schedule Tracker\\schedule-tracker\\components"
2026-02-10T06:57:38.588439Z  INFO get_files:scan_sources: tailwindcss_oxide::scanner: Discovering "D:\\Gawean Rebinmas\\Schedule Tracker\\schedule-tracker\\components\\auth"
2026-02-10T06:57:38.588695Z  INFO get_files:scan_sources: tailwindcss_oxide::scanner: Discovering "D:\\Gawean Rebinmas\\Schedule Tracker\\schedule-tracker\\components\\dashboard"
2026-02-10T06:57:38.588882Z  INFO get_files:scan_sources: tailwindcss_oxide::scanner: Discovering "D:\\Gawean Rebinmas\\Schedule Tracker\\schedule-tracker\\components\\editor"
2026-02-10T06:57:38.589036Z  INFO get_files:scan_sources: tailwindcss_oxide::scanner: Discovering "D:\\Gawean Rebinmas\\Schedule Tracker\\schedule-tracker\\components\\editor\\components"
2026-02-10T06:57:38.589234Z  INFO get_files:scan_sources: tailwindcss_oxide::scanner: Discovering "D:\\Gawean Rebinmas\\Schedule Tracker\\schedule-tracker\\components\\kanban"
2026-02-10T06:57:38.589510Z  INFO get_files:scan_sources: tailwindcss_oxide::scanner: Discovering "D:\\Gawean Rebinmas\\Schedule Tracker\\schedule-tracker\\components\\notifications"
2026-02-10T06:57:38.589730Z  INFO get_files:scan_sources: tailwindcss_oxide::scanner: Discovering "D:\\Gawean Rebinmas\\Schedule Tracker\\schedule-tracker\\components\\shared"
2026-02-10T06:57:38.589894Z  INFO get_files:scan_sources: tailwindcss_oxide::scanner: Discovering "D:\\Gawean Rebinmas\\Schedule Tracker\\schedule-tracker\\components\\task"
2026-02-10T06:57:38.590174Z  INFO get_files:scan_sources: tailwindcss_oxide::scanner: Discovering "D:\\Gawean Rebinmas\\Schedule Tracker\\schedule-tracker\\components\\ui"
2026-02-10T06:57:38.590626Z  INFO get_files:scan_sources: tailwindcss_oxide::scanner: Discovering "D:\\Gawean Rebinmas\\Schedule Tracker\\schedule-tracker\\components\\users"
2026-02-10T06:57:38.590813Z  INFO get_files:scan_sources: tailwindcss_oxide::scanner: Discovering "D:\\Gawean Rebinmas\\Schedule Tracker\\schedule-tracker\\docs"
2026-02-10T06:57:38.590916Z  INFO get_files:scan_sources: tailwindcss_oxide::scanner: Discovering "D:\\Gawean Rebinmas\\Schedule Tracker\\schedule-tracker\\docs\\plans"
2026-02-10T06:57:38.591115Z  INFO get_files:scan_sources: tailwindcss_oxide::scanner: Discovering "D:\\Gawean Rebinmas\\Schedule Tracker\\schedule-tracker\\lib"
2026-02-10T06:57:38.591220Z  INFO get_files:scan_sources: tailwindcss_oxide::scanner: Discovering "D:\\Gawean Rebinmas\\Schedule Tracker\\schedule-tracker\\lib\\api"
2026-02-10T06:57:38.591809Z  INFO get_files:scan_sources: tailwindcss_oxide::scanner: Discovering "D:\\Gawean Rebinmas\\Schedule Tracker\\schedule-tracker\\prisma"
2026-02-10T06:57:38.591919Z  INFO get_files:scan_sources: tailwindcss_oxide::scanner: Discovering "D:\\Gawean Rebinmas\\Schedule Tracker\\schedule-tracker\\prisma\\migrations"
2026-02-10T06:57:38.592026Z  INFO get_files:scan_sources: tailwindcss_oxide::scanner: Discovering "D:\\Gawean Rebinmas\\Schedule Tracker\\schedule-tracker\\prisma\\migrations\\20260209082144_init"
2026-02-10T06:57:38.592175Z  INFO get_files:scan_sources: tailwindcss_oxide::scanner: Discovering "D:\\Gawean Rebinmas\\Schedule Tracker\\schedule-tracker\\prisma\\migrations\\20260209154500_add_documentation_attachments_comments"
2026-02-10T06:57:38.592323Z  INFO get_files:scan_sources: tailwindcss_oxide::scanner: Discovering "D:\\Gawean Rebinmas\\Schedule Tracker\\schedule-tracker\\prisma\\migrations\\20260209155443_fix_comment_updated_at_default"
2026-02-10T06:57:38.592465Z  INFO get_files:scan_sources: tailwindcss_oxide::scanner: Discovering "D:\\Gawean Rebinmas\\Schedule Tracker\\schedule-tracker\\prisma\\migrations\\20260210011223_add_auth_fields"
2026-02-10T06:57:38.592601Z  INFO get_files:scan_sources: tailwindcss_oxide::scanner: Discovering "D:\\Gawean Rebinmas\\Schedule Tracker\\schedule-tracker\\prisma\\migrations\\20260210032854_add_project_priority"
2026-02-10T06:57:38.592737Z  INFO get_files:scan_sources: tailwindcss_oxide::scanner: Discovering "D:\\Gawean Rebinmas\\Schedule Tracker\\schedule-tracker\\prisma\\migrations\\20260210034845_add_project_banner"
2026-02-10T06:57:38.593077Z  INFO get_files:scan_sources: tailwindcss_oxide::scanner: Discovering "D:\\Gawean Rebinmas\\Schedule Tracker\\schedule-tracker\\public"
2026-02-10T06:57:38.593338Z  INFO get_files:scan_sources: tailwindcss_oxide::scanner: Discovering "D:\\Gawean Rebinmas\\Schedule Tracker\\schedule-tracker\\public\\uploads"
2026-02-10T06:57:38.593640Z  INFO get_files:scan_sources: tailwindcss_oxide::scanner: exit
2026-02-10T06:57:38.593769Z  INFO get_files: tailwindcss_oxide::scanner: exit
2026-02-10T06:57:38.594091Z  INFO get_globs: tailwindcss_oxide::scanner: enter
2026-02-10T06:57:38.594098Z  INFO get_globs:scan_sources: tailwindcss_oxide::scanner: enter
2026-02-10T06:57:38.595163Z  INFO get_globs:scan_sources: tailwindcss_oxide::scanner: Discovering "D:\\Gawean Rebinmas\\Schedule Tracker\\schedule-tracker\\app"
2026-02-10T06:57:38.595297Z  INFO get_globs:scan_sources: tailwindcss_oxide::scanner: Discovering "D:\\Gawean Rebinmas\\Schedule Tracker\\schedule-tracker\\app\\actions"
2026-02-10T06:57:38.595560Z  INFO get_globs:scan_sources: tailwindcss_oxide::scanner: Discovering "D:\\Gawean Rebinmas\\Schedule Tracker\\schedule-tracker\\app\\api"
2026-02-10T06:57:38.595673Z  INFO get_globs:scan_sources: tailwindcss_oxide::scanner: Discovering "D:\\Gawean Rebinmas\\Schedule Tracker\\schedule-tracker\\app\\api\\logout"
2026-02-10T06:57:38.595815Z  INFO get_globs:scan_sources: tailwindcss_oxide::scanner: Discovering "D:\\Gawean Rebinmas\\Schedule Tracker\\schedule-tracker\\app\\api\\projects"
2026-02-10T06:57:38.595951Z  INFO get_globs:scan_sources: tailwindcss_oxide::scanner: Discovering "D:\\Gawean Rebinmas\\Schedule Tracker\\schedule-tracker\\app\\api\\projects\\[id]"
2026-02-10T06:57:38.596061Z  INFO get_globs:scan_sources: tailwindcss_oxide::scanner: Discovering "D:\\Gawean Rebinmas\\Schedule Tracker\\schedule-tracker\\app\\api\\projects\\[id]\\canvas"
2026-02-10T06:57:38.596202Z  INFO get_globs:scan_sources: tailwindcss_oxide::scanner: Discovering "D:\\Gawean Rebinmas\\Schedule Tracker\\schedule-tracker\\app\\api\\projects\\[id]\\dashboard"
2026-02-10T06:57:38.596385Z  INFO get_globs:scan_sources: tailwindcss_oxide::scanner: Discovering "D:\\Gawean Rebinmas\\Schedule Tracker\\schedule-tracker\\app\\api\\seed"
2026-02-10T06:57:38.596521Z  INFO get_globs:scan_sources: tailwindcss_oxide::scanner: Discovering "D:\\Gawean Rebinmas\\Schedule Tracker\\schedule-tracker\\app\\api\\statuses"
2026-02-10T06:57:38.596657Z  INFO get_globs:scan_sources: tailwindcss_oxide::scanner: Discovering "D:\\Gawean Rebinmas\\Schedule Tracker\\schedule-tracker\\app\\api\\tasks"
2026-02-10T06:57:38.596782Z  INFO get_globs:scan_sources: tailwindcss_oxide::scanner: Discovering "D:\\Gawean Rebinmas\\Schedule Tracker\\schedule-tracker\\app\\api\\tasks\\[id]"
2026-02-10T06:57:38.596927Z  INFO get_globs:scan_sources: tailwindcss_oxide::scanner: Discovering "D:\\Gawean Rebinmas\\Schedule Tracker\\schedule-tracker\\app\\api\\user"
2026-02-10T06:57:38.597110Z  INFO get_globs:scan_sources: tailwindcss_oxide::scanner: Discovering "D:\\Gawean Rebinmas\\Schedule Tracker\\schedule-tracker\\app\\auth"
2026-02-10T06:57:38.597351Z  INFO get_globs:scan_sources: tailwindcss_oxide::scanner: Discovering "D:\\Gawean Rebinmas\\Schedule Tracker\\schedule-tracker\\app\\auth\\login"
2026-02-10T06:57:38.597585Z  INFO get_globs:scan_sources: tailwindcss_oxide::scanner: Discovering "D:\\Gawean Rebinmas\\Schedule Tracker\\schedule-tracker\\app\\auth\\register"
2026-02-10T06:57:38.597760Z  INFO get_globs:scan_sources: tailwindcss_oxide::scanner: Discovering "D:\\Gawean Rebinmas\\Schedule Tracker\\schedule-tracker\\app\\dashboard"
2026-02-10T06:57:38.598016Z  INFO get_globs:scan_sources: tailwindcss_oxide::scanner: Discovering "D:\\Gawean Rebinmas\\Schedule Tracker\\schedule-tracker\\app\\projects"
2026-02-10T06:57:38.598151Z  INFO get_globs:scan_sources: tailwindcss_oxide::scanner: Discovering "D:\\Gawean Rebinmas\\Schedule Tracker\\schedule-tracker\\app\\projects\\[id]"
2026-02-10T06:57:38.598263Z  INFO get_globs:scan_sources: tailwindcss_oxide::scanner: Discovering "D:\\Gawean Rebinmas\\Schedule Tracker\\schedule-tracker\\app\\projects\\[id]\\board"
2026-02-10T06:57:38.598425Z  INFO get_globs:scan_sources: tailwindcss_oxide::scanner: Discovering "D:\\Gawean Rebinmas\\Schedule Tracker\\schedule-tracker\\app\\projects\\[id]\\board\\[taskId]"
2026-02-10T06:57:38.598584Z  INFO get_globs:scan_sources: tailwindcss_oxide::scanner: Discovering "D:\\Gawean Rebinmas\\Schedule Tracker\\schedule-tracker\\app\\projects\\[id]\\dashboard"
2026-02-10T06:57:38.598777Z  INFO get_globs:scan_sources: tailwindcss_oxide::scanner: Discovering "D:\\Gawean Rebinmas\\Schedule Tracker\\schedule-tracker\\app\\settings"
2026-02-10T06:57:38.598920Z  INFO get_globs:scan_sources: tailwindcss_oxide::scanner: Discovering "D:\\Gawean Rebinmas\\Schedule Tracker\\schedule-tracker\\app\\users"
2026-02-10T06:57:38.599271Z  INFO get_globs:scan_sources: tailwindcss_oxide::scanner: Discovering "D:\\Gawean Rebinmas\\Schedule Tracker\\schedule-tracker\\components"
2026-02-10T06:57:38.599418Z  INFO get_globs:scan_sources: tailwindcss_oxide::scanner: Discovering "D:\\Gawean Rebinmas\\Schedule Tracker\\schedule-tracker\\components\\auth"
2026-02-10T06:57:38.599677Z  INFO get_globs:scan_sources: tailwindcss_oxide::scanner: Discovering "D:\\Gawean Rebinmas\\Schedule Tracker\\schedule-tracker\\components\\dashboard"
2026-02-10T06:57:38.599868Z  INFO get_globs:scan_sources: tailwindcss_oxide::scanner: Discovering "D:\\Gawean Rebinmas\\Schedule Tracker\\schedule-tracker\\components\\editor"
2026-02-10T06:57:38.600132Z  INFO get_globs:scan_sources: tailwindcss_oxide::scanner: Discovering "D:\\Gawean Rebinmas\\Schedule Tracker\\schedule-tracker\\components\\editor\\components"
2026-02-10T06:57:38.600411Z  INFO get_globs:scan_sources: tailwindcss_oxide::scanner: Discovering "D:\\Gawean Rebinmas\\Schedule Tracker\\schedule-tracker\\components\\kanban"
2026-02-10T06:57:38.600754Z  INFO get_globs:scan_sources: tailwindcss_oxide::scanner: Discovering "D:\\Gawean Rebinmas\\Schedule Tracker\\schedule-tracker\\components\\notifications"
2026-02-10T06:57:38.600988Z  INFO get_globs:scan_sources: tailwindcss_oxide::scanner: Discovering "D:\\Gawean Rebinmas\\Schedule Tracker\\schedule-tracker\\components\\shared"
2026-02-10T06:57:38.601184Z  INFO get_globs:scan_sources: tailwindcss_oxide::scanner: Discovering "D:\\Gawean Rebinmas\\Schedule Tracker\\schedule-tracker\\components\\task"
2026-02-10T06:57:38.601481Z  INFO get_globs:scan_sources: tailwindcss_oxide::scanner: Discovering "D:\\Gawean Rebinmas\\Schedule Tracker\\schedule-tracker\\components\\ui"
2026-02-10T06:57:38.601958Z  INFO get_globs:scan_sources: tailwindcss_oxide::scanner: Discovering "D:\\Gawean Rebinmas\\Schedule Tracker\\schedule-tracker\\components\\users"
2026-02-10T06:57:38.602146Z  INFO get_globs:scan_sources: tailwindcss_oxide::scanner: Discovering "D:\\Gawean Rebinmas\\Schedule Tracker\\schedule-tracker\\docs"
2026-02-10T06:57:38.602256Z  INFO get_globs:scan_sources: tailwindcss_oxide::scanner: Discovering "D:\\Gawean Rebinmas\\Schedule Tracker\\schedule-tracker\\docs\\plans"
2026-02-10T06:57:38.602470Z  INFO get_globs:scan_sources: tailwindcss_oxide::scanner: Discovering "D:\\Gawean Rebinmas\\Schedule Tracker\\schedule-tracker\\lib"
2026-02-10T06:57:38.602585Z  INFO get_globs:scan_sources: tailwindcss_oxide::scanner: Discovering "D:\\Gawean Rebinmas\\Schedule Tracker\\schedule-tracker\\lib\\api"
2026-02-10T06:57:38.603182Z  INFO get_globs:scan_sources: tailwindcss_oxide::scanner: Discovering "D:\\Gawean Rebinmas\\Schedule Tracker\\schedule-tracker\\prisma"
2026-02-10T06:57:38.603293Z  INFO get_globs:scan_sources: tailwindcss_oxide::scanner: Discovering "D:\\Gawean Rebinmas\\Schedule Tracker\\schedule-tracker\\prisma\\migrations"
2026-02-10T06:57:38.603403Z  INFO get_globs:scan_sources: tailwindcss_oxide::scanner: Discovering "D:\\Gawean Rebinmas\\Schedule Tracker\\schedule-tracker\\prisma\\migrations\\20260209082144_init"
2026-02-10T06:57:38.603561Z  INFO get_globs:scan_sources: tailwindcss_oxide::scanner: Discovering "D:\\Gawean Rebinmas\\Schedule Tracker\\schedule-tracker\\prisma\\migrations\\20260209154500_add_documentation_attachments_comments"
2026-02-10T06:57:38.603720Z  INFO get_globs:scan_sources: tailwindcss_oxide::scanner: Discovering "D:\\Gawean Rebinmas\\Schedule Tracker\\schedule-tracker\\prisma\\migrations\\20260209155443_fix_comment_updated_at_default"
2026-02-10T06:57:38.603869Z  INFO get_globs:scan_sources: tailwindcss_oxide::scanner: Discovering "D:\\Gawean Rebinmas\\Schedule Tracker\\schedule-tracker\\prisma\\migrations\\20260210011223_add_auth_fields"
2026-02-10T06:57:38.604010Z  INFO get_globs:scan_sources: tailwindcss_oxide::scanner: Discovering "D:\\Gawean Rebinmas\\Schedule Tracker\\schedule-tracker\\prisma\\migrations\\20260210032854_add_project_priority"
2026-02-10T06:57:38.604151Z  INFO get_globs:scan_sources: tailwindcss_oxide::scanner: Discovering "D:\\Gawean Rebinmas\\Schedule Tracker\\schedule-tracker\\prisma\\migrations\\20260210034845_add_project_banner"
2026-02-10T06:57:38.604443Z  INFO get_globs:scan_sources: tailwindcss_oxide::scanner: Discovering "D:\\Gawean Rebinmas\\Schedule Tracker\\schedule-tracker\\public"
2026-02-10T06:57:38.604641Z  INFO get_globs:scan_sources: tailwindcss_oxide::scanner: Discovering "D:\\Gawean Rebinmas\\Schedule Tracker\\schedule-tracker\\public\\uploads"
2026-02-10T06:57:38.604989Z  INFO get_globs:scan_sources: tailwindcss_oxide::scanner: exit
2026-02-10T06:57:38.612812Z  INFO get_globs: tailwindcss_oxide::scanner: exit
